
*** Running vivado
    with args -log top.vds -m64 -product Vivado -mode batch -messageDb vivado.pb -notrace -source top.tcl


****** Vivado v2017.2 (64-bit)
  **** SW Build 1909853 on Thu Jun 15 18:39:09 MDT 2017
  **** IP Build 1909766 on Thu Jun 15 19:58:00 MDT 2017
    ** Copyright 1986-2017 Xilinx, Inc. All Rights Reserved.

source top.tcl -notrace
Command: synth_design -top top -part xc7a35tcpg236-1
Starting synth_design
Attempting to get a license for feature 'Synthesis' and/or device 'xc7a35t-cpg236'
INFO: [Common 17-349] Got license for feature 'Synthesis' and/or device 'xc7a35t-cpg236'
INFO: Launching helper process for spawning children vivado processes
INFO: Helper process launched with PID 7628 
---------------------------------------------------------------------------------
Starting RTL Elaboration : Time (s): cpu = 00:00:04 ; elapsed = 00:00:04 . Memory (MB): peak = 377.805 ; gain = 79.980
---------------------------------------------------------------------------------
INFO: [Synth 8-638] synthesizing module 'top' [C:/Users/iarambururo/OneDrive - Mondragon Unibertsitatea/.cosas de clase/2020-2021/2.curso/Sistemas programables/Vivado/Serial-Basys3-main/RX_Serial/RX_Serial.srcs/sources_1/new/top.vhd:47]
INFO: [Synth 8-3491] module 'FrekuentziaZatitzailea' declared at 'C:/Users/iarambururo/OneDrive - Mondragon Unibertsitatea/.cosas de clase/2020-2021/2.curso/Sistemas programables/Vivado/Serial-Basys3-main/RX_Serial/RX_Serial.srcs/sources_1/new/FrekuentziaZatitzailea.vhd:15' bound to instance 'U1' of component 'FrekuentziaZatitzailea' [C:/Users/iarambururo/OneDrive - Mondragon Unibertsitatea/.cosas de clase/2020-2021/2.curso/Sistemas programables/Vivado/Serial-Basys3-main/RX_Serial/RX_Serial.srcs/sources_1/new/top.vhd:86]
INFO: [Synth 8-638] synthesizing module 'FrekuentziaZatitzailea' [C:/Users/iarambururo/OneDrive - Mondragon Unibertsitatea/.cosas de clase/2020-2021/2.curso/Sistemas programables/Vivado/Serial-Basys3-main/RX_Serial/RX_Serial.srcs/sources_1/new/FrekuentziaZatitzailea.vhd:20]
INFO: [Synth 8-256] done synthesizing module 'FrekuentziaZatitzailea' (1#1) [C:/Users/iarambururo/OneDrive - Mondragon Unibertsitatea/.cosas de clase/2020-2021/2.curso/Sistemas programables/Vivado/Serial-Basys3-main/RX_Serial/RX_Serial.srcs/sources_1/new/FrekuentziaZatitzailea.vhd:20]
INFO: [Synth 8-3491] module 'kcuart_rx' declared at 'C:/Users/iarambururo/OneDrive - Mondragon Unibertsitatea/.cosas de clase/2020-2021/2.curso/Sistemas programables/Vivado/Serial-Basys3-main/RX_Serial/RX_Serial.srcs/sources_1/imports/FITXATEGIAK/kcuart_rx.vhd:12' bound to instance 'U2' of component 'kcuart_rx' [C:/Users/iarambururo/OneDrive - Mondragon Unibertsitatea/.cosas de clase/2020-2021/2.curso/Sistemas programables/Vivado/Serial-Basys3-main/RX_Serial/RX_Serial.srcs/sources_1/new/top.vhd:90]
INFO: [Synth 8-638] synthesizing module 'kcuart_rx' [C:/Users/iarambururo/OneDrive - Mondragon Unibertsitatea/.cosas de clase/2020-2021/2.curso/Sistemas programables/Vivado/Serial-Basys3-main/RX_Serial/RX_Serial.srcs/sources_1/imports/FITXATEGIAK/kcuart_rx.vhd:23]
	Parameter INIT bound to: 1'b0 
INFO: [Synth 8-113] binding component instance 'sync_reg' to cell 'FD' [C:/Users/iarambururo/OneDrive - Mondragon Unibertsitatea/.cosas de clase/2020-2021/2.curso/Sistemas programables/Vivado/Serial-Basys3-main/RX_Serial/RX_Serial.srcs/sources_1/imports/FITXATEGIAK/kcuart_rx.vhd:67]
	Parameter INIT bound to: 1'b0 
INFO: [Synth 8-113] binding component instance 'stop_reg' to cell 'FD' [C:/Users/iarambururo/OneDrive - Mondragon Unibertsitatea/.cosas de clase/2020-2021/2.curso/Sistemas programables/Vivado/Serial-Basys3-main/RX_Serial/RX_Serial.srcs/sources_1/imports/FITXATEGIAK/kcuart_rx.vhd:72]
	Parameter INIT bound to: 16'b0000000000000000 
	Parameter IS_CLK_INVERTED bound to: 1'b0 
INFO: [Synth 8-113] binding component instance 'delay15_srl' to cell 'SRL16E' [C:/Users/iarambururo/OneDrive - Mondragon Unibertsitatea/.cosas de clase/2020-2021/2.curso/Sistemas programables/Vivado/Serial-Basys3-main/RX_Serial/RX_Serial.srcs/sources_1/imports/FITXATEGIAK/kcuart_rx.vhd:91]
	Parameter INIT bound to: 1'b0 
INFO: [Synth 8-113] binding component instance 'data_reg' to cell 'FDE' [C:/Users/iarambururo/OneDrive - Mondragon Unibertsitatea/.cosas de clase/2020-2021/2.curso/Sistemas programables/Vivado/Serial-Basys3-main/RX_Serial/RX_Serial.srcs/sources_1/imports/FITXATEGIAK/kcuart_rx.vhd:128]
	Parameter INIT bound to: 16'b0000000000000000 
	Parameter IS_CLK_INVERTED bound to: 1'b0 
INFO: [Synth 8-113] binding component instance 'delay15_srl' to cell 'SRL16E' [C:/Users/iarambururo/OneDrive - Mondragon Unibertsitatea/.cosas de clase/2020-2021/2.curso/Sistemas programables/Vivado/Serial-Basys3-main/RX_Serial/RX_Serial.srcs/sources_1/imports/FITXATEGIAK/kcuart_rx.vhd:91]
	Parameter INIT bound to: 1'b0 
INFO: [Synth 8-113] binding component instance 'data_reg' to cell 'FDE' [C:/Users/iarambururo/OneDrive - Mondragon Unibertsitatea/.cosas de clase/2020-2021/2.curso/Sistemas programables/Vivado/Serial-Basys3-main/RX_Serial/RX_Serial.srcs/sources_1/imports/FITXATEGIAK/kcuart_rx.vhd:128]
	Parameter INIT bound to: 16'b0000000000000000 
	Parameter IS_CLK_INVERTED bound to: 1'b0 
INFO: [Synth 8-113] binding component instance 'delay15_srl' to cell 'SRL16E' [C:/Users/iarambururo/OneDrive - Mondragon Unibertsitatea/.cosas de clase/2020-2021/2.curso/Sistemas programables/Vivado/Serial-Basys3-main/RX_Serial/RX_Serial.srcs/sources_1/imports/FITXATEGIAK/kcuart_rx.vhd:91]
	Parameter INIT bound to: 1'b0 
INFO: [Synth 8-113] binding component instance 'data_reg' to cell 'FDE' [C:/Users/iarambururo/OneDrive - Mondragon Unibertsitatea/.cosas de clase/2020-2021/2.curso/Sistemas programables/Vivado/Serial-Basys3-main/RX_Serial/RX_Serial.srcs/sources_1/imports/FITXATEGIAK/kcuart_rx.vhd:128]
	Parameter INIT bound to: 16'b0000000000000000 
	Parameter IS_CLK_INVERTED bound to: 1'b0 
INFO: [Synth 8-113] binding component instance 'delay15_srl' to cell 'SRL16E' [C:/Users/iarambururo/OneDrive - Mondragon Unibertsitatea/.cosas de clase/2020-2021/2.curso/Sistemas programables/Vivado/Serial-Basys3-main/RX_Serial/RX_Serial.srcs/sources_1/imports/FITXATEGIAK/kcuart_rx.vhd:91]
	Parameter INIT bound to: 1'b0 
INFO: [Synth 8-113] binding component instance 'data_reg' to cell 'FDE' [C:/Users/iarambururo/OneDrive - Mondragon Unibertsitatea/.cosas de clase/2020-2021/2.curso/Sistemas programables/Vivado/Serial-Basys3-main/RX_Serial/RX_Serial.srcs/sources_1/imports/FITXATEGIAK/kcuart_rx.vhd:128]
	Parameter INIT bound to: 16'b0000000000000000 
	Parameter IS_CLK_INVERTED bound to: 1'b0 
INFO: [Synth 8-113] binding component instance 'delay15_srl' to cell 'SRL16E' [C:/Users/iarambururo/OneDrive - Mondragon Unibertsitatea/.cosas de clase/2020-2021/2.curso/Sistemas programables/Vivado/Serial-Basys3-main/RX_Serial/RX_Serial.srcs/sources_1/imports/FITXATEGIAK/kcuart_rx.vhd:91]
	Parameter INIT bound to: 1'b0 
INFO: [Synth 8-113] binding component instance 'data_reg' to cell 'FDE' [C:/Users/iarambururo/OneDrive - Mondragon Unibertsitatea/.cosas de clase/2020-2021/2.curso/Sistemas programables/Vivado/Serial-Basys3-main/RX_Serial/RX_Serial.srcs/sources_1/imports/FITXATEGIAK/kcuart_rx.vhd:128]
	Parameter INIT bound to: 16'b0000000000000000 
	Parameter IS_CLK_INVERTED bound to: 1'b0 
INFO: [Synth 8-113] binding component instance 'delay15_srl' to cell 'SRL16E' [C:/Users/iarambururo/OneDrive - Mondragon Unibertsitatea/.cosas de clase/2020-2021/2.curso/Sistemas programables/Vivado/Serial-Basys3-main/RX_Serial/RX_Serial.srcs/sources_1/imports/FITXATEGIAK/kcuart_rx.vhd:91]
	Parameter INIT bound to: 1'b0 
INFO: [Synth 8-113] binding component instance 'data_reg' to cell 'FDE' [C:/Users/iarambururo/OneDrive - Mondragon Unibertsitatea/.cosas de clase/2020-2021/2.curso/Sistemas programables/Vivado/Serial-Basys3-main/RX_Serial/RX_Serial.srcs/sources_1/imports/FITXATEGIAK/kcuart_rx.vhd:128]
	Parameter INIT bound to: 16'b0000000000000000 
	Parameter IS_CLK_INVERTED bound to: 1'b0 
INFO: [Synth 8-113] binding component instance 'delay15_srl' to cell 'SRL16E' [C:/Users/iarambururo/OneDrive - Mondragon Unibertsitatea/.cosas de clase/2020-2021/2.curso/Sistemas programables/Vivado/Serial-Basys3-main/RX_Serial/RX_Serial.srcs/sources_1/imports/FITXATEGIAK/kcuart_rx.vhd:91]
	Parameter INIT bound to: 1'b0 
INFO: [Synth 8-113] binding component instance 'data_reg' to cell 'FDE' [C:/Users/iarambururo/OneDrive - Mondragon Unibertsitatea/.cosas de clase/2020-2021/2.curso/Sistemas programables/Vivado/Serial-Basys3-main/RX_Serial/RX_Serial.srcs/sources_1/imports/FITXATEGIAK/kcuart_rx.vhd:128]
	Parameter INIT bound to: 16'b0000000000000000 
	Parameter IS_CLK_INVERTED bound to: 1'b0 
INFO: [Synth 8-113] binding component instance 'delay15_srl' to cell 'SRL16E' [C:/Users/iarambururo/OneDrive - Mondragon Unibertsitatea/.cosas de clase/2020-2021/2.curso/Sistemas programables/Vivado/Serial-Basys3-main/RX_Serial/RX_Serial.srcs/sources_1/imports/FITXATEGIAK/kcuart_rx.vhd:113]
	Parameter INIT bound to: 1'b0 
INFO: [Synth 8-113] binding component instance 'data_reg' to cell 'FDE' [C:/Users/iarambururo/OneDrive - Mondragon Unibertsitatea/.cosas de clase/2020-2021/2.curso/Sistemas programables/Vivado/Serial-Basys3-main/RX_Serial/RX_Serial.srcs/sources_1/imports/FITXATEGIAK/kcuart_rx.vhd:128]
	Parameter INIT bound to: 16'b0000000000000000 
	Parameter IS_CLK_INVERTED bound to: 1'b0 
INFO: [Synth 8-113] binding component instance 'start_srl' to cell 'SRL16E' [C:/Users/iarambururo/OneDrive - Mondragon Unibertsitatea/.cosas de clase/2020-2021/2.curso/Sistemas programables/Vivado/Serial-Basys3-main/RX_Serial/RX_Serial.srcs/sources_1/imports/FITXATEGIAK/kcuart_rx.vhd:142]
	Parameter INIT bound to: 1'b0 
INFO: [Synth 8-113] binding component instance 'start_reg' to cell 'FDE' [C:/Users/iarambururo/OneDrive - Mondragon Unibertsitatea/.cosas de clase/2020-2021/2.curso/Sistemas programables/Vivado/Serial-Basys3-main/RX_Serial/RX_Serial.srcs/sources_1/imports/FITXATEGIAK/kcuart_rx.vhd:155]
	Parameter INIT bound to: 16'b0000000000000000 
	Parameter IS_CLK_INVERTED bound to: 1'b0 
INFO: [Synth 8-113] binding component instance 'edge_srl' to cell 'SRL16E' [C:/Users/iarambururo/OneDrive - Mondragon Unibertsitatea/.cosas de clase/2020-2021/2.curso/Sistemas programables/Vivado/Serial-Basys3-main/RX_Serial/RX_Serial.srcs/sources_1/imports/FITXATEGIAK/kcuart_rx.vhd:165]
	Parameter INIT bound to: 1'b0 
INFO: [Synth 8-113] binding component instance 'edge_reg' to cell 'FDE' [C:/Users/iarambururo/OneDrive - Mondragon Unibertsitatea/.cosas de clase/2020-2021/2.curso/Sistemas programables/Vivado/Serial-Basys3-main/RX_Serial/RX_Serial.srcs/sources_1/imports/FITXATEGIAK/kcuart_rx.vhd:178]
	Parameter INIT bound to: 16'b0000000001000000 
INFO: [Synth 8-113] binding component instance 'valid_lut' to cell 'LUT4' [C:/Users/iarambururo/OneDrive - Mondragon Unibertsitatea/.cosas de clase/2020-2021/2.curso/Sistemas programables/Vivado/Serial-Basys3-main/RX_Serial/RX_Serial.srcs/sources_1/imports/FITXATEGIAK/kcuart_rx.vhd:186]
	Parameter INIT bound to: 1'b0 
INFO: [Synth 8-113] binding component instance 'valid_reg' to cell 'FDE' [C:/Users/iarambururo/OneDrive - Mondragon Unibertsitatea/.cosas de clase/2020-2021/2.curso/Sistemas programables/Vivado/Serial-Basys3-main/RX_Serial/RX_Serial.srcs/sources_1/imports/FITXATEGIAK/kcuart_rx.vhd:196]
	Parameter INIT bound to: 8'b01010100 
INFO: [Synth 8-113] binding component instance 'purge_lut' to cell 'LUT3' [C:/Users/iarambururo/OneDrive - Mondragon Unibertsitatea/.cosas de clase/2020-2021/2.curso/Sistemas programables/Vivado/Serial-Basys3-main/RX_Serial/RX_Serial.srcs/sources_1/imports/FITXATEGIAK/kcuart_rx.vhd:204]
	Parameter INIT bound to: 1'b0 
INFO: [Synth 8-113] binding component instance 'purge_reg' to cell 'FDE' [C:/Users/iarambururo/OneDrive - Mondragon Unibertsitatea/.cosas de clase/2020-2021/2.curso/Sistemas programables/Vivado/Serial-Basys3-main/RX_Serial/RX_Serial.srcs/sources_1/imports/FITXATEGIAK/kcuart_rx.vhd:213]
	Parameter INIT bound to: 16'b0000000000000000 
	Parameter IS_CLK_INVERTED bound to: 1'b0 
INFO: [Synth 8-113] binding component instance 'delay15_srl' to cell 'SRL16E' [C:/Users/iarambururo/OneDrive - Mondragon Unibertsitatea/.cosas de clase/2020-2021/2.curso/Sistemas programables/Vivado/Serial-Basys3-main/RX_Serial/RX_Serial.srcs/sources_1/imports/FITXATEGIAK/kcuart_rx.vhd:234]
	Parameter INIT bound to: 1'b0 
INFO: [Synth 8-113] binding component instance 'data_reg' to cell 'FDE' [C:/Users/iarambururo/OneDrive - Mondragon Unibertsitatea/.cosas de clase/2020-2021/2.curso/Sistemas programables/Vivado/Serial-Basys3-main/RX_Serial/RX_Serial.srcs/sources_1/imports/FITXATEGIAK/kcuart_rx.vhd:271]
	Parameter INIT bound to: 16'b0000000000000000 
	Parameter IS_CLK_INVERTED bound to: 1'b0 
INFO: [Synth 8-113] binding component instance 'delay16_srl' to cell 'SRL16E' [C:/Users/iarambururo/OneDrive - Mondragon Unibertsitatea/.cosas de clase/2020-2021/2.curso/Sistemas programables/Vivado/Serial-Basys3-main/RX_Serial/RX_Serial.srcs/sources_1/imports/FITXATEGIAK/kcuart_rx.vhd:256]
	Parameter INIT bound to: 1'b0 
INFO: [Synth 8-113] binding component instance 'data_reg' to cell 'FDE' [C:/Users/iarambururo/OneDrive - Mondragon Unibertsitatea/.cosas de clase/2020-2021/2.curso/Sistemas programables/Vivado/Serial-Basys3-main/RX_Serial/RX_Serial.srcs/sources_1/imports/FITXATEGIAK/kcuart_rx.vhd:271]
	Parameter INIT bound to: 16'b0000000000000000 
	Parameter IS_CLK_INVERTED bound to: 1'b0 
INFO: [Synth 8-113] binding component instance 'delay16_srl' to cell 'SRL16E' [C:/Users/iarambururo/OneDrive - Mondragon Unibertsitatea/.cosas de clase/2020-2021/2.curso/Sistemas programables/Vivado/Serial-Basys3-main/RX_Serial/RX_Serial.srcs/sources_1/imports/FITXATEGIAK/kcuart_rx.vhd:256]
	Parameter INIT bound to: 1'b0 
INFO: [Synth 8-113] binding component instance 'data_reg' to cell 'FDE' [C:/Users/iarambururo/OneDrive - Mondragon Unibertsitatea/.cosas de clase/2020-2021/2.curso/Sistemas programables/Vivado/Serial-Basys3-main/RX_Serial/RX_Serial.srcs/sources_1/imports/FITXATEGIAK/kcuart_rx.vhd:271]
	Parameter INIT bound to: 16'b0000000000000000 
	Parameter IS_CLK_INVERTED bound to: 1'b0 
INFO: [Synth 8-113] binding component instance 'delay16_srl' to cell 'SRL16E' [C:/Users/iarambururo/OneDrive - Mondragon Unibertsitatea/.cosas de clase/2020-2021/2.curso/Sistemas programables/Vivado/Serial-Basys3-main/RX_Serial/RX_Serial.srcs/sources_1/imports/FITXATEGIAK/kcuart_rx.vhd:256]
	Parameter INIT bound to: 1'b0 
INFO: [Synth 8-113] binding component instance 'data_reg' to cell 'FDE' [C:/Users/iarambururo/OneDrive - Mondragon Unibertsitatea/.cosas de clase/2020-2021/2.curso/Sistemas programables/Vivado/Serial-Basys3-main/RX_Serial/RX_Serial.srcs/sources_1/imports/FITXATEGIAK/kcuart_rx.vhd:271]
	Parameter INIT bound to: 16'b0000000000000000 
	Parameter IS_CLK_INVERTED bound to: 1'b0 
INFO: [Synth 8-113] binding component instance 'delay16_srl' to cell 'SRL16E' [C:/Users/iarambururo/OneDrive - Mondragon Unibertsitatea/.cosas de clase/2020-2021/2.curso/Sistemas programables/Vivado/Serial-Basys3-main/RX_Serial/RX_Serial.srcs/sources_1/imports/FITXATEGIAK/kcuart_rx.vhd:256]
	Parameter INIT bound to: 1'b0 
INFO: [Synth 8-113] binding component instance 'data_reg' to cell 'FDE' [C:/Users/iarambururo/OneDrive - Mondragon Unibertsitatea/.cosas de clase/2020-2021/2.curso/Sistemas programables/Vivado/Serial-Basys3-main/RX_Serial/RX_Serial.srcs/sources_1/imports/FITXATEGIAK/kcuart_rx.vhd:271]
	Parameter INIT bound to: 16'b0000000000000000 
	Parameter IS_CLK_INVERTED bound to: 1'b0 
INFO: [Synth 8-113] binding component instance 'delay16_srl' to cell 'SRL16E' [C:/Users/iarambururo/OneDrive - Mondragon Unibertsitatea/.cosas de clase/2020-2021/2.curso/Sistemas programables/Vivado/Serial-Basys3-main/RX_Serial/RX_Serial.srcs/sources_1/imports/FITXATEGIAK/kcuart_rx.vhd:256]
	Parameter INIT bound to: 1'b0 
INFO: [Synth 8-113] binding component instance 'data_reg' to cell 'FDE' [C:/Users/iarambururo/OneDrive - Mondragon Unibertsitatea/.cosas de clase/2020-2021/2.curso/Sistemas programables/Vivado/Serial-Basys3-main/RX_Serial/RX_Serial.srcs/sources_1/imports/FITXATEGIAK/kcuart_rx.vhd:271]
	Parameter INIT bound to: 16'b0000000000000000 
	Parameter IS_CLK_INVERTED bound to: 1'b0 
INFO: [Synth 8-113] binding component instance 'delay16_srl' to cell 'SRL16E' [C:/Users/iarambururo/OneDrive - Mondragon Unibertsitatea/.cosas de clase/2020-2021/2.curso/Sistemas programables/Vivado/Serial-Basys3-main/RX_Serial/RX_Serial.srcs/sources_1/imports/FITXATEGIAK/kcuart_rx.vhd:256]
	Parameter INIT bound to: 1'b0 
INFO: [Synth 8-113] binding component instance 'data_reg' to cell 'FDE' [C:/Users/iarambururo/OneDrive - Mondragon Unibertsitatea/.cosas de clase/2020-2021/2.curso/Sistemas programables/Vivado/Serial-Basys3-main/RX_Serial/RX_Serial.srcs/sources_1/imports/FITXATEGIAK/kcuart_rx.vhd:271]
	Parameter INIT bound to: 16'b0000000000000000 
	Parameter IS_CLK_INVERTED bound to: 1'b0 
INFO: [Synth 8-113] binding component instance 'delay16_srl' to cell 'SRL16E' [C:/Users/iarambururo/OneDrive - Mondragon Unibertsitatea/.cosas de clase/2020-2021/2.curso/Sistemas programables/Vivado/Serial-Basys3-main/RX_Serial/RX_Serial.srcs/sources_1/imports/FITXATEGIAK/kcuart_rx.vhd:256]
	Parameter INIT bound to: 1'b0 
INFO: [Synth 8-113] binding component instance 'data_reg' to cell 'FDE' [C:/Users/iarambururo/OneDrive - Mondragon Unibertsitatea/.cosas de clase/2020-2021/2.curso/Sistemas programables/Vivado/Serial-Basys3-main/RX_Serial/RX_Serial.srcs/sources_1/imports/FITXATEGIAK/kcuart_rx.vhd:271]
	Parameter INIT bound to: 16'b0000000000000000 
	Parameter IS_CLK_INVERTED bound to: 1'b0 
INFO: [Synth 8-113] binding component instance 'delay16_srl' to cell 'SRL16E' [C:/Users/iarambururo/OneDrive - Mondragon Unibertsitatea/.cosas de clase/2020-2021/2.curso/Sistemas programables/Vivado/Serial-Basys3-main/RX_Serial/RX_Serial.srcs/sources_1/imports/FITXATEGIAK/kcuart_rx.vhd:256]
	Parameter INIT bound to: 1'b0 
INFO: [Synth 8-113] binding component instance 'data_reg' to cell 'FDE' [C:/Users/iarambururo/OneDrive - Mondragon Unibertsitatea/.cosas de clase/2020-2021/2.curso/Sistemas programables/Vivado/Serial-Basys3-main/RX_Serial/RX_Serial.srcs/sources_1/imports/FITXATEGIAK/kcuart_rx.vhd:271]
	Parameter INIT bound to: 4'b1000 
INFO: [Synth 8-113] binding component instance 'strobe_lut' to cell 'LUT2' [C:/Users/iarambururo/OneDrive - Mondragon Unibertsitatea/.cosas de clase/2020-2021/2.curso/Sistemas programables/Vivado/Serial-Basys3-main/RX_Serial/RX_Serial.srcs/sources_1/imports/FITXATEGIAK/kcuart_rx.vhd:281]
	Parameter INIT bound to: 1'b0 
INFO: [Synth 8-113] binding component instance 'strobe_reg' to cell 'FD' [C:/Users/iarambururo/OneDrive - Mondragon Unibertsitatea/.cosas de clase/2020-2021/2.curso/Sistemas programables/Vivado/Serial-Basys3-main/RX_Serial/RX_Serial.srcs/sources_1/imports/FITXATEGIAK/kcuart_rx.vhd:289]
WARNING: [Synth 8-2887] Directive 'init' on 'valid_lut' is unsupported and ignored
WARNING: [Synth 8-2887] Directive 'init' on 'purge_lut' is unsupported and ignored
WARNING: [Synth 8-2887] Directive 'init' on 'strobe_lut' is unsupported and ignored
INFO: [Synth 8-256] done synthesizing module 'kcuart_rx' (2#1) [C:/Users/iarambururo/OneDrive - Mondragon Unibertsitatea/.cosas de clase/2020-2021/2.curso/Sistemas programables/Vivado/Serial-Basys3-main/RX_Serial/RX_Serial.srcs/sources_1/imports/FITXATEGIAK/kcuart_rx.vhd:23]
INFO: [Synth 8-3491] module 'display7' declared at 'C:/Users/iarambururo/OneDrive - Mondragon Unibertsitatea/.cosas de clase/2020-2021/2.curso/Sistemas programables/Vivado/Serial-Basys3-main/RX_Serial/RX_Serial.srcs/sources_1/new/display7.vhd:34' bound to instance 'U3' of component 'display7' [C:/Users/iarambururo/OneDrive - Mondragon Unibertsitatea/.cosas de clase/2020-2021/2.curso/Sistemas programables/Vivado/Serial-Basys3-main/RX_Serial/RX_Serial.srcs/sources_1/new/top.vhd:97]
INFO: [Synth 8-638] synthesizing module 'display7' [C:/Users/iarambururo/OneDrive - Mondragon Unibertsitatea/.cosas de clase/2020-2021/2.curso/Sistemas programables/Vivado/Serial-Basys3-main/RX_Serial/RX_Serial.srcs/sources_1/new/display7.vhd:41]
INFO: [Synth 8-256] done synthesizing module 'display7' (3#1) [C:/Users/iarambururo/OneDrive - Mondragon Unibertsitatea/.cosas de clase/2020-2021/2.curso/Sistemas programables/Vivado/Serial-Basys3-main/RX_Serial/RX_Serial.srcs/sources_1/new/display7.vhd:41]
INFO: [Synth 8-3491] module 'EM' declared at 'C:/Users/iarambururo/OneDrive - Mondragon Unibertsitatea/.cosas de clase/2020-2021/2.curso/Sistemas programables/Vivado/Serial-Basys3-main/RX_Serial/RX_Serial.srcs/sources_1/new/EM.vhd:35' bound to instance 'U4' of component 'EM' [C:/Users/iarambururo/OneDrive - Mondragon Unibertsitatea/.cosas de clase/2020-2021/2.curso/Sistemas programables/Vivado/Serial-Basys3-main/RX_Serial/RX_Serial.srcs/sources_1/new/top.vhd:103]
INFO: [Synth 8-638] synthesizing module 'EM' [C:/Users/iarambururo/OneDrive - Mondragon Unibertsitatea/.cosas de clase/2020-2021/2.curso/Sistemas programables/Vivado/Serial-Basys3-main/RX_Serial/RX_Serial.srcs/sources_1/new/EM.vhd:45]
WARNING: [Synth 8-614] signal 'data_strobe' is read in the process but is not in the sensitivity list [C:/Users/iarambururo/OneDrive - Mondragon Unibertsitatea/.cosas de clase/2020-2021/2.curso/Sistemas programables/Vivado/Serial-Basys3-main/RX_Serial/RX_Serial.srcs/sources_1/new/EM.vhd:66]
WARNING: [Synth 8-614] signal 'rst' is read in the process but is not in the sensitivity list [C:/Users/iarambururo/OneDrive - Mondragon Unibertsitatea/.cosas de clase/2020-2021/2.curso/Sistemas programables/Vivado/Serial-Basys3-main/RX_Serial/RX_Serial.srcs/sources_1/new/EM.vhd:66]
INFO: [Synth 8-256] done synthesizing module 'EM' (4#1) [C:/Users/iarambururo/OneDrive - Mondragon Unibertsitatea/.cosas de clase/2020-2021/2.curso/Sistemas programables/Vivado/Serial-Basys3-main/RX_Serial/RX_Serial.srcs/sources_1/new/EM.vhd:45]
INFO: [Synth 8-256] done synthesizing module 'top' (5#1) [C:/Users/iarambururo/OneDrive - Mondragon Unibertsitatea/.cosas de clase/2020-2021/2.curso/Sistemas programables/Vivado/Serial-Basys3-main/RX_Serial/RX_Serial.srcs/sources_1/new/top.vhd:47]
---------------------------------------------------------------------------------
Finished RTL Elaboration : Time (s): cpu = 00:00:04 ; elapsed = 00:00:04 . Memory (MB): peak = 417.883 ; gain = 120.059
---------------------------------------------------------------------------------

Report Check Netlist: 
+------+------------------+-------+---------+-------+------------------+
|      |Item              |Errors |Warnings |Status |Description       |
+------+------------------+-------+---------+-------+------------------+
|1     |multi_driven_nets |      0|        0|Passed |Multi driven nets |
+------+------------------+-------+---------+-------+------------------+
---------------------------------------------------------------------------------
Finished RTL Optimization Phase 1 : Time (s): cpu = 00:00:04 ; elapsed = 00:00:05 . Memory (MB): peak = 417.883 ; gain = 120.059
---------------------------------------------------------------------------------
INFO: [Netlist 29-17] Analyzing 24 Unisim elements for replacement
INFO: [Netlist 29-28] Unisim Transformation completed in 0 CPU seconds
INFO: [Device 21-403] Loading part xc7a35tcpg236-1
INFO: [Project 1-570] Preparing netlist for logic optimization

Processing XDC Constraints
Initializing timing engine
Parsing XDC File [C:/Users/iarambururo/OneDrive - Mondragon Unibertsitatea/.cosas de clase/2020-2021/2.curso/Sistemas programables/Vivado/Serial-Basys3-main/RX_Serial/RX_Serial.srcs/constrs_1/imports/Sistema Logiko Programagarriak/Basys3_Master.xdc]
Finished Parsing XDC File [C:/Users/iarambururo/OneDrive - Mondragon Unibertsitatea/.cosas de clase/2020-2021/2.curso/Sistemas programables/Vivado/Serial-Basys3-main/RX_Serial/RX_Serial.srcs/constrs_1/imports/Sistema Logiko Programagarriak/Basys3_Master.xdc]
INFO: [Project 1-236] Implementation specific constraints were found while reading constraint file [C:/Users/iarambururo/OneDrive - Mondragon Unibertsitatea/.cosas de clase/2020-2021/2.curso/Sistemas programables/Vivado/Serial-Basys3-main/RX_Serial/RX_Serial.srcs/constrs_1/imports/Sistema Logiko Programagarriak/Basys3_Master.xdc]. These constraints will be ignored for synthesis but will be used in implementation. Impacted constraints are listed in the file [.Xil/top_propImpl.xdc].
Resolution: To avoid this warning, move constraints listed in [.Xil/top_propImpl.xdc] to another XDC file and exclude this new file from synthesis with the used_in_synthesis property (File Properties dialog in GUI) and re-run elaboration/synthesis.
Completed Processing XDC Constraints

INFO: [Project 1-111] Unisim Transformation Summary:
  A total of 24 instances were transformed.
  FD => FDRE: 3 instances
  FDE => FDRE: 21 instances

Constraint Validation Runtime : Time (s): cpu = 00:00:00 ; elapsed = 00:00:00.009 . Memory (MB): peak = 702.430 ; gain = 0.000
---------------------------------------------------------------------------------
Finished Constraint Validation : Time (s): cpu = 00:00:12 ; elapsed = 00:00:13 . Memory (MB): peak = 702.430 ; gain = 404.605
---------------------------------------------------------------------------------
---------------------------------------------------------------------------------
Start Loading Part and Timing Information
---------------------------------------------------------------------------------
Loading part: xc7a35tcpg236-1
---------------------------------------------------------------------------------
Finished Loading Part and Timing Information : Time (s): cpu = 00:00:12 ; elapsed = 00:00:13 . Memory (MB): peak = 702.430 ; gain = 404.605
---------------------------------------------------------------------------------
---------------------------------------------------------------------------------
Start Applying 'set_property' XDC Constraints
---------------------------------------------------------------------------------
---------------------------------------------------------------------------------
Finished applying 'set_property' XDC Constraints : Time (s): cpu = 00:00:12 ; elapsed = 00:00:13 . Memory (MB): peak = 702.430 ; gain = 404.605
---------------------------------------------------------------------------------
INFO: [Synth 8-5546] ROM "clk_16_x" won't be mapped to RAM because it is too sparse
WARNING: [Synth 8-2887] Directive 'init' on 'valid_lut' is unsupported and ignored
WARNING: [Synth 8-2887] Directive 'init' on 'purge_lut' is unsupported and ignored
WARNING: [Synth 8-2887] Directive 'init' on 'strobe_lut' is unsupported and ignored
WARNING: [Synth 8-327] inferring latch for variable 'hurrengoa_reg' [C:/Users/iarambururo/OneDrive - Mondragon Unibertsitatea/.cosas de clase/2020-2021/2.curso/Sistemas programables/Vivado/Serial-Basys3-main/RX_Serial/RX_Serial.srcs/sources_1/new/EM.vhd:62]
---------------------------------------------------------------------------------
Finished RTL Optimization Phase 2 : Time (s): cpu = 00:00:12 ; elapsed = 00:00:13 . Memory (MB): peak = 702.430 ; gain = 404.605
---------------------------------------------------------------------------------

Report RTL Partitions: 
+-+--------------+------------+----------+
| |RTL Partition |Replication |Instances |
+-+--------------+------------+----------+
+-+--------------+------------+----------+
---------------------------------------------------------------------------------
Start RTL Component Statistics 
---------------------------------------------------------------------------------
Detailed RTL Component Info : 
+---Adders : 
	   2 Input     10 Bit       Adders := 1     
+---Registers : 
	               10 Bit    Registers := 1     
	                1 Bit    Registers := 4     
+---Muxes : 
	   2 Input      7 Bit        Muxes := 1     
	   2 Input      1 Bit        Muxes := 1     
---------------------------------------------------------------------------------
Finished RTL Component Statistics 
---------------------------------------------------------------------------------
---------------------------------------------------------------------------------
Start RTL Hierarchical Component Statistics 
---------------------------------------------------------------------------------
Hierarchical RTL Component report 
Module FrekuentziaZatitzailea 
Detailed RTL Component Info : 
+---Adders : 
	   2 Input     10 Bit       Adders := 1     
+---Registers : 
	               10 Bit    Registers := 1     
	                1 Bit    Registers := 1     
+---Muxes : 
	   2 Input      1 Bit        Muxes := 1     
Module display7 
Detailed RTL Component Info : 
+---Muxes : 
	   2 Input      7 Bit        Muxes := 1     
Module EM 
Detailed RTL Component Info : 
+---Registers : 
	                1 Bit    Registers := 3     
---------------------------------------------------------------------------------
Finished RTL Hierarchical Component Statistics
---------------------------------------------------------------------------------
---------------------------------------------------------------------------------
Start Part Resource Summary
---------------------------------------------------------------------------------
Part Resources:
DSPs: 90 (col length:60)
BRAMs: 100 (col length: RAMB18 60 RAMB36 30)
---------------------------------------------------------------------------------
Finished Part Resource Summary
---------------------------------------------------------------------------------
---------------------------------------------------------------------------------
Start Cross Boundary and Area Optimization
---------------------------------------------------------------------------------
INFO: [Synth 8-5546] ROM "U1/clk_16_x" won't be mapped to RAM because it is too sparse
WARNING: [Synth 8-3917] design top has port an[3] driven by constant 0
WARNING: [Synth 8-3917] design top has port an[2] driven by constant 0
WARNING: [Synth 8-3917] design top has port an[1] driven by constant 0
WARNING: [Synth 8-3917] design top has port an[0] driven by constant 0
INFO: [Synth 8-3333] propagating constant 1 across sequential element (\U4/luz2_reg )
WARNING: [Synth 8-3332] Sequential element (U4/luz2_reg) is unused and will be removed from module top.
---------------------------------------------------------------------------------
Finished Cross Boundary and Area Optimization : Time (s): cpu = 00:00:13 ; elapsed = 00:00:14 . Memory (MB): peak = 702.430 ; gain = 404.605
---------------------------------------------------------------------------------

Report RTL Partitions: 
+-+--------------+------------+----------+
| |RTL Partition |Replication |Instances |
+-+--------------+------------+----------+
+-+--------------+------------+----------+
---------------------------------------------------------------------------------
Start Applying XDC Timing Constraints
---------------------------------------------------------------------------------
---------------------------------------------------------------------------------
Finished Applying XDC Timing Constraints : Time (s): cpu = 00:00:21 ; elapsed = 00:00:22 . Memory (MB): peak = 702.430 ; gain = 404.605
---------------------------------------------------------------------------------
---------------------------------------------------------------------------------
Start Timing Optimization
---------------------------------------------------------------------------------
---------------------------------------------------------------------------------
Finished Timing Optimization : Time (s): cpu = 00:00:21 ; elapsed = 00:00:22 . Memory (MB): peak = 702.430 ; gain = 404.605
---------------------------------------------------------------------------------

Report RTL Partitions: 
+-+--------------+------------+----------+
| |RTL Partition |Replication |Instances |
+-+--------------+------------+----------+
+-+--------------+------------+----------+
---------------------------------------------------------------------------------
Start Technology Mapping
---------------------------------------------------------------------------------
---------------------------------------------------------------------------------
Finished Technology Mapping : Time (s): cpu = 00:00:21 ; elapsed = 00:00:22 . Memory (MB): peak = 702.430 ; gain = 404.605
---------------------------------------------------------------------------------

Report RTL Partitions: 
+-+--------------+------------+----------+
| |RTL Partition |Replication |Instances |
+-+--------------+------------+----------+
+-+--------------+------------+----------+
---------------------------------------------------------------------------------
Start IO Insertion
---------------------------------------------------------------------------------
---------------------------------------------------------------------------------
Start Flattening Before IO Insertion
---------------------------------------------------------------------------------
---------------------------------------------------------------------------------
Finished Flattening Before IO Insertion
---------------------------------------------------------------------------------
---------------------------------------------------------------------------------
Start Final Netlist Cleanup
---------------------------------------------------------------------------------
---------------------------------------------------------------------------------
Finished Final Netlist Cleanup
---------------------------------------------------------------------------------
---------------------------------------------------------------------------------
Finished IO Insertion : Time (s): cpu = 00:00:22 ; elapsed = 00:00:23 . Memory (MB): peak = 702.430 ; gain = 404.605
---------------------------------------------------------------------------------

Report Check Netlist: 
+------+------------------+-------+---------+-------+------------------+
|      |Item              |Errors |Warnings |Status |Description       |
+------+------------------+-------+---------+-------+------------------+
|1     |multi_driven_nets |      0|        0|Passed |Multi driven nets |
+------+------------------+-------+---------+-------+------------------+
---------------------------------------------------------------------------------
Start Renaming Generated Instances
---------------------------------------------------------------------------------
---------------------------------------------------------------------------------
Finished Renaming Generated Instances : Time (s): cpu = 00:00:22 ; elapsed = 00:00:23 . Memory (MB): peak = 702.430 ; gain = 404.605
---------------------------------------------------------------------------------

Report RTL Partitions: 
+-+--------------+------------+----------+
| |RTL Partition |Replication |Instances |
+-+--------------+------------+----------+
+-+--------------+------------+----------+
---------------------------------------------------------------------------------
Start Rebuilding User Hierarchy
---------------------------------------------------------------------------------
---------------------------------------------------------------------------------
Finished Rebuilding User Hierarchy : Time (s): cpu = 00:00:22 ; elapsed = 00:00:23 . Memory (MB): peak = 702.430 ; gain = 404.605
---------------------------------------------------------------------------------
---------------------------------------------------------------------------------
Start Renaming Generated Ports
---------------------------------------------------------------------------------
---------------------------------------------------------------------------------
Finished Renaming Generated Ports : Time (s): cpu = 00:00:22 ; elapsed = 00:00:23 . Memory (MB): peak = 702.430 ; gain = 404.605
---------------------------------------------------------------------------------
---------------------------------------------------------------------------------
Start Handling Custom Attributes
---------------------------------------------------------------------------------
---------------------------------------------------------------------------------
Finished Handling Custom Attributes : Time (s): cpu = 00:00:22 ; elapsed = 00:00:23 . Memory (MB): peak = 702.430 ; gain = 404.605
---------------------------------------------------------------------------------
---------------------------------------------------------------------------------
Start Renaming Generated Nets
---------------------------------------------------------------------------------
---------------------------------------------------------------------------------
Finished Renaming Generated Nets : Time (s): cpu = 00:00:22 ; elapsed = 00:00:23 . Memory (MB): peak = 702.430 ; gain = 404.605
---------------------------------------------------------------------------------
---------------------------------------------------------------------------------
Start Writing Synthesis Report
---------------------------------------------------------------------------------

Report BlackBoxes: 
+-+--------------+----------+
| |BlackBox name |Instances |
+-+--------------+----------+
+-+--------------+----------+

Report Cell Usage: 
+------+-------+------+
|      |Cell   |Count |
+------+-------+------+
|1     |BUFG   |     1|
|2     |LUT1   |     8|
|3     |LUT2   |     2|
|4     |LUT3   |     4|
|5     |LUT4   |     4|
|6     |LUT5   |    10|
|7     |LUT6   |     5|
|8     |SRL16E |    19|
|9     |FD     |     3|
|10    |FDCE   |     1|
|11    |FDE    |    21|
|12    |FDRE   |    11|
|13    |FDSE   |     1|
|14    |LDC    |     1|
|15    |IBUF   |     4|
|16    |OBUF   |    13|
|17    |OBUFT  |     7|
+------+-------+------+

Report Instance Areas: 
+------+---------+-----------------------+------+
|      |Instance |Module                 |Cells |
+------+---------+-----------------------+------+
|1     |top      |                       |   115|
|2     |  U1     |FrekuentziaZatitzailea |    26|
|3     |  U2     |kcuart_rx              |    54|
|4     |  U4     |EM                     |     3|
+------+---------+-----------------------+------+
---------------------------------------------------------------------------------
Finished Writing Synthesis Report : Time (s): cpu = 00:00:22 ; elapsed = 00:00:23 . Memory (MB): peak = 702.430 ; gain = 404.605
---------------------------------------------------------------------------------
Synthesis finished with 0 errors, 0 critical warnings and 9 warnings.
Synthesis Optimization Runtime : Time (s): cpu = 00:00:13 ; elapsed = 00:00:18 . Memory (MB): peak = 702.430 ; gain = 120.059
Synthesis Optimization Complete : Time (s): cpu = 00:00:22 ; elapsed = 00:00:23 . Memory (MB): peak = 702.430 ; gain = 404.605
INFO: [Project 1-571] Translating synthesized netlist
INFO: [Netlist 29-17] Analyzing 29 Unisim elements for replacement
INFO: [Netlist 29-28] Unisim Transformation completed in 0 CPU seconds
INFO: [Project 1-570] Preparing netlist for logic optimization
INFO: [Opt 31-138] Pushed 0 inverter(s) to 0 load pin(s).
INFO: [Project 1-111] Unisim Transformation Summary:
  A total of 25 instances were transformed.
  FD => FDRE: 3 instances
  FDE => FDRE: 21 instances
  LDC => LDCE: 1 instances

76 Infos, 14 Warnings, 0 Critical Warnings and 0 Errors encountered.
synth_design completed successfully
synth_design: Time (s): cpu = 00:00:23 ; elapsed = 00:00:25 . Memory (MB): peak = 702.430 ; gain = 412.363
INFO: [Common 17-1381] The checkpoint 'C:/Users/iarambururo/OneDrive - Mondragon Unibertsitatea/.cosas de clase/2020-2021/2.curso/Sistemas programables/Vivado/Serial-Basys3-main/RX_Serial/RX_Serial.runs/synth_1/top.dcp' has been generated.
report_utilization: Time (s): cpu = 00:00:00 ; elapsed = 00:00:00.036 . Memory (MB): peak = 702.430 ; gain = 0.000
INFO: [Common 17-206] Exiting Vivado at Tue Jan 12 18:03:57 2021...
