Unable to capture context for thread 3248 in process 30520, can not generate back trace
Exception at PC 0x00007FFB269EBB93
Printing stacktrace...

[0]  [0x00007FFB269EBB93]
[1]  [0x00007FFB269EBB93]
[2]  [0x00007FFB269EB4A1]
[3]  [0x00007FFB269EB3EF]
[4]  [0x00007FFB269D19FE]
[5]  [0x00007FFB269D0ED1]
[6]  [0x00007FFB269D0D76]
[7]  [0x00007FFB269779F6]
[8]  [0x00007FFB26967AFB]
[9]  [0x00007FFB26A8E90A]
[10]  [0x00007FFB26AA9F87]
[11]  [0x00007FFB26AAA05F]
[12] (BaseThreadInitThunk+0x14) [0x00007FFB974D7034]
[13] (RtlUserThreadStart+0x21) [0x00007FFB98F7D0D1]
Done
Exception at PC 0x00007FFB266F1A52
Attemped to write at address 0x00007FFB56B8ABA4
Printing stacktrace...

[0]  [0x00007FFB266F1A52]
[1]  [0x00007FFB266F1A52]
[2]  [0x00007FFB266F1AD4]
[3]  [0x00007FFB26833FF7]
[4]  [0x00007FFB26719128]
[5]  [0x00007FFB269CDFB9]
[6]  [0x00007FFB26B9EF23]
[7]  [0x00007FFB26AAB06B]
[8]  [0x00007FFB26AA08AF]
[9]  [0x00007FFB26AA0A32]
[10] (RtlActivateActivationContextUnsafeFast+0x11d) [0x00007FFB98F67CAD]
[11] (LdrShutdownProcess+0x141) [0x00007FFB98F93FF1]
[12] (RtlExitUserProcess+0xad) [0x00007FFB98F93E8D]
[13] (FatalExit+0xb) [0x00007FFB974DE0AB]
[14] (exit+0x85) [0x00007FFB98B0A155]
[15] (initterm_e+0x245) [0x00007FFB98B0A7C5]
[16]  [0x00000000004014CD]
[17]  [0x000000000040151B]
[18] (BaseThreadInitThunk+0x14) [0x00007FFB974D7034]
[19] (RtlUserThreadStart+0x21) [0x00007FFB98F7D0D1]
Done
