#-----------------------------------------------------------
# Vivado v2017.2 (64-bit)
# SW Build 1909853 on Thu Jun 15 18:39:09 MDT 2017
# IP Build 1909766 on Thu Jun 15 19:58:00 MDT 2017
# Start of session at: Tue Jan 12 18:08:37 2021
# Process ID: 13532
# Current directory: C:/Users/iarambururo/OneDrive - Mondragon Unibertsitatea/.cosas de clase/2020-2021/2.curso/Sistemas programables/Vivado/Serial-Basys3-main/TX_Serial
# Command line: vivado.exe -gui_launcher_event rodinguilauncherevent3956 C:\Users\iarambururo\OneDrive - Mondragon Unibertsitatea\.cosas de clase\2020-2021\2.curso\Sistemas programables\Vivado\Serial-Basys3-main\TX_Serial\Puerto_Serie.xpr
# Log file: C:/Users/iarambururo/OneDrive - Mondragon Unibertsitatea/.cosas de clase/2020-2021/2.curso/Sistemas programables/Vivado/Serial-Basys3-main/TX_Serial/vivado.log
# Journal file: C:/Users/iarambururo/OneDrive - Mondragon Unibertsitatea/.cosas de clase/2020-2021/2.curso/Sistemas programables/Vivado/Serial-Basys3-main/TX_Serial\vivado.jou
#-----------------------------------------------------------
start_gui
open_project {C:/Users/iarambururo/OneDrive - Mondragon Unibertsitatea/.cosas de clase/2020-2021/2.curso/Sistemas programables/Vivado/Serial-Basys3-main/TX_Serial/Puerto_Serie.xpr}
INFO: [ProjectBase 1-489] The host OS only allows 260 characters in a normal path. The project is stored in a path with more than 80 characters. If you experience issues with IP, Block Designs, or files not being found, please consider moving the project to a location with a shorter path. Alternately consider using the OS subst command to map part of the path to a drive letter.
Current project path is 'C:/Users/iarambururo/OneDrive - Mondragon Unibertsitatea/.cosas de clase/2020-2021/2.curso/Sistemas programables/Vivado/Serial-Basys3-main/TX_Serial'
CRITICAL WARNING: [Project 1-19] Could not find the file 'C:/Users/iarambururo/OneDrive - Mondragon Unibertsitatea/.cosas de clase/2020-2021/2.curso/Sistemas programables/Vivado/Serial-Basys3-main/TX_Serial/Puerto_Serie.srcs/sources_1/new/ee.vhd'.
CRITICAL WARNING: [Project 1-19] Could not find the file 'C:/Users/iarambururo/OneDrive - Mondragon Unibertsitatea/.cosas de clase/2020-2021/2.curso/Sistemas programables/Vivado/Serial-Basys3-main/TX_Serial/Puerto_Serie.srcs/sources_1/new/s.vhd'.
Scanning sources...
Finished scanning sources
INFO: [IP_Flow 19-234] Refreshing IP repositories
INFO: [IP_Flow 19-1704] No user IP repositories specified
INFO: [IP_Flow 19-2313] Loaded Vivado IP repository 'C:/Xilinx/Vivado/2017.2/data/ip'.
open_project: Time (s): cpu = 00:00:24 ; elapsed = 00:00:10 . Memory (MB): peak = 943.523 ; gain = 193.371
update_compile_order -fileset sources_1
exit
INFO: [Common 17-206] Exiting Vivado at Tue Jan 12 18:10:39 2021...
