#-----------------------------------------------------------
# Vivado v2017.2 (64-bit)
# SW Build 1909853 on Thu Jun 15 18:39:09 MDT 2017
# IP Build 1909766 on Thu Jun 15 19:58:00 MDT 2017
# Start of session at: Tue Jan 26 10:36:34 2021
# Process ID: 3176
# Current directory: C:/Users/Ainhize/Documents/Informatika/MAILA2/PBL3/Vivado/Serial_Display/Serial-Basys3/RXtx_Serial -DISPLAY
# Command line: vivado.exe -gui_launcher_event rodinguilauncherevent3536 C:\Users\Ainhize\Documents\Informatika\MAILA2\PBL3\Vivado\Serial_Display\Serial-Basys3\RXtx_Serial -DISPLAY\RX_Serial.xpr
# Log file: C:/Users/Ainhize/Documents/Informatika/MAILA2/PBL3/Vivado/Serial_Display/Serial-Basys3/RXtx_Serial -DISPLAY/vivado.log
# Journal file: C:/Users/Ainhize/Documents/Informatika/MAILA2/PBL3/Vivado/Serial_Display/Serial-Basys3/RXtx_Serial -DISPLAY\vivado.jou
#-----------------------------------------------------------
start_gui
open_project {C:/Users/Ainhize/Documents/Informatika/MAILA2/PBL3/Vivado/Serial_Display/Serial-Basys3/RXtx_Serial -DISPLAY/RX_Serial.xpr}
INFO: [ProjectBase 1-489] The host OS only allows 260 characters in a normal path. The project is stored in a path with more than 80 characters. If you experience issues with IP, Block Designs, or files not being found, please consider moving the project to a location with a shorter path. Alternately consider using the OS subst command to map part of the path to a drive letter.
Current project path is 'C:/Users/Ainhize/Documents/Informatika/MAILA2/PBL3/Vivado/Serial_Display/Serial-Basys3/RXtx_Serial -DISPLAY'
INFO: [Project 1-313] Project file moved from 'C:/Users/iarambururo/OneDrive - Mondragon Unibertsitatea/.cosas de clase/2020-2021/2.curso/Sistemas programables/Vivado/Serial-Basys3-main/RXtx_Serial -DISPLAY' since last save.
Scanning sources...
Finished scanning sources
WARNING: [filemgmt 56-2] IPUserFilesDir: Could not find the directory 'C:/Users/Ainhize/Documents/Informatika/MAILA2/PBL3/Vivado/Serial_Display/Serial-Basys3/RXtx_Serial -DISPLAY/RX_Serial.ip_user_files', nor could it be found using path 'C:/Users/iarambururo/OneDrive - Mondragon Unibertsitatea/.cosas de clase/2020-2021/2.curso/Sistemas programables/Vivado/Serial-Basys3-main/RXtx_Serial -DISPLAY/RX_Serial.ip_user_files'.
CRITICAL WARNING: [Board 49-67] The board_part definition was not found for digilentinc.com:basys3:part0:1.1. This can happen sometimes when you use custom board part. You can resolve this issue by setting 'board.repoPaths' parameter, pointing to the location of custom board files. Valid board_part values can be retrieved with the 'get_board_parts' Tcl command.
INFO: [IP_Flow 19-234] Refreshing IP repositories
INFO: [IP_Flow 19-1704] No user IP repositories specified
INFO: [IP_Flow 19-2313] Loaded Vivado IP repository 'C:/Xilinx/Vivado/2017.2/data/ip'.
open_project: Time (s): cpu = 00:00:08 ; elapsed = 00:00:05 . Memory (MB): peak = 860.641 ; gain = 47.848
update_compile_order -fileset sources_1
exit
INFO: [Common 17-206] Exiting Vivado at Tue Jan 26 10:37:24 2021...
