#-----------------------------------------------------------
# Vivado v2017.2 (64-bit)
# SW Build 1909853 on Thu Jun 15 18:39:09 MDT 2017
# IP Build 1909766 on Thu Jun 15 19:58:00 MDT 2017
# Start of session at: Wed Jan 20 16:41:42 2021
# Process ID: 1292
# Current directory: C:/Users/gorka/Documents/Repostiorios/Serial-Basys3/TXRX_Servos
# Command line: vivado.exe -gui_launcher_event rodinguilauncherevent17364 C:\Users\gorka\Documents\Repostiorios\Serial-Basys3\TXRX_Servos\TXRX_Servos.xpr
# Log file: C:/Users/gorka/Documents/Repostiorios/Serial-Basys3/TXRX_Servos/vivado.log
# Journal file: C:/Users/gorka/Documents/Repostiorios/Serial-Basys3/TXRX_Servos\vivado.jou
#-----------------------------------------------------------
start_gui
open_project C:/Users/gorka/Documents/Repostiorios/Serial-Basys3/TXRX_Servos/TXRX_Servos.xpr
Scanning sources...
Finished scanning sources
INFO: [IP_Flow 19-234] Refreshing IP repositories
INFO: [IP_Flow 19-1704] No user IP repositories specified
INFO: [IP_Flow 19-2313] Loaded Vivado IP repository 'C:/Xilinx/Vivado/2017.2/data/ip'.
open_project: Time (s): cpu = 00:00:13 ; elapsed = 00:00:06 . Memory (MB): peak = 860.750 ; gain = 119.348
update_compile_order -fileset sources_1
open_hw
connect_hw_server
INFO: [Labtools 27-2285] Connecting to hw_server url TCP:localhost:3121
INFO: [Labtools 27-2222] Launching hw_server...
INFO: [Labtools 27-2221] Launch Output:

****** Xilinx hw_server v2017.2
  **** Build date : Jun 15 2017-18:53:26
    ** Copyright 1986-2017 Xilinx, Inc. All Rights Reserved.


connect_hw_server: Time (s): cpu = 00:00:02 ; elapsed = 00:00:05 . Memory (MB): peak = 860.750 ; gain = 0.000
open_hw_target
INFO: [Labtoolstcl 44-466] Opening hw_target localhost:3121/xilinx_tcf/Digilent/210183A4D77BA
set_property PROGRAM.FILE {C:/Users/gorka/Documents/Repostiorios/Serial-Basys3/TXRX_Servos/TXRX_Servos.runs/impl_1/top.bit} [get_hw_devices xc7a35t_0]
current_hw_device [get_hw_devices xc7a35t_0]
refresh_hw_device -update_hw_probes false [lindex [get_hw_devices xc7a35t_0] 0]
INFO: [Labtools 27-1435] Device xc7a35t (JTAG device index = 0) is not programmed (DONE status = 0).
set_property PROBES.FILE {} [get_hw_devices xc7a35t_0]
set_property FULL_PROBES.FILE {} [get_hw_devices xc7a35t_0]
set_property PROGRAM.FILE {C:/Users/gorka/Documents/Repostiorios/Serial-Basys3/TXRX_Servos/TXRX_Servos.runs/impl_1/top.bit} [get_hw_devices xc7a35t_0]
program_hw_devices [get_hw_devices xc7a35t_0]
INFO: [Labtools 27-3164] End of startup status: HIGH
refresh_hw_device [lindex [get_hw_devices xc7a35t_0] 0]
INFO: [Labtools 27-1434] Device xc7a35t (JTAG device index = 0) is programmed with a design that has no supported debug core(s) in it.
WARNING: [Labtools 27-3361] The debug hub core was not detected.
Resolution: 
1. Make sure the clock connected to the debug hub (dbg_hub) core is a free running clock and is active.
2. Make sure the BSCAN_SWITCH_USER_MASK device property in Vivado Hardware Manager reflects the user scan chain setting in the design and refresh the device.  To determine the user scan chain setting in the design, open the implemented design and use 'get_property C_USER_SCAN_CHAIN [get_debug_cores dbg_hub]'.
For more details on setting the scan chain property, consult the Vivado Debug and Programming User Guide (UG908).
ERROR: [Labtoolstcl 44-513] HW Target shutdown. Closing target: localhost:3121/xilinx_tcf/Digilent/210183A4D77BA
disconnect_hw_server localhost:3121
connect_hw_server
INFO: [Labtools 27-2285] Connecting to hw_server url TCP:localhost:3121
open_hw_target
INFO: [Labtoolstcl 44-466] Opening hw_target localhost:3121/xilinx_tcf/Digilent/210183A4D77BA
set_property PROGRAM.FILE {C:/Users/gorka/Documents/Repostiorios/Serial-Basys3/TXRX_Servos/TXRX_Servos.runs/impl_1/top.bit} [get_hw_devices xc7a35t_0]
current_hw_device [get_hw_devices xc7a35t_0]
refresh_hw_device -update_hw_probes false [lindex [get_hw_devices xc7a35t_0] 0]
INFO: [Labtools 27-1435] Device xc7a35t (JTAG device index = 0) is not programmed (DONE status = 0).
set_property PROBES.FILE {} [get_hw_devices xc7a35t_0]
set_property FULL_PROBES.FILE {} [get_hw_devices xc7a35t_0]
set_property PROGRAM.FILE {C:/Users/gorka/Documents/Repostiorios/Serial-Basys3/TXRX_Servos/TXRX_Servos.runs/impl_1/top.bit} [get_hw_devices xc7a35t_0]
program_hw_devices [get_hw_devices xc7a35t_0]
INFO: [Labtools 27-3164] End of startup status: HIGH
refresh_hw_device [lindex [get_hw_devices xc7a35t_0] 0]
INFO: [Labtools 27-1434] Device xc7a35t (JTAG device index = 0) is programmed with a design that has no supported debug core(s) in it.
WARNING: [Labtools 27-3361] The debug hub core was not detected.
Resolution: 
1. Make sure the clock connected to the debug hub (dbg_hub) core is a free running clock and is active.
2. Make sure the BSCAN_SWITCH_USER_MASK device property in Vivado Hardware Manager reflects the user scan chain setting in the design and refresh the device.  To determine the user scan chain setting in the design, open the implemented design and use 'get_property C_USER_SCAN_CHAIN [get_debug_cores dbg_hub]'.
For more details on setting the scan chain property, consult the Vivado Debug and Programming User Guide (UG908).
ERROR: [Labtoolstcl 44-513] HW Target shutdown. Closing target: localhost:3121/xilinx_tcf/Digilent/210183A4D77BA
disconnect_hw_server localhost:3121
connect_hw_server
INFO: [Labtools 27-2285] Connecting to hw_server url TCP:localhost:3121
open_hw_target
INFO: [Labtoolstcl 44-466] Opening hw_target localhost:3121/xilinx_tcf/Digilent/210183A4D77BA
set_property PROGRAM.FILE {C:/Users/gorka/Documents/Repostiorios/Serial-Basys3/TXRX_Servos/TXRX_Servos.runs/impl_1/top.bit} [get_hw_devices xc7a35t_0]
current_hw_device [get_hw_devices xc7a35t_0]
refresh_hw_device -update_hw_probes false [lindex [get_hw_devices xc7a35t_0] 0]
INFO: [Labtools 27-1435] Device xc7a35t (JTAG device index = 0) is not programmed (DONE status = 0).
set_property PROBES.FILE {} [get_hw_devices xc7a35t_0]
set_property FULL_PROBES.FILE {} [get_hw_devices xc7a35t_0]
set_property PROGRAM.FILE {C:/Users/gorka/Documents/Repostiorios/Serial-Basys3/TXRX_Servos/TXRX_Servos.runs/impl_1/top.bit} [get_hw_devices xc7a35t_0]
program_hw_devices [get_hw_devices xc7a35t_0]
INFO: [Labtools 27-3164] End of startup status: HIGH
refresh_hw_device [lindex [get_hw_devices xc7a35t_0] 0]
INFO: [Labtools 27-1434] Device xc7a35t (JTAG device index = 0) is programmed with a design that has no supported debug core(s) in it.
WARNING: [Labtools 27-3361] The debug hub core was not detected.
Resolution: 
1. Make sure the clock connected to the debug hub (dbg_hub) core is a free running clock and is active.
2. Make sure the BSCAN_SWITCH_USER_MASK device property in Vivado Hardware Manager reflects the user scan chain setting in the design and refresh the device.  To determine the user scan chain setting in the design, open the implemented design and use 'get_property C_USER_SCAN_CHAIN [get_debug_cores dbg_hub]'.
For more details on setting the scan chain property, consult the Vivado Debug and Programming User Guide (UG908).
ERROR: [Labtoolstcl 44-513] HW Target shutdown. Closing target: localhost:3121/xilinx_tcf/Digilent/210183A4D77BA
INFO: [Labtoolstcl 44-466] Opening hw_target localhost:3121/xilinx_tcf/Digilent/210183A4D77BA
INFO: [Labtools 27-1435] Device xc7a35t (JTAG device index = 0) is not programmed (DONE status = 0).
WARNING: [Labtoolstcl 44-129] No matching hw_ila_data was found.
set_property PROBES.FILE {} [get_hw_devices xc7a35t_0]
set_property FULL_PROBES.FILE {} [get_hw_devices xc7a35t_0]
set_property PROGRAM.FILE {C:/Users/gorka/Documents/Repostiorios/Serial-Basys3/TXRX_Servos/TXRX_Servos.runs/impl_1/top.bit} [get_hw_devices xc7a35t_0]
program_hw_devices [get_hw_devices xc7a35t_0]
INFO: [Labtools 27-3164] End of startup status: HIGH
refresh_hw_device [lindex [get_hw_devices xc7a35t_0] 0]
INFO: [Labtools 27-1434] Device xc7a35t (JTAG device index = 0) is programmed with a design that has no supported debug core(s) in it.
WARNING: [Labtools 27-3361] The debug hub core was not detected.
Resolution: 
1. Make sure the clock connected to the debug hub (dbg_hub) core is a free running clock and is active.
2. Make sure the BSCAN_SWITCH_USER_MASK device property in Vivado Hardware Manager reflects the user scan chain setting in the design and refresh the device.  To determine the user scan chain setting in the design, open the implemented design and use 'get_property C_USER_SCAN_CHAIN [get_debug_cores dbg_hub]'.
For more details on setting the scan chain property, consult the Vivado Debug and Programming User Guide (UG908).
synth_design -rtl -name rtl_1
Command: synth_design -rtl -name rtl_1
Starting synth_design
Using part: xc7a35tcpg236-1
Top: top
---------------------------------------------------------------------------------
Starting RTL Elaboration : Time (s): cpu = 00:00:03 ; elapsed = 00:00:03 . Memory (MB): peak = 1079.316 ; gain = 35.555
---------------------------------------------------------------------------------
INFO: [Synth 8-638] synthesizing module 'top' [C:/Users/gorka/Documents/Repostiorios/Serial-Basys3/TXRX_Servos/TXRX_Servos.srcs/sources_1/new/top.vhd:44]
INFO: [Synth 8-3491] module 'FrekuentziaZatitzailea' declared at 'C:/Users/gorka/Documents/Repostiorios/Serial-Basys3/TXRX_Servos/TXRX_Servos.srcs/sources_1/new/FrekuentziZatitzailea.vhd:15' bound to instance 'U1' of component 'FrekuentziaZatitzailea' [C:/Users/gorka/Documents/Repostiorios/Serial-Basys3/TXRX_Servos/TXRX_Servos.srcs/sources_1/new/top.vhd:127]
INFO: [Synth 8-638] synthesizing module 'FrekuentziaZatitzailea' [C:/Users/gorka/Documents/Repostiorios/Serial-Basys3/TXRX_Servos/TXRX_Servos.srcs/sources_1/new/FrekuentziZatitzailea.vhd:22]
INFO: [Synth 8-256] done synthesizing module 'FrekuentziaZatitzailea' (1#1) [C:/Users/gorka/Documents/Repostiorios/Serial-Basys3/TXRX_Servos/TXRX_Servos.srcs/sources_1/new/FrekuentziZatitzailea.vhd:22]
INFO: [Synth 8-3491] module 'kcuart_rx' declared at 'C:/Users/gorka/Documents/Repostiorios/Serial-Basys3/TXRX_Servos/TXRX_Servos.srcs/sources_1/new/kcuart_rx.vhd:12' bound to instance 'U2' of component 'kcuart_rx' [C:/Users/gorka/Documents/Repostiorios/Serial-Basys3/TXRX_Servos/TXRX_Servos.srcs/sources_1/new/top.vhd:133]
INFO: [Synth 8-638] synthesizing module 'kcuart_rx' [C:/Users/gorka/Documents/Repostiorios/Serial-Basys3/TXRX_Servos/TXRX_Servos.srcs/sources_1/new/kcuart_rx.vhd:23]
	Parameter INIT bound to: 1'b0 
INFO: [Synth 8-113] binding component instance 'sync_reg' to cell 'FD' [C:/Users/gorka/Documents/Repostiorios/Serial-Basys3/TXRX_Servos/TXRX_Servos.srcs/sources_1/new/kcuart_rx.vhd:67]
	Parameter INIT bound to: 1'b0 
INFO: [Synth 8-113] binding component instance 'stop_reg' to cell 'FD' [C:/Users/gorka/Documents/Repostiorios/Serial-Basys3/TXRX_Servos/TXRX_Servos.srcs/sources_1/new/kcuart_rx.vhd:72]
	Parameter INIT bound to: 16'b0000000000000000 
	Parameter IS_CLK_INVERTED bound to: 1'b0 
INFO: [Synth 8-113] binding component instance 'delay15_srl' to cell 'SRL16E' [C:/Users/gorka/Documents/Repostiorios/Serial-Basys3/TXRX_Servos/TXRX_Servos.srcs/sources_1/new/kcuart_rx.vhd:91]
	Parameter INIT bound to: 1'b0 
INFO: [Synth 8-113] binding component instance 'data_reg' to cell 'FDE' [C:/Users/gorka/Documents/Repostiorios/Serial-Basys3/TXRX_Servos/TXRX_Servos.srcs/sources_1/new/kcuart_rx.vhd:128]
	Parameter INIT bound to: 16'b0000000000000000 
	Parameter IS_CLK_INVERTED bound to: 1'b0 
INFO: [Synth 8-113] binding component instance 'delay15_srl' to cell 'SRL16E' [C:/Users/gorka/Documents/Repostiorios/Serial-Basys3/TXRX_Servos/TXRX_Servos.srcs/sources_1/new/kcuart_rx.vhd:91]
	Parameter INIT bound to: 1'b0 
INFO: [Synth 8-113] binding component instance 'data_reg' to cell 'FDE' [C:/Users/gorka/Documents/Repostiorios/Serial-Basys3/TXRX_Servos/TXRX_Servos.srcs/sources_1/new/kcuart_rx.vhd:128]
	Parameter INIT bound to: 16'b0000000000000000 
	Parameter IS_CLK_INVERTED bound to: 1'b0 
INFO: [Synth 8-113] binding component instance 'delay15_srl' to cell 'SRL16E' [C:/Users/gorka/Documents/Repostiorios/Serial-Basys3/TXRX_Servos/TXRX_Servos.srcs/sources_1/new/kcuart_rx.vhd:91]
	Parameter INIT bound to: 1'b0 
INFO: [Synth 8-113] binding component instance 'data_reg' to cell 'FDE' [C:/Users/gorka/Documents/Repostiorios/Serial-Basys3/TXRX_Servos/TXRX_Servos.srcs/sources_1/new/kcuart_rx.vhd:128]
	Parameter INIT bound to: 16'b0000000000000000 
	Parameter IS_CLK_INVERTED bound to: 1'b0 
INFO: [Synth 8-113] binding component instance 'delay15_srl' to cell 'SRL16E' [C:/Users/gorka/Documents/Repostiorios/Serial-Basys3/TXRX_Servos/TXRX_Servos.srcs/sources_1/new/kcuart_rx.vhd:91]
	Parameter INIT bound to: 1'b0 
INFO: [Synth 8-113] binding component instance 'data_reg' to cell 'FDE' [C:/Users/gorka/Documents/Repostiorios/Serial-Basys3/TXRX_Servos/TXRX_Servos.srcs/sources_1/new/kcuart_rx.vhd:128]
	Parameter INIT bound to: 16'b0000000000000000 
	Parameter IS_CLK_INVERTED bound to: 1'b0 
INFO: [Synth 8-113] binding component instance 'delay15_srl' to cell 'SRL16E' [C:/Users/gorka/Documents/Repostiorios/Serial-Basys3/TXRX_Servos/TXRX_Servos.srcs/sources_1/new/kcuart_rx.vhd:91]
	Parameter INIT bound to: 1'b0 
INFO: [Synth 8-113] binding component instance 'data_reg' to cell 'FDE' [C:/Users/gorka/Documents/Repostiorios/Serial-Basys3/TXRX_Servos/TXRX_Servos.srcs/sources_1/new/kcuart_rx.vhd:128]
	Parameter INIT bound to: 16'b0000000000000000 
	Parameter IS_CLK_INVERTED bound to: 1'b0 
INFO: [Synth 8-113] binding component instance 'delay15_srl' to cell 'SRL16E' [C:/Users/gorka/Documents/Repostiorios/Serial-Basys3/TXRX_Servos/TXRX_Servos.srcs/sources_1/new/kcuart_rx.vhd:91]
	Parameter INIT bound to: 1'b0 
INFO: [Synth 8-113] binding component instance 'data_reg' to cell 'FDE' [C:/Users/gorka/Documents/Repostiorios/Serial-Basys3/TXRX_Servos/TXRX_Servos.srcs/sources_1/new/kcuart_rx.vhd:128]
	Parameter INIT bound to: 16'b0000000000000000 
	Parameter IS_CLK_INVERTED bound to: 1'b0 
INFO: [Synth 8-113] binding component instance 'delay15_srl' to cell 'SRL16E' [C:/Users/gorka/Documents/Repostiorios/Serial-Basys3/TXRX_Servos/TXRX_Servos.srcs/sources_1/new/kcuart_rx.vhd:91]
	Parameter INIT bound to: 1'b0 
INFO: [Synth 8-113] binding component instance 'data_reg' to cell 'FDE' [C:/Users/gorka/Documents/Repostiorios/Serial-Basys3/TXRX_Servos/TXRX_Servos.srcs/sources_1/new/kcuart_rx.vhd:128]
	Parameter INIT bound to: 16'b0000000000000000 
	Parameter IS_CLK_INVERTED bound to: 1'b0 
INFO: [Synth 8-113] binding component instance 'delay15_srl' to cell 'SRL16E' [C:/Users/gorka/Documents/Repostiorios/Serial-Basys3/TXRX_Servos/TXRX_Servos.srcs/sources_1/new/kcuart_rx.vhd:113]
	Parameter INIT bound to: 1'b0 
INFO: [Synth 8-113] binding component instance 'data_reg' to cell 'FDE' [C:/Users/gorka/Documents/Repostiorios/Serial-Basys3/TXRX_Servos/TXRX_Servos.srcs/sources_1/new/kcuart_rx.vhd:128]
	Parameter INIT bound to: 16'b0000000000000000 
	Parameter IS_CLK_INVERTED bound to: 1'b0 
INFO: [Synth 8-113] binding component instance 'start_srl' to cell 'SRL16E' [C:/Users/gorka/Documents/Repostiorios/Serial-Basys3/TXRX_Servos/TXRX_Servos.srcs/sources_1/new/kcuart_rx.vhd:142]
	Parameter INIT bound to: 1'b0 
INFO: [Synth 8-113] binding component instance 'start_reg' to cell 'FDE' [C:/Users/gorka/Documents/Repostiorios/Serial-Basys3/TXRX_Servos/TXRX_Servos.srcs/sources_1/new/kcuart_rx.vhd:155]
	Parameter INIT bound to: 16'b0000000000000000 
	Parameter IS_CLK_INVERTED bound to: 1'b0 
INFO: [Synth 8-113] binding component instance 'edge_srl' to cell 'SRL16E' [C:/Users/gorka/Documents/Repostiorios/Serial-Basys3/TXRX_Servos/TXRX_Servos.srcs/sources_1/new/kcuart_rx.vhd:165]
	Parameter INIT bound to: 1'b0 
INFO: [Synth 8-113] binding component instance 'edge_reg' to cell 'FDE' [C:/Users/gorka/Documents/Repostiorios/Serial-Basys3/TXRX_Servos/TXRX_Servos.srcs/sources_1/new/kcuart_rx.vhd:178]
	Parameter INIT bound to: 16'b0000000001000000 
INFO: [Synth 8-113] binding component instance 'valid_lut' to cell 'LUT4' [C:/Users/gorka/Documents/Repostiorios/Serial-Basys3/TXRX_Servos/TXRX_Servos.srcs/sources_1/new/kcuart_rx.vhd:186]
	Parameter INIT bound to: 1'b0 
INFO: [Synth 8-113] binding component instance 'valid_reg' to cell 'FDE' [C:/Users/gorka/Documents/Repostiorios/Serial-Basys3/TXRX_Servos/TXRX_Servos.srcs/sources_1/new/kcuart_rx.vhd:196]
	Parameter INIT bound to: 8'b01010100 
INFO: [Synth 8-113] binding component instance 'purge_lut' to cell 'LUT3' [C:/Users/gorka/Documents/Repostiorios/Serial-Basys3/TXRX_Servos/TXRX_Servos.srcs/sources_1/new/kcuart_rx.vhd:204]
	Parameter INIT bound to: 1'b0 
INFO: [Synth 8-113] binding component instance 'purge_reg' to cell 'FDE' [C:/Users/gorka/Documents/Repostiorios/Serial-Basys3/TXRX_Servos/TXRX_Servos.srcs/sources_1/new/kcuart_rx.vhd:213]
	Parameter INIT bound to: 16'b0000000000000000 
	Parameter IS_CLK_INVERTED bound to: 1'b0 
INFO: [Synth 8-113] binding component instance 'delay15_srl' to cell 'SRL16E' [C:/Users/gorka/Documents/Repostiorios/Serial-Basys3/TXRX_Servos/TXRX_Servos.srcs/sources_1/new/kcuart_rx.vhd:234]
	Parameter INIT bound to: 1'b0 
INFO: [Synth 8-113] binding component instance 'data_reg' to cell 'FDE' [C:/Users/gorka/Documents/Repostiorios/Serial-Basys3/TXRX_Servos/TXRX_Servos.srcs/sources_1/new/kcuart_rx.vhd:271]
	Parameter INIT bound to: 16'b0000000000000000 
	Parameter IS_CLK_INVERTED bound to: 1'b0 
INFO: [Synth 8-113] binding component instance 'delay16_srl' to cell 'SRL16E' [C:/Users/gorka/Documents/Repostiorios/Serial-Basys3/TXRX_Servos/TXRX_Servos.srcs/sources_1/new/kcuart_rx.vhd:256]
	Parameter INIT bound to: 1'b0 
INFO: [Synth 8-113] binding component instance 'data_reg' to cell 'FDE' [C:/Users/gorka/Documents/Repostiorios/Serial-Basys3/TXRX_Servos/TXRX_Servos.srcs/sources_1/new/kcuart_rx.vhd:271]
	Parameter INIT bound to: 16'b0000000000000000 
	Parameter IS_CLK_INVERTED bound to: 1'b0 
INFO: [Synth 8-113] binding component instance 'delay16_srl' to cell 'SRL16E' [C:/Users/gorka/Documents/Repostiorios/Serial-Basys3/TXRX_Servos/TXRX_Servos.srcs/sources_1/new/kcuart_rx.vhd:256]
	Parameter INIT bound to: 1'b0 
INFO: [Synth 8-113] binding component instance 'data_reg' to cell 'FDE' [C:/Users/gorka/Documents/Repostiorios/Serial-Basys3/TXRX_Servos/TXRX_Servos.srcs/sources_1/new/kcuart_rx.vhd:271]
	Parameter INIT bound to: 16'b0000000000000000 
	Parameter IS_CLK_INVERTED bound to: 1'b0 
INFO: [Synth 8-113] binding component instance 'delay16_srl' to cell 'SRL16E' [C:/Users/gorka/Documents/Repostiorios/Serial-Basys3/TXRX_Servos/TXRX_Servos.srcs/sources_1/new/kcuart_rx.vhd:256]
	Parameter INIT bound to: 1'b0 
INFO: [Synth 8-113] binding component instance 'data_reg' to cell 'FDE' [C:/Users/gorka/Documents/Repostiorios/Serial-Basys3/TXRX_Servos/TXRX_Servos.srcs/sources_1/new/kcuart_rx.vhd:271]
	Parameter INIT bound to: 16'b0000000000000000 
	Parameter IS_CLK_INVERTED bound to: 1'b0 
INFO: [Synth 8-113] binding component instance 'delay16_srl' to cell 'SRL16E' [C:/Users/gorka/Documents/Repostiorios/Serial-Basys3/TXRX_Servos/TXRX_Servos.srcs/sources_1/new/kcuart_rx.vhd:256]
	Parameter INIT bound to: 1'b0 
INFO: [Synth 8-113] binding component instance 'data_reg' to cell 'FDE' [C:/Users/gorka/Documents/Repostiorios/Serial-Basys3/TXRX_Servos/TXRX_Servos.srcs/sources_1/new/kcuart_rx.vhd:271]
	Parameter INIT bound to: 16'b0000000000000000 
	Parameter IS_CLK_INVERTED bound to: 1'b0 
INFO: [Synth 8-113] binding component instance 'delay16_srl' to cell 'SRL16E' [C:/Users/gorka/Documents/Repostiorios/Serial-Basys3/TXRX_Servos/TXRX_Servos.srcs/sources_1/new/kcuart_rx.vhd:256]
	Parameter INIT bound to: 1'b0 
INFO: [Synth 8-113] binding component instance 'data_reg' to cell 'FDE' [C:/Users/gorka/Documents/Repostiorios/Serial-Basys3/TXRX_Servos/TXRX_Servos.srcs/sources_1/new/kcuart_rx.vhd:271]
	Parameter INIT bound to: 16'b0000000000000000 
	Parameter IS_CLK_INVERTED bound to: 1'b0 
INFO: [Synth 8-113] binding component instance 'delay16_srl' to cell 'SRL16E' [C:/Users/gorka/Documents/Repostiorios/Serial-Basys3/TXRX_Servos/TXRX_Servos.srcs/sources_1/new/kcuart_rx.vhd:256]
	Parameter INIT bound to: 1'b0 
INFO: [Synth 8-113] binding component instance 'data_reg' to cell 'FDE' [C:/Users/gorka/Documents/Repostiorios/Serial-Basys3/TXRX_Servos/TXRX_Servos.srcs/sources_1/new/kcuart_rx.vhd:271]
	Parameter INIT bound to: 16'b0000000000000000 
	Parameter IS_CLK_INVERTED bound to: 1'b0 
INFO: [Synth 8-113] binding component instance 'delay16_srl' to cell 'SRL16E' [C:/Users/gorka/Documents/Repostiorios/Serial-Basys3/TXRX_Servos/TXRX_Servos.srcs/sources_1/new/kcuart_rx.vhd:256]
	Parameter INIT bound to: 1'b0 
INFO: [Synth 8-113] binding component instance 'data_reg' to cell 'FDE' [C:/Users/gorka/Documents/Repostiorios/Serial-Basys3/TXRX_Servos/TXRX_Servos.srcs/sources_1/new/kcuart_rx.vhd:271]
	Parameter INIT bound to: 16'b0000000000000000 
	Parameter IS_CLK_INVERTED bound to: 1'b0 
INFO: [Synth 8-113] binding component instance 'delay16_srl' to cell 'SRL16E' [C:/Users/gorka/Documents/Repostiorios/Serial-Basys3/TXRX_Servos/TXRX_Servos.srcs/sources_1/new/kcuart_rx.vhd:256]
	Parameter INIT bound to: 1'b0 
INFO: [Synth 8-113] binding component instance 'data_reg' to cell 'FDE' [C:/Users/gorka/Documents/Repostiorios/Serial-Basys3/TXRX_Servos/TXRX_Servos.srcs/sources_1/new/kcuart_rx.vhd:271]
	Parameter INIT bound to: 4'b1000 
INFO: [Synth 8-113] binding component instance 'strobe_lut' to cell 'LUT2' [C:/Users/gorka/Documents/Repostiorios/Serial-Basys3/TXRX_Servos/TXRX_Servos.srcs/sources_1/new/kcuart_rx.vhd:281]
	Parameter INIT bound to: 1'b0 
INFO: [Synth 8-113] binding component instance 'strobe_reg' to cell 'FD' [C:/Users/gorka/Documents/Repostiorios/Serial-Basys3/TXRX_Servos/TXRX_Servos.srcs/sources_1/new/kcuart_rx.vhd:289]
WARNING: [Synth 8-2887] Directive 'init' on 'valid_lut' is unsupported and ignored
WARNING: [Synth 8-2887] Directive 'init' on 'purge_lut' is unsupported and ignored
WARNING: [Synth 8-2887] Directive 'init' on 'strobe_lut' is unsupported and ignored
INFO: [Synth 8-256] done synthesizing module 'kcuart_rx' (2#1) [C:/Users/gorka/Documents/Repostiorios/Serial-Basys3/TXRX_Servos/TXRX_Servos.srcs/sources_1/new/kcuart_rx.vhd:23]
INFO: [Synth 8-3491] module 'EM' declared at 'C:/Users/gorka/Documents/Repostiorios/Serial-Basys3/TXRX_Servos/TXRX_Servos.srcs/sources_1/new/EM.vhd:35' bound to instance 'U3' of component 'EM' [C:/Users/gorka/Documents/Repostiorios/Serial-Basys3/TXRX_Servos/TXRX_Servos.srcs/sources_1/new/top.vhd:140]
INFO: [Synth 8-638] synthesizing module 'EM' [C:/Users/gorka/Documents/Repostiorios/Serial-Basys3/TXRX_Servos/TXRX_Servos.srcs/sources_1/new/EM.vhd:44]
WARNING: [Synth 8-614] signal 'data_strobe' is read in the process but is not in the sensitivity list [C:/Users/gorka/Documents/Repostiorios/Serial-Basys3/TXRX_Servos/TXRX_Servos.srcs/sources_1/new/EM.vhd:64]
WARNING: [Synth 8-614] signal 'datain' is read in the process but is not in the sensitivity list [C:/Users/gorka/Documents/Repostiorios/Serial-Basys3/TXRX_Servos/TXRX_Servos.srcs/sources_1/new/EM.vhd:64]
WARNING: [Synth 8-614] signal 's_data' is read in the process but is not in the sensitivity list [C:/Users/gorka/Documents/Repostiorios/Serial-Basys3/TXRX_Servos/TXRX_Servos.srcs/sources_1/new/EM.vhd:64]
INFO: [Synth 8-256] done synthesizing module 'EM' (3#1) [C:/Users/gorka/Documents/Repostiorios/Serial-Basys3/TXRX_Servos/TXRX_Servos.srcs/sources_1/new/EM.vhd:44]
INFO: [Synth 8-3491] module 'Memoria' declared at 'C:/Users/gorka/Documents/Repostiorios/Serial-Basys3/TXRX_Servos/TXRX_Servos.srcs/sources_1/new/Memoria.vhd:36' bound to instance 'U6' of component 'Memoria' [C:/Users/gorka/Documents/Repostiorios/Serial-Basys3/TXRX_Servos/TXRX_Servos.srcs/sources_1/new/top.vhd:147]
INFO: [Synth 8-638] synthesizing module 'Memoria' [C:/Users/gorka/Documents/Repostiorios/Serial-Basys3/TXRX_Servos/TXRX_Servos.srcs/sources_1/new/Memoria.vhd:43]
WARNING: [Synth 8-614] signal 's_memoria' is read in the process but is not in the sensitivity list [C:/Users/gorka/Documents/Repostiorios/Serial-Basys3/TXRX_Servos/TXRX_Servos.srcs/sources_1/new/Memoria.vhd:48]
INFO: [Synth 8-256] done synthesizing module 'Memoria' (4#1) [C:/Users/gorka/Documents/Repostiorios/Serial-Basys3/TXRX_Servos/TXRX_Servos.srcs/sources_1/new/Memoria.vhd:43]
INFO: [Synth 8-3491] module 'PWM_controller' declared at 'C:/Users/gorka/Documents/Repostiorios/Serial-Basys3/TXRX_Servos/TXRX_Servos.srcs/sources_1/new/PMW_Controller.vhd:36' bound to instance 'U7' of component 'PWM_controller' [C:/Users/gorka/Documents/Repostiorios/Serial-Basys3/TXRX_Servos/TXRX_Servos.srcs/sources_1/new/top.vhd:153]
INFO: [Synth 8-638] synthesizing module 'PWM_controller' [C:/Users/gorka/Documents/Repostiorios/Serial-Basys3/TXRX_Servos/TXRX_Servos.srcs/sources_1/new/PMW_Controller.vhd:43]
WARNING: [Synth 8-614] signal 'aux1' is read in the process but is not in the sensitivity list [C:/Users/gorka/Documents/Repostiorios/Serial-Basys3/TXRX_Servos/TXRX_Servos.srcs/sources_1/new/PMW_Controller.vhd:69]
WARNING: [Synth 8-614] signal 'aux2' is read in the process but is not in the sensitivity list [C:/Users/gorka/Documents/Repostiorios/Serial-Basys3/TXRX_Servos/TXRX_Servos.srcs/sources_1/new/PMW_Controller.vhd:69]
INFO: [Synth 8-256] done synthesizing module 'PWM_controller' (5#1) [C:/Users/gorka/Documents/Repostiorios/Serial-Basys3/TXRX_Servos/TXRX_Servos.srcs/sources_1/new/PMW_Controller.vhd:43]
INFO: [Synth 8-3491] module 'divisor_display' declared at 'C:/Users/gorka/Documents/Repostiorios/Serial-Basys3/TXRX_Servos/TXRX_Servos.srcs/sources_1/new/divisor_display.vhd:36' bound to instance 'U8' of component 'divisor_display' [C:/Users/gorka/Documents/Repostiorios/Serial-Basys3/TXRX_Servos/TXRX_Servos.srcs/sources_1/new/top.vhd:158]
INFO: [Synth 8-638] synthesizing module 'divisor_display' [C:/Users/gorka/Documents/Repostiorios/Serial-Basys3/TXRX_Servos/TXRX_Servos.srcs/sources_1/new/divisor_display.vhd:43]
INFO: [Synth 8-256] done synthesizing module 'divisor_display' (6#1) [C:/Users/gorka/Documents/Repostiorios/Serial-Basys3/TXRX_Servos/TXRX_Servos.srcs/sources_1/new/divisor_display.vhd:43]
INFO: [Synth 8-3491] module 'display7' declared at 'C:/Users/gorka/Documents/Repostiorios/Serial-Basys3/TXRX_Servos/TXRX_Servos.srcs/sources_1/new/display.vhd:34' bound to instance 'U9' of component 'display7' [C:/Users/gorka/Documents/Repostiorios/Serial-Basys3/TXRX_Servos/TXRX_Servos.srcs/sources_1/new/top.vhd:163]
INFO: [Synth 8-638] synthesizing module 'display7' [C:/Users/gorka/Documents/Repostiorios/Serial-Basys3/TXRX_Servos/TXRX_Servos.srcs/sources_1/new/display.vhd:39]
INFO: [Synth 8-256] done synthesizing module 'display7' (7#1) [C:/Users/gorka/Documents/Repostiorios/Serial-Basys3/TXRX_Servos/TXRX_Servos.srcs/sources_1/new/display.vhd:39]
INFO: [Synth 8-3491] module 'display7' declared at 'C:/Users/gorka/Documents/Repostiorios/Serial-Basys3/TXRX_Servos/TXRX_Servos.srcs/sources_1/new/display.vhd:34' bound to instance 'U10' of component 'display7' [C:/Users/gorka/Documents/Repostiorios/Serial-Basys3/TXRX_Servos/TXRX_Servos.srcs/sources_1/new/top.vhd:166]
INFO: [Synth 8-3491] module 'display7' declared at 'C:/Users/gorka/Documents/Repostiorios/Serial-Basys3/TXRX_Servos/TXRX_Servos.srcs/sources_1/new/display.vhd:34' bound to instance 'U11' of component 'display7' [C:/Users/gorka/Documents/Repostiorios/Serial-Basys3/TXRX_Servos/TXRX_Servos.srcs/sources_1/new/top.vhd:169]
INFO: [Synth 8-3491] module 'EM_display' declared at 'C:/Users/gorka/Documents/Repostiorios/Serial-Basys3/TXRX_Servos/TXRX_Servos.srcs/sources_1/new/EM_display.vhd:34' bound to instance 'U12' of component 'EM_display' [C:/Users/gorka/Documents/Repostiorios/Serial-Basys3/TXRX_Servos/TXRX_Servos.srcs/sources_1/new/top.vhd:172]
INFO: [Synth 8-638] synthesizing module 'EM_display' [C:/Users/gorka/Documents/Repostiorios/Serial-Basys3/TXRX_Servos/TXRX_Servos.srcs/sources_1/new/EM_display.vhd:44]
WARNING: [Synth 8-614] signal 'zenb_bateko' is read in the process but is not in the sensitivity list [C:/Users/gorka/Documents/Repostiorios/Serial-Basys3/TXRX_Servos/TXRX_Servos.srcs/sources_1/new/EM_display.vhd:57]
WARNING: [Synth 8-614] signal 'zenb_hamarreko' is read in the process but is not in the sensitivity list [C:/Users/gorka/Documents/Repostiorios/Serial-Basys3/TXRX_Servos/TXRX_Servos.srcs/sources_1/new/EM_display.vhd:57]
WARNING: [Synth 8-614] signal 'zenb_ehuneko' is read in the process but is not in the sensitivity list [C:/Users/gorka/Documents/Repostiorios/Serial-Basys3/TXRX_Servos/TXRX_Servos.srcs/sources_1/new/EM_display.vhd:57]
INFO: [Synth 8-256] done synthesizing module 'EM_display' (8#1) [C:/Users/gorka/Documents/Repostiorios/Serial-Basys3/TXRX_Servos/TXRX_Servos.srcs/sources_1/new/EM_display.vhd:44]
WARNING: [Synth 8-3848] Net serial_out in module/entity top does not have driver. [C:/Users/gorka/Documents/Repostiorios/Serial-Basys3/TXRX_Servos/TXRX_Servos.srcs/sources_1/new/top.vhd:37]
INFO: [Synth 8-256] done synthesizing module 'top' (9#1) [C:/Users/gorka/Documents/Repostiorios/Serial-Basys3/TXRX_Servos/TXRX_Servos.srcs/sources_1/new/top.vhd:44]
WARNING: [Synth 8-3331] design top has unconnected port serial_out
---------------------------------------------------------------------------------
Finished RTL Elaboration : Time (s): cpu = 00:00:04 ; elapsed = 00:00:04 . Memory (MB): peak = 1108.297 ; gain = 64.535
---------------------------------------------------------------------------------

Report Check Netlist: 
+------+------------------+-------+---------+-------+------------------+
|      |Item              |Errors |Warnings |Status |Description       |
+------+------------------+-------+---------+-------+------------------+
|1     |multi_driven_nets |      0|        0|Passed |Multi driven nets |
+------+------------------+-------+---------+-------+------------------+
---------------------------------------------------------------------------------
Finished RTL Optimization Phase 1 : Time (s): cpu = 00:00:04 ; elapsed = 00:00:04 . Memory (MB): peak = 1108.297 ; gain = 64.535
---------------------------------------------------------------------------------
INFO: [Netlist 29-17] Analyzing 24 Unisim elements for replacement
INFO: [Netlist 29-28] Unisim Transformation completed in 0 CPU seconds
INFO: [Device 21-403] Loading part xc7a35tcpg236-1
INFO: [Project 1-570] Preparing netlist for logic optimization

Processing XDC Constraints
Initializing timing engine
Parsing XDC File [C:/Users/gorka/Documents/Repostiorios/Serial-Basys3/TXRX_Servos/TXRX_Servos.srcs/constrs_1/imports/Sistema Logiko Programagarriak/Basys3_Master.xdc]
Finished Parsing XDC File [C:/Users/gorka/Documents/Repostiorios/Serial-Basys3/TXRX_Servos/TXRX_Servos.srcs/constrs_1/imports/Sistema Logiko Programagarriak/Basys3_Master.xdc]
Completed Processing XDC Constraints

INFO: [Opt 31-140] Inserted 2 IBUFs to IO ports without IO buffers.
INFO: [Opt 31-138] Pushed 0 inverter(s) to 0 load pin(s).
INFO: [Project 1-111] Unisim Transformation Summary:
  A total of 24 instances were transformed.
  FD => FDRE: 3 instances
  FDE => FDRE: 21 instances

RTL Elaboration Complete:  : Time (s): cpu = 00:00:23 ; elapsed = 00:00:18 . Memory (MB): peak = 1398.070 ; gain = 354.309
81 Infos, 14 Warnings, 0 Critical Warnings and 0 Errors encountered.
synth_design completed successfully
synth_design: Time (s): cpu = 00:00:23 ; elapsed = 00:00:18 . Memory (MB): peak = 1398.070 ; gain = 354.309
ERROR: [Labtoolstcl 44-513] HW Target shutdown. Closing target: localhost:3121/xilinx_tcf/Digilent/210183A4D77BA
close_hw
close [ open C:/Users/gorka/Documents/Repostiorios/Serial-Basys3/TXRX_Servos/TXRX_Servos.srcs/sources_1/new/duplicator.vhd w ]
add_files C:/Users/gorka/Documents/Repostiorios/Serial-Basys3/TXRX_Servos/TXRX_Servos.srcs/sources_1/new/duplicator.vhd
update_compile_order -fileset sources_1
update_compile_order -fileset sources_1
update_compile_order -fileset sources_1
refresh_design
---------------------------------------------------------------------------------
Starting RTL Elaboration : Time (s): cpu = 00:00:03 ; elapsed = 00:00:03 . Memory (MB): peak = 1451.414 ; gain = 0.000
---------------------------------------------------------------------------------
INFO: [Synth 8-638] synthesizing module 'top' [C:/Users/gorka/Documents/Repostiorios/Serial-Basys3/TXRX_Servos/TXRX_Servos.srcs/sources_1/new/top.vhd:48]
INFO: [Synth 8-3491] module 'FrekuentziaZatitzailea' declared at 'C:/Users/gorka/Documents/Repostiorios/Serial-Basys3/TXRX_Servos/TXRX_Servos.srcs/sources_1/new/FrekuentziZatitzailea.vhd:15' bound to instance 'U1' of component 'FrekuentziaZatitzailea' [C:/Users/gorka/Documents/Repostiorios/Serial-Basys3/TXRX_Servos/TXRX_Servos.srcs/sources_1/new/top.vhd:140]
INFO: [Synth 8-638] synthesizing module 'FrekuentziaZatitzailea' [C:/Users/gorka/Documents/Repostiorios/Serial-Basys3/TXRX_Servos/TXRX_Servos.srcs/sources_1/new/FrekuentziZatitzailea.vhd:22]
INFO: [Synth 8-256] done synthesizing module 'FrekuentziaZatitzailea' (1#1) [C:/Users/gorka/Documents/Repostiorios/Serial-Basys3/TXRX_Servos/TXRX_Servos.srcs/sources_1/new/FrekuentziZatitzailea.vhd:22]
INFO: [Synth 8-3491] module 'kcuart_rx' declared at 'C:/Users/gorka/Documents/Repostiorios/Serial-Basys3/TXRX_Servos/TXRX_Servos.srcs/sources_1/new/kcuart_rx.vhd:12' bound to instance 'U2' of component 'kcuart_rx' [C:/Users/gorka/Documents/Repostiorios/Serial-Basys3/TXRX_Servos/TXRX_Servos.srcs/sources_1/new/top.vhd:146]
INFO: [Synth 8-638] synthesizing module 'kcuart_rx' [C:/Users/gorka/Documents/Repostiorios/Serial-Basys3/TXRX_Servos/TXRX_Servos.srcs/sources_1/new/kcuart_rx.vhd:23]
	Parameter INIT bound to: 1'b0 
INFO: [Synth 8-113] binding component instance 'sync_reg' to cell 'FD' [C:/Users/gorka/Documents/Repostiorios/Serial-Basys3/TXRX_Servos/TXRX_Servos.srcs/sources_1/new/kcuart_rx.vhd:67]
	Parameter INIT bound to: 1'b0 
INFO: [Synth 8-113] binding component instance 'stop_reg' to cell 'FD' [C:/Users/gorka/Documents/Repostiorios/Serial-Basys3/TXRX_Servos/TXRX_Servos.srcs/sources_1/new/kcuart_rx.vhd:72]
	Parameter INIT bound to: 16'b0000000000000000 
	Parameter IS_CLK_INVERTED bound to: 1'b0 
INFO: [Synth 8-113] binding component instance 'delay15_srl' to cell 'SRL16E' [C:/Users/gorka/Documents/Repostiorios/Serial-Basys3/TXRX_Servos/TXRX_Servos.srcs/sources_1/new/kcuart_rx.vhd:91]
	Parameter INIT bound to: 1'b0 
INFO: [Synth 8-113] binding component instance 'data_reg' to cell 'FDE' [C:/Users/gorka/Documents/Repostiorios/Serial-Basys3/TXRX_Servos/TXRX_Servos.srcs/sources_1/new/kcuart_rx.vhd:128]
	Parameter INIT bound to: 16'b0000000000000000 
	Parameter IS_CLK_INVERTED bound to: 1'b0 
INFO: [Synth 8-113] binding component instance 'delay15_srl' to cell 'SRL16E' [C:/Users/gorka/Documents/Repostiorios/Serial-Basys3/TXRX_Servos/TXRX_Servos.srcs/sources_1/new/kcuart_rx.vhd:91]
	Parameter INIT bound to: 1'b0 
INFO: [Synth 8-113] binding component instance 'data_reg' to cell 'FDE' [C:/Users/gorka/Documents/Repostiorios/Serial-Basys3/TXRX_Servos/TXRX_Servos.srcs/sources_1/new/kcuart_rx.vhd:128]
	Parameter INIT bound to: 16'b0000000000000000 
	Parameter IS_CLK_INVERTED bound to: 1'b0 
INFO: [Synth 8-113] binding component instance 'delay15_srl' to cell 'SRL16E' [C:/Users/gorka/Documents/Repostiorios/Serial-Basys3/TXRX_Servos/TXRX_Servos.srcs/sources_1/new/kcuart_rx.vhd:91]
	Parameter INIT bound to: 1'b0 
INFO: [Synth 8-113] binding component instance 'data_reg' to cell 'FDE' [C:/Users/gorka/Documents/Repostiorios/Serial-Basys3/TXRX_Servos/TXRX_Servos.srcs/sources_1/new/kcuart_rx.vhd:128]
	Parameter INIT bound to: 16'b0000000000000000 
	Parameter IS_CLK_INVERTED bound to: 1'b0 
INFO: [Synth 8-113] binding component instance 'delay15_srl' to cell 'SRL16E' [C:/Users/gorka/Documents/Repostiorios/Serial-Basys3/TXRX_Servos/TXRX_Servos.srcs/sources_1/new/kcuart_rx.vhd:91]
	Parameter INIT bound to: 1'b0 
INFO: [Synth 8-113] binding component instance 'data_reg' to cell 'FDE' [C:/Users/gorka/Documents/Repostiorios/Serial-Basys3/TXRX_Servos/TXRX_Servos.srcs/sources_1/new/kcuart_rx.vhd:128]
	Parameter INIT bound to: 16'b0000000000000000 
	Parameter IS_CLK_INVERTED bound to: 1'b0 
INFO: [Synth 8-113] binding component instance 'delay15_srl' to cell 'SRL16E' [C:/Users/gorka/Documents/Repostiorios/Serial-Basys3/TXRX_Servos/TXRX_Servos.srcs/sources_1/new/kcuart_rx.vhd:91]
	Parameter INIT bound to: 1'b0 
INFO: [Synth 8-113] binding component instance 'data_reg' to cell 'FDE' [C:/Users/gorka/Documents/Repostiorios/Serial-Basys3/TXRX_Servos/TXRX_Servos.srcs/sources_1/new/kcuart_rx.vhd:128]
	Parameter INIT bound to: 16'b0000000000000000 
	Parameter IS_CLK_INVERTED bound to: 1'b0 
INFO: [Synth 8-113] binding component instance 'delay15_srl' to cell 'SRL16E' [C:/Users/gorka/Documents/Repostiorios/Serial-Basys3/TXRX_Servos/TXRX_Servos.srcs/sources_1/new/kcuart_rx.vhd:91]
	Parameter INIT bound to: 1'b0 
INFO: [Synth 8-113] binding component instance 'data_reg' to cell 'FDE' [C:/Users/gorka/Documents/Repostiorios/Serial-Basys3/TXRX_Servos/TXRX_Servos.srcs/sources_1/new/kcuart_rx.vhd:128]
	Parameter INIT bound to: 16'b0000000000000000 
	Parameter IS_CLK_INVERTED bound to: 1'b0 
INFO: [Synth 8-113] binding component instance 'delay15_srl' to cell 'SRL16E' [C:/Users/gorka/Documents/Repostiorios/Serial-Basys3/TXRX_Servos/TXRX_Servos.srcs/sources_1/new/kcuart_rx.vhd:91]
	Parameter INIT bound to: 1'b0 
INFO: [Synth 8-113] binding component instance 'data_reg' to cell 'FDE' [C:/Users/gorka/Documents/Repostiorios/Serial-Basys3/TXRX_Servos/TXRX_Servos.srcs/sources_1/new/kcuart_rx.vhd:128]
	Parameter INIT bound to: 16'b0000000000000000 
	Parameter IS_CLK_INVERTED bound to: 1'b0 
INFO: [Synth 8-113] binding component instance 'delay15_srl' to cell 'SRL16E' [C:/Users/gorka/Documents/Repostiorios/Serial-Basys3/TXRX_Servos/TXRX_Servos.srcs/sources_1/new/kcuart_rx.vhd:113]
	Parameter INIT bound to: 1'b0 
INFO: [Synth 8-113] binding component instance 'data_reg' to cell 'FDE' [C:/Users/gorka/Documents/Repostiorios/Serial-Basys3/TXRX_Servos/TXRX_Servos.srcs/sources_1/new/kcuart_rx.vhd:128]
	Parameter INIT bound to: 16'b0000000000000000 
	Parameter IS_CLK_INVERTED bound to: 1'b0 
INFO: [Synth 8-113] binding component instance 'start_srl' to cell 'SRL16E' [C:/Users/gorka/Documents/Repostiorios/Serial-Basys3/TXRX_Servos/TXRX_Servos.srcs/sources_1/new/kcuart_rx.vhd:142]
	Parameter INIT bound to: 1'b0 
INFO: [Synth 8-113] binding component instance 'start_reg' to cell 'FDE' [C:/Users/gorka/Documents/Repostiorios/Serial-Basys3/TXRX_Servos/TXRX_Servos.srcs/sources_1/new/kcuart_rx.vhd:155]
	Parameter INIT bound to: 16'b0000000000000000 
	Parameter IS_CLK_INVERTED bound to: 1'b0 
INFO: [Synth 8-113] binding component instance 'edge_srl' to cell 'SRL16E' [C:/Users/gorka/Documents/Repostiorios/Serial-Basys3/TXRX_Servos/TXRX_Servos.srcs/sources_1/new/kcuart_rx.vhd:165]
	Parameter INIT bound to: 1'b0 
INFO: [Synth 8-113] binding component instance 'edge_reg' to cell 'FDE' [C:/Users/gorka/Documents/Repostiorios/Serial-Basys3/TXRX_Servos/TXRX_Servos.srcs/sources_1/new/kcuart_rx.vhd:178]
	Parameter INIT bound to: 16'b0000000001000000 
INFO: [Synth 8-113] binding component instance 'valid_lut' to cell 'LUT4' [C:/Users/gorka/Documents/Repostiorios/Serial-Basys3/TXRX_Servos/TXRX_Servos.srcs/sources_1/new/kcuart_rx.vhd:186]
	Parameter INIT bound to: 1'b0 
INFO: [Synth 8-113] binding component instance 'valid_reg' to cell 'FDE' [C:/Users/gorka/Documents/Repostiorios/Serial-Basys3/TXRX_Servos/TXRX_Servos.srcs/sources_1/new/kcuart_rx.vhd:196]
	Parameter INIT bound to: 8'b01010100 
INFO: [Synth 8-113] binding component instance 'purge_lut' to cell 'LUT3' [C:/Users/gorka/Documents/Repostiorios/Serial-Basys3/TXRX_Servos/TXRX_Servos.srcs/sources_1/new/kcuart_rx.vhd:204]
	Parameter INIT bound to: 1'b0 
INFO: [Synth 8-113] binding component instance 'purge_reg' to cell 'FDE' [C:/Users/gorka/Documents/Repostiorios/Serial-Basys3/TXRX_Servos/TXRX_Servos.srcs/sources_1/new/kcuart_rx.vhd:213]
	Parameter INIT bound to: 16'b0000000000000000 
	Parameter IS_CLK_INVERTED bound to: 1'b0 
INFO: [Synth 8-113] binding component instance 'delay15_srl' to cell 'SRL16E' [C:/Users/gorka/Documents/Repostiorios/Serial-Basys3/TXRX_Servos/TXRX_Servos.srcs/sources_1/new/kcuart_rx.vhd:234]
	Parameter INIT bound to: 1'b0 
INFO: [Synth 8-113] binding component instance 'data_reg' to cell 'FDE' [C:/Users/gorka/Documents/Repostiorios/Serial-Basys3/TXRX_Servos/TXRX_Servos.srcs/sources_1/new/kcuart_rx.vhd:271]
	Parameter INIT bound to: 16'b0000000000000000 
	Parameter IS_CLK_INVERTED bound to: 1'b0 
INFO: [Synth 8-113] binding component instance 'delay16_srl' to cell 'SRL16E' [C:/Users/gorka/Documents/Repostiorios/Serial-Basys3/TXRX_Servos/TXRX_Servos.srcs/sources_1/new/kcuart_rx.vhd:256]
	Parameter INIT bound to: 1'b0 
INFO: [Synth 8-113] binding component instance 'data_reg' to cell 'FDE' [C:/Users/gorka/Documents/Repostiorios/Serial-Basys3/TXRX_Servos/TXRX_Servos.srcs/sources_1/new/kcuart_rx.vhd:271]
	Parameter INIT bound to: 16'b0000000000000000 
	Parameter IS_CLK_INVERTED bound to: 1'b0 
INFO: [Synth 8-113] binding component instance 'delay16_srl' to cell 'SRL16E' [C:/Users/gorka/Documents/Repostiorios/Serial-Basys3/TXRX_Servos/TXRX_Servos.srcs/sources_1/new/kcuart_rx.vhd:256]
	Parameter INIT bound to: 1'b0 
INFO: [Synth 8-113] binding component instance 'data_reg' to cell 'FDE' [C:/Users/gorka/Documents/Repostiorios/Serial-Basys3/TXRX_Servos/TXRX_Servos.srcs/sources_1/new/kcuart_rx.vhd:271]
	Parameter INIT bound to: 16'b0000000000000000 
	Parameter IS_CLK_INVERTED bound to: 1'b0 
INFO: [Synth 8-113] binding component instance 'delay16_srl' to cell 'SRL16E' [C:/Users/gorka/Documents/Repostiorios/Serial-Basys3/TXRX_Servos/TXRX_Servos.srcs/sources_1/new/kcuart_rx.vhd:256]
	Parameter INIT bound to: 1'b0 
INFO: [Synth 8-113] binding component instance 'data_reg' to cell 'FDE' [C:/Users/gorka/Documents/Repostiorios/Serial-Basys3/TXRX_Servos/TXRX_Servos.srcs/sources_1/new/kcuart_rx.vhd:271]
	Parameter INIT bound to: 16'b0000000000000000 
	Parameter IS_CLK_INVERTED bound to: 1'b0 
INFO: [Synth 8-113] binding component instance 'delay16_srl' to cell 'SRL16E' [C:/Users/gorka/Documents/Repostiorios/Serial-Basys3/TXRX_Servos/TXRX_Servos.srcs/sources_1/new/kcuart_rx.vhd:256]
	Parameter INIT bound to: 1'b0 
INFO: [Synth 8-113] binding component instance 'data_reg' to cell 'FDE' [C:/Users/gorka/Documents/Repostiorios/Serial-Basys3/TXRX_Servos/TXRX_Servos.srcs/sources_1/new/kcuart_rx.vhd:271]
	Parameter INIT bound to: 16'b0000000000000000 
	Parameter IS_CLK_INVERTED bound to: 1'b0 
INFO: [Synth 8-113] binding component instance 'delay16_srl' to cell 'SRL16E' [C:/Users/gorka/Documents/Repostiorios/Serial-Basys3/TXRX_Servos/TXRX_Servos.srcs/sources_1/new/kcuart_rx.vhd:256]
	Parameter INIT bound to: 1'b0 
INFO: [Synth 8-113] binding component instance 'data_reg' to cell 'FDE' [C:/Users/gorka/Documents/Repostiorios/Serial-Basys3/TXRX_Servos/TXRX_Servos.srcs/sources_1/new/kcuart_rx.vhd:271]
	Parameter INIT bound to: 16'b0000000000000000 
	Parameter IS_CLK_INVERTED bound to: 1'b0 
INFO: [Synth 8-113] binding component instance 'delay16_srl' to cell 'SRL16E' [C:/Users/gorka/Documents/Repostiorios/Serial-Basys3/TXRX_Servos/TXRX_Servos.srcs/sources_1/new/kcuart_rx.vhd:256]
	Parameter INIT bound to: 1'b0 
INFO: [Synth 8-113] binding component instance 'data_reg' to cell 'FDE' [C:/Users/gorka/Documents/Repostiorios/Serial-Basys3/TXRX_Servos/TXRX_Servos.srcs/sources_1/new/kcuart_rx.vhd:271]
	Parameter INIT bound to: 16'b0000000000000000 
	Parameter IS_CLK_INVERTED bound to: 1'b0 
INFO: [Synth 8-113] binding component instance 'delay16_srl' to cell 'SRL16E' [C:/Users/gorka/Documents/Repostiorios/Serial-Basys3/TXRX_Servos/TXRX_Servos.srcs/sources_1/new/kcuart_rx.vhd:256]
	Parameter INIT bound to: 1'b0 
INFO: [Synth 8-113] binding component instance 'data_reg' to cell 'FDE' [C:/Users/gorka/Documents/Repostiorios/Serial-Basys3/TXRX_Servos/TXRX_Servos.srcs/sources_1/new/kcuart_rx.vhd:271]
	Parameter INIT bound to: 16'b0000000000000000 
	Parameter IS_CLK_INVERTED bound to: 1'b0 
INFO: [Synth 8-113] binding component instance 'delay16_srl' to cell 'SRL16E' [C:/Users/gorka/Documents/Repostiorios/Serial-Basys3/TXRX_Servos/TXRX_Servos.srcs/sources_1/new/kcuart_rx.vhd:256]
	Parameter INIT bound to: 1'b0 
INFO: [Synth 8-113] binding component instance 'data_reg' to cell 'FDE' [C:/Users/gorka/Documents/Repostiorios/Serial-Basys3/TXRX_Servos/TXRX_Servos.srcs/sources_1/new/kcuart_rx.vhd:271]
	Parameter INIT bound to: 4'b1000 
INFO: [Synth 8-113] binding component instance 'strobe_lut' to cell 'LUT2' [C:/Users/gorka/Documents/Repostiorios/Serial-Basys3/TXRX_Servos/TXRX_Servos.srcs/sources_1/new/kcuart_rx.vhd:281]
	Parameter INIT bound to: 1'b0 
INFO: [Synth 8-113] binding component instance 'strobe_reg' to cell 'FD' [C:/Users/gorka/Documents/Repostiorios/Serial-Basys3/TXRX_Servos/TXRX_Servos.srcs/sources_1/new/kcuart_rx.vhd:289]
WARNING: [Synth 8-2887] Directive 'init' on 'valid_lut' is unsupported and ignored
WARNING: [Synth 8-2887] Directive 'init' on 'purge_lut' is unsupported and ignored
WARNING: [Synth 8-2887] Directive 'init' on 'strobe_lut' is unsupported and ignored
INFO: [Synth 8-256] done synthesizing module 'kcuart_rx' (2#1) [C:/Users/gorka/Documents/Repostiorios/Serial-Basys3/TXRX_Servos/TXRX_Servos.srcs/sources_1/new/kcuart_rx.vhd:23]
INFO: [Synth 8-3491] module 'EM' declared at 'C:/Users/gorka/Documents/Repostiorios/Serial-Basys3/TXRX_Servos/TXRX_Servos.srcs/sources_1/new/EM.vhd:35' bound to instance 'U3' of component 'EM' [C:/Users/gorka/Documents/Repostiorios/Serial-Basys3/TXRX_Servos/TXRX_Servos.srcs/sources_1/new/top.vhd:153]
INFO: [Synth 8-638] synthesizing module 'EM' [C:/Users/gorka/Documents/Repostiorios/Serial-Basys3/TXRX_Servos/TXRX_Servos.srcs/sources_1/new/EM.vhd:44]
WARNING: [Synth 8-614] signal 'data_strobe' is read in the process but is not in the sensitivity list [C:/Users/gorka/Documents/Repostiorios/Serial-Basys3/TXRX_Servos/TXRX_Servos.srcs/sources_1/new/EM.vhd:64]
WARNING: [Synth 8-614] signal 'datain' is read in the process but is not in the sensitivity list [C:/Users/gorka/Documents/Repostiorios/Serial-Basys3/TXRX_Servos/TXRX_Servos.srcs/sources_1/new/EM.vhd:64]
WARNING: [Synth 8-614] signal 's_data' is read in the process but is not in the sensitivity list [C:/Users/gorka/Documents/Repostiorios/Serial-Basys3/TXRX_Servos/TXRX_Servos.srcs/sources_1/new/EM.vhd:64]
INFO: [Synth 8-256] done synthesizing module 'EM' (3#1) [C:/Users/gorka/Documents/Repostiorios/Serial-Basys3/TXRX_Servos/TXRX_Servos.srcs/sources_1/new/EM.vhd:44]
INFO: [Synth 8-3491] module 'Memoria' declared at 'C:/Users/gorka/Documents/Repostiorios/Serial-Basys3/TXRX_Servos/TXRX_Servos.srcs/sources_1/new/Memoria.vhd:36' bound to instance 'U6' of component 'Memoria' [C:/Users/gorka/Documents/Repostiorios/Serial-Basys3/TXRX_Servos/TXRX_Servos.srcs/sources_1/new/top.vhd:160]
INFO: [Synth 8-638] synthesizing module 'Memoria' [C:/Users/gorka/Documents/Repostiorios/Serial-Basys3/TXRX_Servos/TXRX_Servos.srcs/sources_1/new/Memoria.vhd:43]
WARNING: [Synth 8-614] signal 's_memoria' is read in the process but is not in the sensitivity list [C:/Users/gorka/Documents/Repostiorios/Serial-Basys3/TXRX_Servos/TXRX_Servos.srcs/sources_1/new/Memoria.vhd:48]
INFO: [Synth 8-256] done synthesizing module 'Memoria' (4#1) [C:/Users/gorka/Documents/Repostiorios/Serial-Basys3/TXRX_Servos/TXRX_Servos.srcs/sources_1/new/Memoria.vhd:43]
INFO: [Synth 8-3491] module 'PWM_controller' declared at 'C:/Users/gorka/Documents/Repostiorios/Serial-Basys3/TXRX_Servos/TXRX_Servos.srcs/sources_1/new/PMW_Controller.vhd:36' bound to instance 'U7' of component 'PWM_controller' [C:/Users/gorka/Documents/Repostiorios/Serial-Basys3/TXRX_Servos/TXRX_Servos.srcs/sources_1/new/top.vhd:166]
INFO: [Synth 8-638] synthesizing module 'PWM_controller' [C:/Users/gorka/Documents/Repostiorios/Serial-Basys3/TXRX_Servos/TXRX_Servos.srcs/sources_1/new/PMW_Controller.vhd:43]
WARNING: [Synth 8-614] signal 'aux1' is read in the process but is not in the sensitivity list [C:/Users/gorka/Documents/Repostiorios/Serial-Basys3/TXRX_Servos/TXRX_Servos.srcs/sources_1/new/PMW_Controller.vhd:69]
WARNING: [Synth 8-614] signal 'aux2' is read in the process but is not in the sensitivity list [C:/Users/gorka/Documents/Repostiorios/Serial-Basys3/TXRX_Servos/TXRX_Servos.srcs/sources_1/new/PMW_Controller.vhd:69]
INFO: [Synth 8-256] done synthesizing module 'PWM_controller' (5#1) [C:/Users/gorka/Documents/Repostiorios/Serial-Basys3/TXRX_Servos/TXRX_Servos.srcs/sources_1/new/PMW_Controller.vhd:43]
INFO: [Synth 8-3491] module 'divisor_display' declared at 'C:/Users/gorka/Documents/Repostiorios/Serial-Basys3/TXRX_Servos/TXRX_Servos.srcs/sources_1/new/divisor_display.vhd:36' bound to instance 'U8' of component 'divisor_display' [C:/Users/gorka/Documents/Repostiorios/Serial-Basys3/TXRX_Servos/TXRX_Servos.srcs/sources_1/new/top.vhd:171]
INFO: [Synth 8-638] synthesizing module 'divisor_display' [C:/Users/gorka/Documents/Repostiorios/Serial-Basys3/TXRX_Servos/TXRX_Servos.srcs/sources_1/new/divisor_display.vhd:43]
INFO: [Synth 8-256] done synthesizing module 'divisor_display' (6#1) [C:/Users/gorka/Documents/Repostiorios/Serial-Basys3/TXRX_Servos/TXRX_Servos.srcs/sources_1/new/divisor_display.vhd:43]
INFO: [Synth 8-3491] module 'display7' declared at 'C:/Users/gorka/Documents/Repostiorios/Serial-Basys3/TXRX_Servos/TXRX_Servos.srcs/sources_1/new/display.vhd:34' bound to instance 'U9' of component 'display7' [C:/Users/gorka/Documents/Repostiorios/Serial-Basys3/TXRX_Servos/TXRX_Servos.srcs/sources_1/new/top.vhd:176]
INFO: [Synth 8-638] synthesizing module 'display7' [C:/Users/gorka/Documents/Repostiorios/Serial-Basys3/TXRX_Servos/TXRX_Servos.srcs/sources_1/new/display.vhd:39]
INFO: [Synth 8-256] done synthesizing module 'display7' (7#1) [C:/Users/gorka/Documents/Repostiorios/Serial-Basys3/TXRX_Servos/TXRX_Servos.srcs/sources_1/new/display.vhd:39]
INFO: [Synth 8-3491] module 'display7' declared at 'C:/Users/gorka/Documents/Repostiorios/Serial-Basys3/TXRX_Servos/TXRX_Servos.srcs/sources_1/new/display.vhd:34' bound to instance 'U10' of component 'display7' [C:/Users/gorka/Documents/Repostiorios/Serial-Basys3/TXRX_Servos/TXRX_Servos.srcs/sources_1/new/top.vhd:179]
INFO: [Synth 8-3491] module 'display7' declared at 'C:/Users/gorka/Documents/Repostiorios/Serial-Basys3/TXRX_Servos/TXRX_Servos.srcs/sources_1/new/display.vhd:34' bound to instance 'U11' of component 'display7' [C:/Users/gorka/Documents/Repostiorios/Serial-Basys3/TXRX_Servos/TXRX_Servos.srcs/sources_1/new/top.vhd:182]
INFO: [Synth 8-3491] module 'EM_display' declared at 'C:/Users/gorka/Documents/Repostiorios/Serial-Basys3/TXRX_Servos/TXRX_Servos.srcs/sources_1/new/EM_display.vhd:34' bound to instance 'U12' of component 'EM_display' [C:/Users/gorka/Documents/Repostiorios/Serial-Basys3/TXRX_Servos/TXRX_Servos.srcs/sources_1/new/top.vhd:185]
INFO: [Synth 8-638] synthesizing module 'EM_display' [C:/Users/gorka/Documents/Repostiorios/Serial-Basys3/TXRX_Servos/TXRX_Servos.srcs/sources_1/new/EM_display.vhd:44]
WARNING: [Synth 8-614] signal 'zenb_bateko' is read in the process but is not in the sensitivity list [C:/Users/gorka/Documents/Repostiorios/Serial-Basys3/TXRX_Servos/TXRX_Servos.srcs/sources_1/new/EM_display.vhd:57]
WARNING: [Synth 8-614] signal 'zenb_hamarreko' is read in the process but is not in the sensitivity list [C:/Users/gorka/Documents/Repostiorios/Serial-Basys3/TXRX_Servos/TXRX_Servos.srcs/sources_1/new/EM_display.vhd:57]
WARNING: [Synth 8-614] signal 'zenb_ehuneko' is read in the process but is not in the sensitivity list [C:/Users/gorka/Documents/Repostiorios/Serial-Basys3/TXRX_Servos/TXRX_Servos.srcs/sources_1/new/EM_display.vhd:57]
INFO: [Synth 8-256] done synthesizing module 'EM_display' (8#1) [C:/Users/gorka/Documents/Repostiorios/Serial-Basys3/TXRX_Servos/TXRX_Servos.srcs/sources_1/new/EM_display.vhd:44]
INFO: [Synth 8-3491] module 'duplicator' declared at 'C:/Users/gorka/Documents/Repostiorios/Serial-Basys3/TXRX_Servos/TXRX_Servos.srcs/sources_1/new/duplicator.vhd:34' bound to instance 'U13' of component 'duplicator' [C:/Users/gorka/Documents/Repostiorios/Serial-Basys3/TXRX_Servos/TXRX_Servos.srcs/sources_1/new/top.vhd:192]
INFO: [Synth 8-638] synthesizing module 'duplicator' [C:/Users/gorka/Documents/Repostiorios/Serial-Basys3/TXRX_Servos/TXRX_Servos.srcs/sources_1/new/duplicator.vhd:43]
INFO: [Synth 8-256] done synthesizing module 'duplicator' (9#1) [C:/Users/gorka/Documents/Repostiorios/Serial-Basys3/TXRX_Servos/TXRX_Servos.srcs/sources_1/new/duplicator.vhd:43]
WARNING: [Synth 8-3848] Net serial_out in module/entity top does not have driver. [C:/Users/gorka/Documents/Repostiorios/Serial-Basys3/TXRX_Servos/TXRX_Servos.srcs/sources_1/new/top.vhd:37]
INFO: [Synth 8-256] done synthesizing module 'top' (10#1) [C:/Users/gorka/Documents/Repostiorios/Serial-Basys3/TXRX_Servos/TXRX_Servos.srcs/sources_1/new/top.vhd:48]
WARNING: [Synth 8-3331] design top has unconnected port serial_out
---------------------------------------------------------------------------------
Finished RTL Elaboration : Time (s): cpu = 00:00:04 ; elapsed = 00:00:04 . Memory (MB): peak = 1451.414 ; gain = 0.000
---------------------------------------------------------------------------------

Report Check Netlist: 
+------+------------------+-------+---------+-------+------------------+
|      |Item              |Errors |Warnings |Status |Description       |
+------+------------------+-------+---------+-------+------------------+
|1     |multi_driven_nets |      0|        0|Passed |Multi driven nets |
+------+------------------+-------+---------+-------+------------------+
---------------------------------------------------------------------------------
Finished RTL Optimization Phase 1 : Time (s): cpu = 00:00:04 ; elapsed = 00:00:04 . Memory (MB): peak = 1451.414 ; gain = 0.000
---------------------------------------------------------------------------------
INFO: [Netlist 29-17] Analyzing 24 Unisim elements for replacement
INFO: [Netlist 29-28] Unisim Transformation completed in 0 CPU seconds
INFO: [Project 1-570] Preparing netlist for logic optimization

Processing XDC Constraints
Initializing timing engine
Parsing XDC File [C:/Users/gorka/Documents/Repostiorios/Serial-Basys3/TXRX_Servos/TXRX_Servos.srcs/constrs_1/imports/Sistema Logiko Programagarriak/Basys3_Master.xdc]
WARNING: [Vivado 12-584] No ports matched 'serial_pmw_port'. [C:/Users/gorka/Documents/Repostiorios/Serial-Basys3/TXRX_Servos/TXRX_Servos.srcs/constrs_1/imports/Sistema Logiko Programagarriak/Basys3_Master.xdc:126]
CRITICAL WARNING: [Common 17-55] 'set_property' expects at least one object. [C:/Users/gorka/Documents/Repostiorios/Serial-Basys3/TXRX_Servos/TXRX_Servos.srcs/constrs_1/imports/Sistema Logiko Programagarriak/Basys3_Master.xdc:126]
Resolution: If [get_<value>] was used to populate the object, check to make sure this command returns at least one valid object.
WARNING: [Vivado 12-584] No ports matched 'serial_pmw_port'. [C:/Users/gorka/Documents/Repostiorios/Serial-Basys3/TXRX_Servos/TXRX_Servos.srcs/constrs_1/imports/Sistema Logiko Programagarriak/Basys3_Master.xdc:127]
CRITICAL WARNING: [Common 17-55] 'set_property' expects at least one object. [C:/Users/gorka/Documents/Repostiorios/Serial-Basys3/TXRX_Servos/TXRX_Servos.srcs/constrs_1/imports/Sistema Logiko Programagarriak/Basys3_Master.xdc:127]
Resolution: If [get_<value>] was used to populate the object, check to make sure this command returns at least one valid object.
Finished Parsing XDC File [C:/Users/gorka/Documents/Repostiorios/Serial-Basys3/TXRX_Servos/TXRX_Servos.srcs/constrs_1/imports/Sistema Logiko Programagarriak/Basys3_Master.xdc]
Completed Processing XDC Constraints

INFO: [Opt 31-140] Inserted 2 IBUFs to IO ports without IO buffers.
INFO: [Opt 31-138] Pushed 0 inverter(s) to 0 load pin(s).
refresh_design: Time (s): cpu = 00:00:13 ; elapsed = 00:00:10 . Memory (MB): peak = 1478.383 ; gain = 26.969
reset_run synth_1
launch_runs impl_1 -to_step write_bitstream -jobs 2
[Wed Jan 20 18:05:06 2021] Launched synth_1...
Run output will be captured here: C:/Users/gorka/Documents/Repostiorios/Serial-Basys3/TXRX_Servos/TXRX_Servos.runs/synth_1/runme.log
[Wed Jan 20 18:05:06 2021] Launched impl_1...
Run output will be captured here: C:/Users/gorka/Documents/Repostiorios/Serial-Basys3/TXRX_Servos/TXRX_Servos.runs/impl_1/runme.log
refresh_design
INFO: [Project 1-570] Preparing netlist for logic optimization

Processing XDC Constraints
Initializing timing engine
Parsing XDC File [C:/Users/gorka/Documents/Repostiorios/Serial-Basys3/TXRX_Servos/TXRX_Servos.srcs/constrs_1/imports/Sistema Logiko Programagarriak/Basys3_Master.xdc]
WARNING: [Vivado 12-584] No ports matched 'e_pmw_port]'. [C:/Users/gorka/Documents/Repostiorios/Serial-Basys3/TXRX_Servos/TXRX_Servos.srcs/constrs_1/imports/Sistema Logiko Programagarriak/Basys3_Master.xdc:139]
CRITICAL WARNING: [Common 17-55] 'set_property' expects at least one object. [C:/Users/gorka/Documents/Repostiorios/Serial-Basys3/TXRX_Servos/TXRX_Servos.srcs/constrs_1/imports/Sistema Logiko Programagarriak/Basys3_Master.xdc:139]
Resolution: If [get_<value>] was used to populate the object, check to make sure this command returns at least one valid object.
Finished Parsing XDC File [C:/Users/gorka/Documents/Repostiorios/Serial-Basys3/TXRX_Servos/TXRX_Servos.srcs/constrs_1/imports/Sistema Logiko Programagarriak/Basys3_Master.xdc]
Completed Processing XDC Constraints

INFO: [Opt 31-138] Pushed 0 inverter(s) to 0 load pin(s).
refresh_design: Time (s): cpu = 00:00:09 ; elapsed = 00:00:06 . Memory (MB): peak = 1486.879 ; gain = 8.496
reset_run synth_1
launch_runs impl_1 -to_step write_bitstream -jobs 2
[Wed Jan 20 18:12:51 2021] Launched synth_1...
Run output will be captured here: C:/Users/gorka/Documents/Repostiorios/Serial-Basys3/TXRX_Servos/TXRX_Servos.runs/synth_1/runme.log
[Wed Jan 20 18:12:51 2021] Launched impl_1...
Run output will be captured here: C:/Users/gorka/Documents/Repostiorios/Serial-Basys3/TXRX_Servos/TXRX_Servos.runs/impl_1/runme.log
update_compile_order -fileset sources_1
reset_run synth_1
launch_runs impl_1 -to_step write_bitstream -jobs 2
[Wed Jan 20 18:15:32 2021] Launched synth_1...
Run output will be captured here: C:/Users/gorka/Documents/Repostiorios/Serial-Basys3/TXRX_Servos/TXRX_Servos.runs/synth_1/runme.log
[Wed Jan 20 18:15:32 2021] Launched impl_1...
Run output will be captured here: C:/Users/gorka/Documents/Repostiorios/Serial-Basys3/TXRX_Servos/TXRX_Servos.runs/impl_1/runme.log
exit
INFO: [Common 17-206] Exiting Vivado at Wed Jan 20 18:17:15 2021...
