#-----------------------------------------------------------
# Vivado v2017.2 (64-bit)
# SW Build 1909853 on Thu Jun 15 18:39:09 MDT 2017
# IP Build 1909766 on Thu Jun 15 19:58:00 MDT 2017
# Start of session at: Wed Jan 27 19:34:45 2021
# Process ID: 6912
# Current directory: C:/Users/gorka/Downloads/Byte_Hand-1.0/Serial-Basys3-1.0/TXRX_Servos
# Command line: vivado.exe -gui_launcher_event rodinguilauncherevent15036 C:\Users\gorka\Downloads\Byte_Hand-1.0\Serial-Basys3-1.0\TXRX_Servos\TXRX_Servos.xpr
# Log file: C:/Users/gorka/Downloads/Byte_Hand-1.0/Serial-Basys3-1.0/TXRX_Servos/vivado.log
# Journal file: C:/Users/gorka/Downloads/Byte_Hand-1.0/Serial-Basys3-1.0/TXRX_Servos\vivado.jou
#-----------------------------------------------------------
start_gui
open_project C:/Users/gorka/Downloads/Byte_Hand-1.0/Serial-Basys3-1.0/TXRX_Servos/TXRX_Servos.xpr
INFO: [Project 1-313] Project file moved from 'C:/Users/Ainhize/Documents/Informatika/MAILA2/PBL3/Vivado/Serial-Basys3-1.0/TXRX_Servos' since last save.
CRITICAL WARNING: [Project 1-311] Could not find the file 'C:/Users/gorka/Downloads/Byte_Hand-1.0/Serial-Basys3-1.0/TXRX_Servos/TXRX_Servos.srcs/sim_1/imports/new/nagusia_display.vhd', nor could it be found using path 'C:/Users/Ainhize/Documents/Informatika/MAILA2/PBL3/Vivado/Serial-Basys3-1.0/TXRX_Servos/TXRX_Servos.srcs/sim_1/imports/new/nagusia_display.vhd'.
CRITICAL WARNING: [Project 1-311] Could not find the file 'C:/Users/gorka/Downloads/Byte_Hand-1.0/Serial-Basys3-1.0/TXRX_Servos/TXRX_Servos.srcs/sim_1/imports/Downloads/nagusia_display_tb.vhd', nor could it be found using path 'C:/Users/Ainhize/Documents/Informatika/MAILA2/PBL3/Vivado/Serial-Basys3-1.0/TXRX_Servos/TXRX_Servos.srcs/sim_1/imports/Downloads/nagusia_display_tb.vhd'.
Scanning sources...
Finished scanning sources
INFO: [IP_Flow 19-234] Refreshing IP repositories
INFO: [IP_Flow 19-1704] No user IP repositories specified
INFO: [IP_Flow 19-2313] Loaded Vivado IP repository 'C:/Xilinx/Vivado/2017.2/data/ip'.
open_project: Time (s): cpu = 00:00:12 ; elapsed = 00:00:07 . Memory (MB): peak = 821.266 ; gain = 96.973
update_compile_order -fileset sources_1
synth_design -rtl -name rtl_1
Command: synth_design -rtl -name rtl_1
Starting synth_design
Using part: xc7a35tcpg236-1
Top: top
---------------------------------------------------------------------------------
Starting RTL Elaboration : Time (s): cpu = 00:00:04 ; elapsed = 00:00:03 . Memory (MB): peak = 892.465 ; gain = 48.465
---------------------------------------------------------------------------------
INFO: [Synth 8-638] synthesizing module 'top' [C:/Users/gorka/Downloads/Byte_Hand-1.0/Serial-Basys3-1.0/TXRX_Servos/TXRX_Servos.srcs/sources_1/new/top.vhd:60]
INFO: [Synth 8-3491] module 'FrekuentziaZatitzailea' declared at 'C:/Users/gorka/Downloads/Byte_Hand-1.0/Serial-Basys3-1.0/TXRX_Servos/TXRX_Servos.srcs/sources_1/new/FrekuentziZatitzailea.vhd:15' bound to instance 'CLK_Zatitzailea' of component 'FrekuentziaZatitzailea' [C:/Users/gorka/Downloads/Byte_Hand-1.0/Serial-Basys3-1.0/TXRX_Servos/TXRX_Servos.srcs/sources_1/new/top.vhd:146]
INFO: [Synth 8-638] synthesizing module 'FrekuentziaZatitzailea' [C:/Users/gorka/Downloads/Byte_Hand-1.0/Serial-Basys3-1.0/TXRX_Servos/TXRX_Servos.srcs/sources_1/new/FrekuentziZatitzailea.vhd:22]
INFO: [Synth 8-256] done synthesizing module 'FrekuentziaZatitzailea' (1#1) [C:/Users/gorka/Downloads/Byte_Hand-1.0/Serial-Basys3-1.0/TXRX_Servos/TXRX_Servos.srcs/sources_1/new/FrekuentziZatitzailea.vhd:22]
INFO: [Synth 8-3491] module 'kcuart_rx' declared at 'C:/Users/gorka/Downloads/Byte_Hand-1.0/Serial-Basys3-1.0/TXRX_Servos/TXRX_Servos.srcs/sources_1/new/kcuart_rx.vhd:12' bound to instance 'RX' of component 'kcuart_rx' [C:/Users/gorka/Downloads/Byte_Hand-1.0/Serial-Basys3-1.0/TXRX_Servos/TXRX_Servos.srcs/sources_1/new/top.vhd:152]
INFO: [Synth 8-638] synthesizing module 'kcuart_rx' [C:/Users/gorka/Downloads/Byte_Hand-1.0/Serial-Basys3-1.0/TXRX_Servos/TXRX_Servos.srcs/sources_1/new/kcuart_rx.vhd:23]
	Parameter INIT bound to: 1'b0 
INFO: [Synth 8-113] binding component instance 'sync_reg' to cell 'FD' [C:/Users/gorka/Downloads/Byte_Hand-1.0/Serial-Basys3-1.0/TXRX_Servos/TXRX_Servos.srcs/sources_1/new/kcuart_rx.vhd:67]
	Parameter INIT bound to: 1'b0 
INFO: [Synth 8-113] binding component instance 'stop_reg' to cell 'FD' [C:/Users/gorka/Downloads/Byte_Hand-1.0/Serial-Basys3-1.0/TXRX_Servos/TXRX_Servos.srcs/sources_1/new/kcuart_rx.vhd:72]
	Parameter INIT bound to: 16'b0000000000000000 
	Parameter IS_CLK_INVERTED bound to: 1'b0 
INFO: [Synth 8-113] binding component instance 'delay15_srl' to cell 'SRL16E' [C:/Users/gorka/Downloads/Byte_Hand-1.0/Serial-Basys3-1.0/TXRX_Servos/TXRX_Servos.srcs/sources_1/new/kcuart_rx.vhd:91]
	Parameter INIT bound to: 1'b0 
INFO: [Synth 8-113] binding component instance 'data_reg' to cell 'FDE' [C:/Users/gorka/Downloads/Byte_Hand-1.0/Serial-Basys3-1.0/TXRX_Servos/TXRX_Servos.srcs/sources_1/new/kcuart_rx.vhd:128]
	Parameter INIT bound to: 16'b0000000000000000 
	Parameter IS_CLK_INVERTED bound to: 1'b0 
INFO: [Synth 8-113] binding component instance 'delay15_srl' to cell 'SRL16E' [C:/Users/gorka/Downloads/Byte_Hand-1.0/Serial-Basys3-1.0/TXRX_Servos/TXRX_Servos.srcs/sources_1/new/kcuart_rx.vhd:91]
	Parameter INIT bound to: 1'b0 
INFO: [Synth 8-113] binding component instance 'data_reg' to cell 'FDE' [C:/Users/gorka/Downloads/Byte_Hand-1.0/Serial-Basys3-1.0/TXRX_Servos/TXRX_Servos.srcs/sources_1/new/kcuart_rx.vhd:128]
	Parameter INIT bound to: 16'b0000000000000000 
	Parameter IS_CLK_INVERTED bound to: 1'b0 
INFO: [Synth 8-113] binding component instance 'delay15_srl' to cell 'SRL16E' [C:/Users/gorka/Downloads/Byte_Hand-1.0/Serial-Basys3-1.0/TXRX_Servos/TXRX_Servos.srcs/sources_1/new/kcuart_rx.vhd:91]
	Parameter INIT bound to: 1'b0 
INFO: [Synth 8-113] binding component instance 'data_reg' to cell 'FDE' [C:/Users/gorka/Downloads/Byte_Hand-1.0/Serial-Basys3-1.0/TXRX_Servos/TXRX_Servos.srcs/sources_1/new/kcuart_rx.vhd:128]
	Parameter INIT bound to: 16'b0000000000000000 
	Parameter IS_CLK_INVERTED bound to: 1'b0 
INFO: [Synth 8-113] binding component instance 'delay15_srl' to cell 'SRL16E' [C:/Users/gorka/Downloads/Byte_Hand-1.0/Serial-Basys3-1.0/TXRX_Servos/TXRX_Servos.srcs/sources_1/new/kcuart_rx.vhd:91]
	Parameter INIT bound to: 1'b0 
INFO: [Synth 8-113] binding component instance 'data_reg' to cell 'FDE' [C:/Users/gorka/Downloads/Byte_Hand-1.0/Serial-Basys3-1.0/TXRX_Servos/TXRX_Servos.srcs/sources_1/new/kcuart_rx.vhd:128]
	Parameter INIT bound to: 16'b0000000000000000 
	Parameter IS_CLK_INVERTED bound to: 1'b0 
INFO: [Synth 8-113] binding component instance 'delay15_srl' to cell 'SRL16E' [C:/Users/gorka/Downloads/Byte_Hand-1.0/Serial-Basys3-1.0/TXRX_Servos/TXRX_Servos.srcs/sources_1/new/kcuart_rx.vhd:91]
	Parameter INIT bound to: 1'b0 
INFO: [Synth 8-113] binding component instance 'data_reg' to cell 'FDE' [C:/Users/gorka/Downloads/Byte_Hand-1.0/Serial-Basys3-1.0/TXRX_Servos/TXRX_Servos.srcs/sources_1/new/kcuart_rx.vhd:128]
	Parameter INIT bound to: 16'b0000000000000000 
	Parameter IS_CLK_INVERTED bound to: 1'b0 
INFO: [Synth 8-113] binding component instance 'delay15_srl' to cell 'SRL16E' [C:/Users/gorka/Downloads/Byte_Hand-1.0/Serial-Basys3-1.0/TXRX_Servos/TXRX_Servos.srcs/sources_1/new/kcuart_rx.vhd:91]
	Parameter INIT bound to: 1'b0 
INFO: [Synth 8-113] binding component instance 'data_reg' to cell 'FDE' [C:/Users/gorka/Downloads/Byte_Hand-1.0/Serial-Basys3-1.0/TXRX_Servos/TXRX_Servos.srcs/sources_1/new/kcuart_rx.vhd:128]
	Parameter INIT bound to: 16'b0000000000000000 
	Parameter IS_CLK_INVERTED bound to: 1'b0 
INFO: [Synth 8-113] binding component instance 'delay15_srl' to cell 'SRL16E' [C:/Users/gorka/Downloads/Byte_Hand-1.0/Serial-Basys3-1.0/TXRX_Servos/TXRX_Servos.srcs/sources_1/new/kcuart_rx.vhd:91]
	Parameter INIT bound to: 1'b0 
INFO: [Synth 8-113] binding component instance 'data_reg' to cell 'FDE' [C:/Users/gorka/Downloads/Byte_Hand-1.0/Serial-Basys3-1.0/TXRX_Servos/TXRX_Servos.srcs/sources_1/new/kcuart_rx.vhd:128]
	Parameter INIT bound to: 16'b0000000000000000 
	Parameter IS_CLK_INVERTED bound to: 1'b0 
INFO: [Synth 8-113] binding component instance 'delay15_srl' to cell 'SRL16E' [C:/Users/gorka/Downloads/Byte_Hand-1.0/Serial-Basys3-1.0/TXRX_Servos/TXRX_Servos.srcs/sources_1/new/kcuart_rx.vhd:113]
	Parameter INIT bound to: 1'b0 
INFO: [Synth 8-113] binding component instance 'data_reg' to cell 'FDE' [C:/Users/gorka/Downloads/Byte_Hand-1.0/Serial-Basys3-1.0/TXRX_Servos/TXRX_Servos.srcs/sources_1/new/kcuart_rx.vhd:128]
	Parameter INIT bound to: 16'b0000000000000000 
	Parameter IS_CLK_INVERTED bound to: 1'b0 
INFO: [Synth 8-113] binding component instance 'start_srl' to cell 'SRL16E' [C:/Users/gorka/Downloads/Byte_Hand-1.0/Serial-Basys3-1.0/TXRX_Servos/TXRX_Servos.srcs/sources_1/new/kcuart_rx.vhd:142]
	Parameter INIT bound to: 1'b0 
INFO: [Synth 8-113] binding component instance 'start_reg' to cell 'FDE' [C:/Users/gorka/Downloads/Byte_Hand-1.0/Serial-Basys3-1.0/TXRX_Servos/TXRX_Servos.srcs/sources_1/new/kcuart_rx.vhd:155]
	Parameter INIT bound to: 16'b0000000000000000 
	Parameter IS_CLK_INVERTED bound to: 1'b0 
INFO: [Synth 8-113] binding component instance 'edge_srl' to cell 'SRL16E' [C:/Users/gorka/Downloads/Byte_Hand-1.0/Serial-Basys3-1.0/TXRX_Servos/TXRX_Servos.srcs/sources_1/new/kcuart_rx.vhd:165]
	Parameter INIT bound to: 1'b0 
INFO: [Synth 8-113] binding component instance 'edge_reg' to cell 'FDE' [C:/Users/gorka/Downloads/Byte_Hand-1.0/Serial-Basys3-1.0/TXRX_Servos/TXRX_Servos.srcs/sources_1/new/kcuart_rx.vhd:178]
	Parameter INIT bound to: 16'b0000000001000000 
INFO: [Synth 8-113] binding component instance 'valid_lut' to cell 'LUT4' [C:/Users/gorka/Downloads/Byte_Hand-1.0/Serial-Basys3-1.0/TXRX_Servos/TXRX_Servos.srcs/sources_1/new/kcuart_rx.vhd:186]
	Parameter INIT bound to: 1'b0 
INFO: [Synth 8-113] binding component instance 'valid_reg' to cell 'FDE' [C:/Users/gorka/Downloads/Byte_Hand-1.0/Serial-Basys3-1.0/TXRX_Servos/TXRX_Servos.srcs/sources_1/new/kcuart_rx.vhd:196]
	Parameter INIT bound to: 8'b01010100 
INFO: [Synth 8-113] binding component instance 'purge_lut' to cell 'LUT3' [C:/Users/gorka/Downloads/Byte_Hand-1.0/Serial-Basys3-1.0/TXRX_Servos/TXRX_Servos.srcs/sources_1/new/kcuart_rx.vhd:204]
	Parameter INIT bound to: 1'b0 
INFO: [Synth 8-113] binding component instance 'purge_reg' to cell 'FDE' [C:/Users/gorka/Downloads/Byte_Hand-1.0/Serial-Basys3-1.0/TXRX_Servos/TXRX_Servos.srcs/sources_1/new/kcuart_rx.vhd:213]
	Parameter INIT bound to: 16'b0000000000000000 
	Parameter IS_CLK_INVERTED bound to: 1'b0 
INFO: [Synth 8-113] binding component instance 'delay15_srl' to cell 'SRL16E' [C:/Users/gorka/Downloads/Byte_Hand-1.0/Serial-Basys3-1.0/TXRX_Servos/TXRX_Servos.srcs/sources_1/new/kcuart_rx.vhd:234]
	Parameter INIT bound to: 1'b0 
INFO: [Synth 8-113] binding component instance 'data_reg' to cell 'FDE' [C:/Users/gorka/Downloads/Byte_Hand-1.0/Serial-Basys3-1.0/TXRX_Servos/TXRX_Servos.srcs/sources_1/new/kcuart_rx.vhd:271]
	Parameter INIT bound to: 16'b0000000000000000 
	Parameter IS_CLK_INVERTED bound to: 1'b0 
INFO: [Synth 8-113] binding component instance 'delay16_srl' to cell 'SRL16E' [C:/Users/gorka/Downloads/Byte_Hand-1.0/Serial-Basys3-1.0/TXRX_Servos/TXRX_Servos.srcs/sources_1/new/kcuart_rx.vhd:256]
	Parameter INIT bound to: 1'b0 
INFO: [Synth 8-113] binding component instance 'data_reg' to cell 'FDE' [C:/Users/gorka/Downloads/Byte_Hand-1.0/Serial-Basys3-1.0/TXRX_Servos/TXRX_Servos.srcs/sources_1/new/kcuart_rx.vhd:271]
	Parameter INIT bound to: 16'b0000000000000000 
	Parameter IS_CLK_INVERTED bound to: 1'b0 
INFO: [Synth 8-113] binding component instance 'delay16_srl' to cell 'SRL16E' [C:/Users/gorka/Downloads/Byte_Hand-1.0/Serial-Basys3-1.0/TXRX_Servos/TXRX_Servos.srcs/sources_1/new/kcuart_rx.vhd:256]
	Parameter INIT bound to: 1'b0 
INFO: [Synth 8-113] binding component instance 'data_reg' to cell 'FDE' [C:/Users/gorka/Downloads/Byte_Hand-1.0/Serial-Basys3-1.0/TXRX_Servos/TXRX_Servos.srcs/sources_1/new/kcuart_rx.vhd:271]
	Parameter INIT bound to: 16'b0000000000000000 
	Parameter IS_CLK_INVERTED bound to: 1'b0 
INFO: [Synth 8-113] binding component instance 'delay16_srl' to cell 'SRL16E' [C:/Users/gorka/Downloads/Byte_Hand-1.0/Serial-Basys3-1.0/TXRX_Servos/TXRX_Servos.srcs/sources_1/new/kcuart_rx.vhd:256]
	Parameter INIT bound to: 1'b0 
INFO: [Synth 8-113] binding component instance 'data_reg' to cell 'FDE' [C:/Users/gorka/Downloads/Byte_Hand-1.0/Serial-Basys3-1.0/TXRX_Servos/TXRX_Servos.srcs/sources_1/new/kcuart_rx.vhd:271]
	Parameter INIT bound to: 16'b0000000000000000 
	Parameter IS_CLK_INVERTED bound to: 1'b0 
INFO: [Synth 8-113] binding component instance 'delay16_srl' to cell 'SRL16E' [C:/Users/gorka/Downloads/Byte_Hand-1.0/Serial-Basys3-1.0/TXRX_Servos/TXRX_Servos.srcs/sources_1/new/kcuart_rx.vhd:256]
	Parameter INIT bound to: 1'b0 
INFO: [Synth 8-113] binding component instance 'data_reg' to cell 'FDE' [C:/Users/gorka/Downloads/Byte_Hand-1.0/Serial-Basys3-1.0/TXRX_Servos/TXRX_Servos.srcs/sources_1/new/kcuart_rx.vhd:271]
	Parameter INIT bound to: 16'b0000000000000000 
	Parameter IS_CLK_INVERTED bound to: 1'b0 
INFO: [Synth 8-113] binding component instance 'delay16_srl' to cell 'SRL16E' [C:/Users/gorka/Downloads/Byte_Hand-1.0/Serial-Basys3-1.0/TXRX_Servos/TXRX_Servos.srcs/sources_1/new/kcuart_rx.vhd:256]
	Parameter INIT bound to: 1'b0 
INFO: [Synth 8-113] binding component instance 'data_reg' to cell 'FDE' [C:/Users/gorka/Downloads/Byte_Hand-1.0/Serial-Basys3-1.0/TXRX_Servos/TXRX_Servos.srcs/sources_1/new/kcuart_rx.vhd:271]
	Parameter INIT bound to: 16'b0000000000000000 
	Parameter IS_CLK_INVERTED bound to: 1'b0 
INFO: [Synth 8-113] binding component instance 'delay16_srl' to cell 'SRL16E' [C:/Users/gorka/Downloads/Byte_Hand-1.0/Serial-Basys3-1.0/TXRX_Servos/TXRX_Servos.srcs/sources_1/new/kcuart_rx.vhd:256]
	Parameter INIT bound to: 1'b0 
INFO: [Synth 8-113] binding component instance 'data_reg' to cell 'FDE' [C:/Users/gorka/Downloads/Byte_Hand-1.0/Serial-Basys3-1.0/TXRX_Servos/TXRX_Servos.srcs/sources_1/new/kcuart_rx.vhd:271]
	Parameter INIT bound to: 16'b0000000000000000 
	Parameter IS_CLK_INVERTED bound to: 1'b0 
INFO: [Synth 8-113] binding component instance 'delay16_srl' to cell 'SRL16E' [C:/Users/gorka/Downloads/Byte_Hand-1.0/Serial-Basys3-1.0/TXRX_Servos/TXRX_Servos.srcs/sources_1/new/kcuart_rx.vhd:256]
	Parameter INIT bound to: 1'b0 
INFO: [Synth 8-113] binding component instance 'data_reg' to cell 'FDE' [C:/Users/gorka/Downloads/Byte_Hand-1.0/Serial-Basys3-1.0/TXRX_Servos/TXRX_Servos.srcs/sources_1/new/kcuart_rx.vhd:271]
	Parameter INIT bound to: 16'b0000000000000000 
	Parameter IS_CLK_INVERTED bound to: 1'b0 
INFO: [Synth 8-113] binding component instance 'delay16_srl' to cell 'SRL16E' [C:/Users/gorka/Downloads/Byte_Hand-1.0/Serial-Basys3-1.0/TXRX_Servos/TXRX_Servos.srcs/sources_1/new/kcuart_rx.vhd:256]
	Parameter INIT bound to: 1'b0 
INFO: [Synth 8-113] binding component instance 'data_reg' to cell 'FDE' [C:/Users/gorka/Downloads/Byte_Hand-1.0/Serial-Basys3-1.0/TXRX_Servos/TXRX_Servos.srcs/sources_1/new/kcuart_rx.vhd:271]
	Parameter INIT bound to: 4'b1000 
INFO: [Synth 8-113] binding component instance 'strobe_lut' to cell 'LUT2' [C:/Users/gorka/Downloads/Byte_Hand-1.0/Serial-Basys3-1.0/TXRX_Servos/TXRX_Servos.srcs/sources_1/new/kcuart_rx.vhd:281]
	Parameter INIT bound to: 1'b0 
INFO: [Synth 8-113] binding component instance 'strobe_reg' to cell 'FD' [C:/Users/gorka/Downloads/Byte_Hand-1.0/Serial-Basys3-1.0/TXRX_Servos/TXRX_Servos.srcs/sources_1/new/kcuart_rx.vhd:289]
WARNING: [Synth 8-2887] Directive 'init' on 'valid_lut' is unsupported and ignored
WARNING: [Synth 8-2887] Directive 'init' on 'purge_lut' is unsupported and ignored
WARNING: [Synth 8-2887] Directive 'init' on 'strobe_lut' is unsupported and ignored
INFO: [Synth 8-256] done synthesizing module 'kcuart_rx' (2#1) [C:/Users/gorka/Downloads/Byte_Hand-1.0/Serial-Basys3-1.0/TXRX_Servos/TXRX_Servos.srcs/sources_1/new/kcuart_rx.vhd:23]
INFO: [Synth 8-3491] module 'nagusia_display' declared at 'C:/Users/gorka/Downloads/Byte_Hand-1.0/Serial-Basys3-1.0/TXRX_Servos/TXRX_Servos.srcs/sources_1/imports/new/nagusia_display.vhd:34' bound to instance 'DISPLAY' of component 'nagusia_display' [C:/Users/gorka/Downloads/Byte_Hand-1.0/Serial-Basys3-1.0/TXRX_Servos/TXRX_Servos.srcs/sources_1/new/top.vhd:159]
INFO: [Synth 8-638] synthesizing module 'nagusia_display' [C:/Users/gorka/Downloads/Byte_Hand-1.0/Serial-Basys3-1.0/TXRX_Servos/TXRX_Servos.srcs/sources_1/imports/new/nagusia_display.vhd:42]
WARNING: [Synth 8-5640] Port 'ehuneko' is missing in component declaration [C:/Users/gorka/Downloads/Byte_Hand-1.0/Serial-Basys3-1.0/TXRX_Servos/TXRX_Servos.srcs/sources_1/imports/new/nagusia_display.vhd:59]
INFO: [Synth 8-3491] module 'divisor_display' declared at 'C:/Users/gorka/Downloads/Byte_Hand-1.0/Serial-Basys3-1.0/TXRX_Servos/TXRX_Servos.srcs/sources_1/new/divisor_display.vhd:36' bound to instance 'CONTROL_Display' of component 'divisor_display' [C:/Users/gorka/Downloads/Byte_Hand-1.0/Serial-Basys3-1.0/TXRX_Servos/TXRX_Servos.srcs/sources_1/imports/new/nagusia_display.vhd:71]
INFO: [Synth 8-638] synthesizing module 'divisor_display' [C:/Users/gorka/Downloads/Byte_Hand-1.0/Serial-Basys3-1.0/TXRX_Servos/TXRX_Servos.srcs/sources_1/new/divisor_display.vhd:44]
WARNING: [Synth 8-3848] Net ehuneko in module/entity divisor_display does not have driver. [C:/Users/gorka/Downloads/Byte_Hand-1.0/Serial-Basys3-1.0/TXRX_Servos/TXRX_Servos.srcs/sources_1/new/divisor_display.vhd:41]
INFO: [Synth 8-256] done synthesizing module 'divisor_display' (3#1) [C:/Users/gorka/Downloads/Byte_Hand-1.0/Serial-Basys3-1.0/TXRX_Servos/TXRX_Servos.srcs/sources_1/new/divisor_display.vhd:44]
INFO: [Synth 8-3491] module 'display7' declared at 'C:/Users/gorka/Downloads/Byte_Hand-1.0/Serial-Basys3-1.0/TXRX_Servos/TXRX_Servos.srcs/sources_1/new/display.vhd:36' bound to instance 'DISPLAY_D' of component 'display7' [C:/Users/gorka/Downloads/Byte_Hand-1.0/Serial-Basys3-1.0/TXRX_Servos/TXRX_Servos.srcs/sources_1/imports/new/nagusia_display.vhd:76]
INFO: [Synth 8-638] synthesizing module 'display7' [C:/Users/gorka/Downloads/Byte_Hand-1.0/Serial-Basys3-1.0/TXRX_Servos/TXRX_Servos.srcs/sources_1/new/display.vhd:42]
INFO: [Synth 8-256] done synthesizing module 'display7' (4#1) [C:/Users/gorka/Downloads/Byte_Hand-1.0/Serial-Basys3-1.0/TXRX_Servos/TXRX_Servos.srcs/sources_1/new/display.vhd:42]
INFO: [Synth 8-3491] module 'display7' declared at 'C:/Users/gorka/Downloads/Byte_Hand-1.0/Serial-Basys3-1.0/TXRX_Servos/TXRX_Servos.srcs/sources_1/new/display.vhd:36' bound to instance 'DISPLAY_C' of component 'display7' [C:/Users/gorka/Downloads/Byte_Hand-1.0/Serial-Basys3-1.0/TXRX_Servos/TXRX_Servos.srcs/sources_1/imports/new/nagusia_display.vhd:80]
INFO: [Synth 8-3491] module 'display7' declared at 'C:/Users/gorka/Downloads/Byte_Hand-1.0/Serial-Basys3-1.0/TXRX_Servos/TXRX_Servos.srcs/sources_1/new/display.vhd:36' bound to instance 'DISPLAY_id' of component 'display7' [C:/Users/gorka/Downloads/Byte_Hand-1.0/Serial-Basys3-1.0/TXRX_Servos/TXRX_Servos.srcs/sources_1/imports/new/nagusia_display.vhd:84]
INFO: [Synth 8-3491] module 'EM_display' declared at 'C:/Users/gorka/Downloads/Byte_Hand-1.0/Serial-Basys3-1.0/TXRX_Servos/TXRX_Servos.srcs/sources_1/new/EM_display.vhd:34' bound to instance 'EM' of component 'EM_display' [C:/Users/gorka/Downloads/Byte_Hand-1.0/Serial-Basys3-1.0/TXRX_Servos/TXRX_Servos.srcs/sources_1/imports/new/nagusia_display.vhd:89]
INFO: [Synth 8-638] synthesizing module 'EM_display' [C:/Users/gorka/Downloads/Byte_Hand-1.0/Serial-Basys3-1.0/TXRX_Servos/TXRX_Servos.srcs/sources_1/new/EM_display.vhd:44]
WARNING: [Synth 8-614] signal 'zenb_bateko' is read in the process but is not in the sensitivity list [C:/Users/gorka/Downloads/Byte_Hand-1.0/Serial-Basys3-1.0/TXRX_Servos/TXRX_Servos.srcs/sources_1/new/EM_display.vhd:57]
WARNING: [Synth 8-614] signal 'zenb_hamarreko' is read in the process but is not in the sensitivity list [C:/Users/gorka/Downloads/Byte_Hand-1.0/Serial-Basys3-1.0/TXRX_Servos/TXRX_Servos.srcs/sources_1/new/EM_display.vhd:57]
WARNING: [Synth 8-614] signal 'zenb_id' is read in the process but is not in the sensitivity list [C:/Users/gorka/Downloads/Byte_Hand-1.0/Serial-Basys3-1.0/TXRX_Servos/TXRX_Servos.srcs/sources_1/new/EM_display.vhd:57]
INFO: [Synth 8-256] done synthesizing module 'EM_display' (5#1) [C:/Users/gorka/Downloads/Byte_Hand-1.0/Serial-Basys3-1.0/TXRX_Servos/TXRX_Servos.srcs/sources_1/new/EM_display.vhd:44]
INFO: [Synth 8-256] done synthesizing module 'nagusia_display' (6#1) [C:/Users/gorka/Downloads/Byte_Hand-1.0/Serial-Basys3-1.0/TXRX_Servos/TXRX_Servos.srcs/sources_1/imports/new/nagusia_display.vhd:42]
INFO: [Synth 8-3491] module 'Data_memoria' declared at 'C:/Users/gorka/Downloads/Byte_Hand-1.0/Serial-Basys3-1.0/TXRX_Servos/TXRX_Servos.srcs/sources_1/new/Data_memoria.vhd:36' bound to instance 'MEMORIA' of component 'Data_memoria' [C:/Users/gorka/Downloads/Byte_Hand-1.0/Serial-Basys3-1.0/TXRX_Servos/TXRX_Servos.srcs/sources_1/new/top.vhd:165]
INFO: [Synth 8-638] synthesizing module 'Data_memoria' [C:/Users/gorka/Downloads/Byte_Hand-1.0/Serial-Basys3-1.0/TXRX_Servos/TXRX_Servos.srcs/sources_1/new/Data_memoria.vhd:51]
WARNING: [Synth 8-614] signal 'ena' is read in the process but is not in the sensitivity list [C:/Users/gorka/Downloads/Byte_Hand-1.0/Serial-Basys3-1.0/TXRX_Servos/TXRX_Servos.srcs/sources_1/new/Data_memoria.vhd:68]
WARNING: [Synth 8-614] signal 'data_receive' is read in the process but is not in the sensitivity list [C:/Users/gorka/Downloads/Byte_Hand-1.0/Serial-Basys3-1.0/TXRX_Servos/TXRX_Servos.srcs/sources_1/new/Data_memoria.vhd:68]
WARNING: [Synth 8-614] signal 'data_in' is read in the process but is not in the sensitivity list [C:/Users/gorka/Downloads/Byte_Hand-1.0/Serial-Basys3-1.0/TXRX_Servos/TXRX_Servos.srcs/sources_1/new/Data_memoria.vhd:68]
INFO: [Synth 8-256] done synthesizing module 'Data_memoria' (7#1) [C:/Users/gorka/Downloads/Byte_Hand-1.0/Serial-Basys3-1.0/TXRX_Servos/TXRX_Servos.srcs/sources_1/new/Data_memoria.vhd:51]
INFO: [Synth 8-3491] module 'selector' declared at 'C:/Users/gorka/Downloads/Byte_Hand-1.0/Serial-Basys3-1.0/TXRX_Servos/TXRX_Servos.srcs/sources_1/new/selector.vhd:34' bound to instance 'SELECTOR_ANGLE' of component 'selector' [C:/Users/gorka/Downloads/Byte_Hand-1.0/Serial-Basys3-1.0/TXRX_Servos/TXRX_Servos.srcs/sources_1/new/top.vhd:178]
INFO: [Synth 8-638] synthesizing module 'selector' [C:/Users/gorka/Downloads/Byte_Hand-1.0/Serial-Basys3-1.0/TXRX_Servos/TXRX_Servos.srcs/sources_1/new/selector.vhd:51]
INFO: [Synth 8-256] done synthesizing module 'selector' (8#1) [C:/Users/gorka/Downloads/Byte_Hand-1.0/Serial-Basys3-1.0/TXRX_Servos/TXRX_Servos.srcs/sources_1/new/selector.vhd:51]
INFO: [Synth 8-3491] module 'PWM_controller' declared at 'C:/Users/gorka/Downloads/Byte_Hand-1.0/Serial-Basys3-1.0/TXRX_Servos/TXRX_Servos.srcs/sources_1/new/PMW_Controller.vhd:36' bound to instance 'A_HAND' of component 'PWM_controller' [C:/Users/gorka/Downloads/Byte_Hand-1.0/Serial-Basys3-1.0/TXRX_Servos/TXRX_Servos.srcs/sources_1/new/top.vhd:193]
INFO: [Synth 8-638] synthesizing module 'PWM_controller' [C:/Users/gorka/Downloads/Byte_Hand-1.0/Serial-Basys3-1.0/TXRX_Servos/TXRX_Servos.srcs/sources_1/new/PMW_Controller.vhd:43]
WARNING: [Synth 8-614] signal 'aux1' is read in the process but is not in the sensitivity list [C:/Users/gorka/Downloads/Byte_Hand-1.0/Serial-Basys3-1.0/TXRX_Servos/TXRX_Servos.srcs/sources_1/new/PMW_Controller.vhd:69]
WARNING: [Synth 8-614] signal 'aux2' is read in the process but is not in the sensitivity list [C:/Users/gorka/Downloads/Byte_Hand-1.0/Serial-Basys3-1.0/TXRX_Servos/TXRX_Servos.srcs/sources_1/new/PMW_Controller.vhd:69]
INFO: [Synth 8-256] done synthesizing module 'PWM_controller' (9#1) [C:/Users/gorka/Downloads/Byte_Hand-1.0/Serial-Basys3-1.0/TXRX_Servos/TXRX_Servos.srcs/sources_1/new/PMW_Controller.vhd:43]
INFO: [Synth 8-3491] module 'PWM_controller' declared at 'C:/Users/gorka/Downloads/Byte_Hand-1.0/Serial-Basys3-1.0/TXRX_Servos/TXRX_Servos.srcs/sources_1/new/PMW_Controller.vhd:36' bound to instance 'B_HAND' of component 'PWM_controller' [C:/Users/gorka/Downloads/Byte_Hand-1.0/Serial-Basys3-1.0/TXRX_Servos/TXRX_Servos.srcs/sources_1/new/top.vhd:198]
INFO: [Synth 8-3491] module 'PWM_controller' declared at 'C:/Users/gorka/Downloads/Byte_Hand-1.0/Serial-Basys3-1.0/TXRX_Servos/TXRX_Servos.srcs/sources_1/new/PMW_Controller.vhd:36' bound to instance 'C_HAND' of component 'PWM_controller' [C:/Users/gorka/Downloads/Byte_Hand-1.0/Serial-Basys3-1.0/TXRX_Servos/TXRX_Servos.srcs/sources_1/new/top.vhd:203]
INFO: [Synth 8-3491] module 'PWM_controller' declared at 'C:/Users/gorka/Downloads/Byte_Hand-1.0/Serial-Basys3-1.0/TXRX_Servos/TXRX_Servos.srcs/sources_1/new/PMW_Controller.vhd:36' bound to instance 'D_HAND' of component 'PWM_controller' [C:/Users/gorka/Downloads/Byte_Hand-1.0/Serial-Basys3-1.0/TXRX_Servos/TXRX_Servos.srcs/sources_1/new/top.vhd:208]
INFO: [Synth 8-3491] module 'PWM_controller' declared at 'C:/Users/gorka/Downloads/Byte_Hand-1.0/Serial-Basys3-1.0/TXRX_Servos/TXRX_Servos.srcs/sources_1/new/PMW_Controller.vhd:36' bound to instance 'E_HAND' of component 'PWM_controller' [C:/Users/gorka/Downloads/Byte_Hand-1.0/Serial-Basys3-1.0/TXRX_Servos/TXRX_Servos.srcs/sources_1/new/top.vhd:213]
INFO: [Synth 8-3491] module 'PWM_controller' declared at 'C:/Users/gorka/Downloads/Byte_Hand-1.0/Serial-Basys3-1.0/TXRX_Servos/TXRX_Servos.srcs/sources_1/new/PMW_Controller.vhd:36' bound to instance 'F_HAND' of component 'PWM_controller' [C:/Users/gorka/Downloads/Byte_Hand-1.0/Serial-Basys3-1.0/TXRX_Servos/TXRX_Servos.srcs/sources_1/new/top.vhd:218]
INFO: [Synth 8-3491] module 'PWM_controller' declared at 'C:/Users/gorka/Downloads/Byte_Hand-1.0/Serial-Basys3-1.0/TXRX_Servos/TXRX_Servos.srcs/sources_1/new/PMW_Controller.vhd:36' bound to instance 'G_HAND' of component 'PWM_controller' [C:/Users/gorka/Downloads/Byte_Hand-1.0/Serial-Basys3-1.0/TXRX_Servos/TXRX_Servos.srcs/sources_1/new/top.vhd:223]
INFO: [Synth 8-3491] module 'PWM_controller' declared at 'C:/Users/gorka/Downloads/Byte_Hand-1.0/Serial-Basys3-1.0/TXRX_Servos/TXRX_Servos.srcs/sources_1/new/PMW_Controller.vhd:36' bound to instance 'H_HAND' of component 'PWM_controller' [C:/Users/gorka/Downloads/Byte_Hand-1.0/Serial-Basys3-1.0/TXRX_Servos/TXRX_Servos.srcs/sources_1/new/top.vhd:228]
INFO: [Synth 8-3491] module 'PWM_controller' declared at 'C:/Users/gorka/Downloads/Byte_Hand-1.0/Serial-Basys3-1.0/TXRX_Servos/TXRX_Servos.srcs/sources_1/new/PMW_Controller.vhd:36' bound to instance 'I_HAND' of component 'PWM_controller' [C:/Users/gorka/Downloads/Byte_Hand-1.0/Serial-Basys3-1.0/TXRX_Servos/TXRX_Servos.srcs/sources_1/new/top.vhd:233]
INFO: [Synth 8-3491] module 'PWM_controller' declared at 'C:/Users/gorka/Downloads/Byte_Hand-1.0/Serial-Basys3-1.0/TXRX_Servos/TXRX_Servos.srcs/sources_1/new/PMW_Controller.vhd:36' bound to instance 'J_HAND' of component 'PWM_controller' [C:/Users/gorka/Downloads/Byte_Hand-1.0/Serial-Basys3-1.0/TXRX_Servos/TXRX_Servos.srcs/sources_1/new/top.vhd:238]
INFO: [Synth 8-256] done synthesizing module 'top' (10#1) [C:/Users/gorka/Downloads/Byte_Hand-1.0/Serial-Basys3-1.0/TXRX_Servos/TXRX_Servos.srcs/sources_1/new/top.vhd:60]
WARNING: [Synth 8-3331] design PWM_controller has unconnected port clk
WARNING: [Synth 8-3331] design display7 has unconnected port clk
WARNING: [Synth 8-3331] design divisor_display has unconnected port ehuneko[7]
WARNING: [Synth 8-3331] design divisor_display has unconnected port ehuneko[6]
WARNING: [Synth 8-3331] design divisor_display has unconnected port ehuneko[5]
WARNING: [Synth 8-3331] design divisor_display has unconnected port ehuneko[4]
WARNING: [Synth 8-3331] design divisor_display has unconnected port ehuneko[3]
WARNING: [Synth 8-3331] design divisor_display has unconnected port ehuneko[2]
WARNING: [Synth 8-3331] design divisor_display has unconnected port ehuneko[1]
WARNING: [Synth 8-3331] design divisor_display has unconnected port ehuneko[0]
WARNING: [Synth 8-3331] design divisor_display has unconnected port clk
---------------------------------------------------------------------------------
Finished RTL Elaboration : Time (s): cpu = 00:00:05 ; elapsed = 00:00:05 . Memory (MB): peak = 922.453 ; gain = 78.453
---------------------------------------------------------------------------------

Report Check Netlist: 
+------+------------------+-------+---------+-------+------------------+
|      |Item              |Errors |Warnings |Status |Description       |
+------+------------------+-------+---------+-------+------------------+
|1     |multi_driven_nets |      0|        0|Passed |Multi driven nets |
+------+------------------+-------+---------+-------+------------------+
---------------------------------------------------------------------------------
Finished RTL Optimization Phase 1 : Time (s): cpu = 00:00:05 ; elapsed = 00:00:05 . Memory (MB): peak = 922.453 ; gain = 78.453
---------------------------------------------------------------------------------
INFO: [Netlist 29-17] Analyzing 24 Unisim elements for replacement
INFO: [Netlist 29-28] Unisim Transformation completed in 0 CPU seconds
INFO: [Device 21-403] Loading part xc7a35tcpg236-1
INFO: [Project 1-570] Preparing netlist for logic optimization

Processing XDC Constraints
Initializing timing engine
Parsing XDC File [C:/Users/gorka/Downloads/Byte_Hand-1.0/Serial-Basys3-1.0/TXRX_Servos/TXRX_Servos.srcs/constrs_1/imports/Sistema Logiko Programagarriak/Basys3_Master.xdc]
Finished Parsing XDC File [C:/Users/gorka/Downloads/Byte_Hand-1.0/Serial-Basys3-1.0/TXRX_Servos/TXRX_Servos.srcs/constrs_1/imports/Sistema Logiko Programagarriak/Basys3_Master.xdc]
Completed Processing XDC Constraints

INFO: [Opt 31-140] Inserted 2 IBUFs to IO ports without IO buffers.
INFO: [Opt 31-138] Pushed 0 inverter(s) to 0 load pin(s).
INFO: [Project 1-111] Unisim Transformation Summary:
  A total of 24 instances were transformed.
  FD => FDRE: 3 instances
  FDE => FDRE: 21 instances

RTL Elaboration Complete:  : Time (s): cpu = 00:00:25 ; elapsed = 00:00:19 . Memory (MB): peak = 1238.859 ; gain = 394.859
93 Infos, 24 Warnings, 0 Critical Warnings and 0 Errors encountered.
synth_design completed successfully
synth_design: Time (s): cpu = 00:00:27 ; elapsed = 00:00:20 . Memory (MB): peak = 1238.859 ; gain = 394.859
refresh_design
---------------------------------------------------------------------------------
Starting RTL Elaboration : Time (s): cpu = 00:00:05 ; elapsed = 00:00:03 . Memory (MB): peak = 1241.848 ; gain = 2.988
---------------------------------------------------------------------------------
INFO: [Synth 8-638] synthesizing module 'top' [C:/Users/gorka/Downloads/Byte_Hand-1.0/Serial-Basys3-1.0/TXRX_Servos/TXRX_Servos.srcs/sources_1/new/top.vhd:60]
INFO: [Synth 8-3491] module 'FrekuentziaZatitzailea' declared at 'C:/Users/gorka/Downloads/Byte_Hand-1.0/Serial-Basys3-1.0/TXRX_Servos/TXRX_Servos.srcs/sources_1/new/FrekuentziZatitzailea.vhd:15' bound to instance 'CLK_Zatitzailea' of component 'FrekuentziaZatitzailea' [C:/Users/gorka/Downloads/Byte_Hand-1.0/Serial-Basys3-1.0/TXRX_Servos/TXRX_Servos.srcs/sources_1/new/top.vhd:146]
INFO: [Synth 8-638] synthesizing module 'FrekuentziaZatitzailea' [C:/Users/gorka/Downloads/Byte_Hand-1.0/Serial-Basys3-1.0/TXRX_Servos/TXRX_Servos.srcs/sources_1/new/FrekuentziZatitzailea.vhd:22]
INFO: [Synth 8-256] done synthesizing module 'FrekuentziaZatitzailea' (1#1) [C:/Users/gorka/Downloads/Byte_Hand-1.0/Serial-Basys3-1.0/TXRX_Servos/TXRX_Servos.srcs/sources_1/new/FrekuentziZatitzailea.vhd:22]
INFO: [Synth 8-3491] module 'kcuart_rx' declared at 'C:/Users/gorka/Downloads/Byte_Hand-1.0/Serial-Basys3-1.0/TXRX_Servos/TXRX_Servos.srcs/sources_1/new/kcuart_rx.vhd:12' bound to instance 'RX' of component 'kcuart_rx' [C:/Users/gorka/Downloads/Byte_Hand-1.0/Serial-Basys3-1.0/TXRX_Servos/TXRX_Servos.srcs/sources_1/new/top.vhd:152]
INFO: [Synth 8-638] synthesizing module 'kcuart_rx' [C:/Users/gorka/Downloads/Byte_Hand-1.0/Serial-Basys3-1.0/TXRX_Servos/TXRX_Servos.srcs/sources_1/new/kcuart_rx.vhd:23]
	Parameter INIT bound to: 1'b0 
INFO: [Synth 8-113] binding component instance 'sync_reg' to cell 'FD' [C:/Users/gorka/Downloads/Byte_Hand-1.0/Serial-Basys3-1.0/TXRX_Servos/TXRX_Servos.srcs/sources_1/new/kcuart_rx.vhd:67]
	Parameter INIT bound to: 1'b0 
INFO: [Synth 8-113] binding component instance 'stop_reg' to cell 'FD' [C:/Users/gorka/Downloads/Byte_Hand-1.0/Serial-Basys3-1.0/TXRX_Servos/TXRX_Servos.srcs/sources_1/new/kcuart_rx.vhd:72]
	Parameter INIT bound to: 16'b0000000000000000 
	Parameter IS_CLK_INVERTED bound to: 1'b0 
INFO: [Synth 8-113] binding component instance 'delay15_srl' to cell 'SRL16E' [C:/Users/gorka/Downloads/Byte_Hand-1.0/Serial-Basys3-1.0/TXRX_Servos/TXRX_Servos.srcs/sources_1/new/kcuart_rx.vhd:91]
	Parameter INIT bound to: 1'b0 
INFO: [Synth 8-113] binding component instance 'data_reg' to cell 'FDE' [C:/Users/gorka/Downloads/Byte_Hand-1.0/Serial-Basys3-1.0/TXRX_Servos/TXRX_Servos.srcs/sources_1/new/kcuart_rx.vhd:128]
	Parameter INIT bound to: 16'b0000000000000000 
	Parameter IS_CLK_INVERTED bound to: 1'b0 
INFO: [Synth 8-113] binding component instance 'delay15_srl' to cell 'SRL16E' [C:/Users/gorka/Downloads/Byte_Hand-1.0/Serial-Basys3-1.0/TXRX_Servos/TXRX_Servos.srcs/sources_1/new/kcuart_rx.vhd:91]
	Parameter INIT bound to: 1'b0 
INFO: [Synth 8-113] binding component instance 'data_reg' to cell 'FDE' [C:/Users/gorka/Downloads/Byte_Hand-1.0/Serial-Basys3-1.0/TXRX_Servos/TXRX_Servos.srcs/sources_1/new/kcuart_rx.vhd:128]
	Parameter INIT bound to: 16'b0000000000000000 
	Parameter IS_CLK_INVERTED bound to: 1'b0 
INFO: [Synth 8-113] binding component instance 'delay15_srl' to cell 'SRL16E' [C:/Users/gorka/Downloads/Byte_Hand-1.0/Serial-Basys3-1.0/TXRX_Servos/TXRX_Servos.srcs/sources_1/new/kcuart_rx.vhd:91]
	Parameter INIT bound to: 1'b0 
INFO: [Synth 8-113] binding component instance 'data_reg' to cell 'FDE' [C:/Users/gorka/Downloads/Byte_Hand-1.0/Serial-Basys3-1.0/TXRX_Servos/TXRX_Servos.srcs/sources_1/new/kcuart_rx.vhd:128]
	Parameter INIT bound to: 16'b0000000000000000 
	Parameter IS_CLK_INVERTED bound to: 1'b0 
INFO: [Synth 8-113] binding component instance 'delay15_srl' to cell 'SRL16E' [C:/Users/gorka/Downloads/Byte_Hand-1.0/Serial-Basys3-1.0/TXRX_Servos/TXRX_Servos.srcs/sources_1/new/kcuart_rx.vhd:91]
	Parameter INIT bound to: 1'b0 
INFO: [Synth 8-113] binding component instance 'data_reg' to cell 'FDE' [C:/Users/gorka/Downloads/Byte_Hand-1.0/Serial-Basys3-1.0/TXRX_Servos/TXRX_Servos.srcs/sources_1/new/kcuart_rx.vhd:128]
	Parameter INIT bound to: 16'b0000000000000000 
	Parameter IS_CLK_INVERTED bound to: 1'b0 
INFO: [Synth 8-113] binding component instance 'delay15_srl' to cell 'SRL16E' [C:/Users/gorka/Downloads/Byte_Hand-1.0/Serial-Basys3-1.0/TXRX_Servos/TXRX_Servos.srcs/sources_1/new/kcuart_rx.vhd:91]
	Parameter INIT bound to: 1'b0 
INFO: [Synth 8-113] binding component instance 'data_reg' to cell 'FDE' [C:/Users/gorka/Downloads/Byte_Hand-1.0/Serial-Basys3-1.0/TXRX_Servos/TXRX_Servos.srcs/sources_1/new/kcuart_rx.vhd:128]
	Parameter INIT bound to: 16'b0000000000000000 
	Parameter IS_CLK_INVERTED bound to: 1'b0 
INFO: [Synth 8-113] binding component instance 'delay15_srl' to cell 'SRL16E' [C:/Users/gorka/Downloads/Byte_Hand-1.0/Serial-Basys3-1.0/TXRX_Servos/TXRX_Servos.srcs/sources_1/new/kcuart_rx.vhd:91]
	Parameter INIT bound to: 1'b0 
INFO: [Synth 8-113] binding component instance 'data_reg' to cell 'FDE' [C:/Users/gorka/Downloads/Byte_Hand-1.0/Serial-Basys3-1.0/TXRX_Servos/TXRX_Servos.srcs/sources_1/new/kcuart_rx.vhd:128]
	Parameter INIT bound to: 16'b0000000000000000 
	Parameter IS_CLK_INVERTED bound to: 1'b0 
INFO: [Synth 8-113] binding component instance 'delay15_srl' to cell 'SRL16E' [C:/Users/gorka/Downloads/Byte_Hand-1.0/Serial-Basys3-1.0/TXRX_Servos/TXRX_Servos.srcs/sources_1/new/kcuart_rx.vhd:91]
	Parameter INIT bound to: 1'b0 
INFO: [Synth 8-113] binding component instance 'data_reg' to cell 'FDE' [C:/Users/gorka/Downloads/Byte_Hand-1.0/Serial-Basys3-1.0/TXRX_Servos/TXRX_Servos.srcs/sources_1/new/kcuart_rx.vhd:128]
	Parameter INIT bound to: 16'b0000000000000000 
	Parameter IS_CLK_INVERTED bound to: 1'b0 
INFO: [Synth 8-113] binding component instance 'delay15_srl' to cell 'SRL16E' [C:/Users/gorka/Downloads/Byte_Hand-1.0/Serial-Basys3-1.0/TXRX_Servos/TXRX_Servos.srcs/sources_1/new/kcuart_rx.vhd:113]
	Parameter INIT bound to: 1'b0 
INFO: [Synth 8-113] binding component instance 'data_reg' to cell 'FDE' [C:/Users/gorka/Downloads/Byte_Hand-1.0/Serial-Basys3-1.0/TXRX_Servos/TXRX_Servos.srcs/sources_1/new/kcuart_rx.vhd:128]
	Parameter INIT bound to: 16'b0000000000000000 
	Parameter IS_CLK_INVERTED bound to: 1'b0 
INFO: [Synth 8-113] binding component instance 'start_srl' to cell 'SRL16E' [C:/Users/gorka/Downloads/Byte_Hand-1.0/Serial-Basys3-1.0/TXRX_Servos/TXRX_Servos.srcs/sources_1/new/kcuart_rx.vhd:142]
	Parameter INIT bound to: 1'b0 
INFO: [Synth 8-113] binding component instance 'start_reg' to cell 'FDE' [C:/Users/gorka/Downloads/Byte_Hand-1.0/Serial-Basys3-1.0/TXRX_Servos/TXRX_Servos.srcs/sources_1/new/kcuart_rx.vhd:155]
	Parameter INIT bound to: 16'b0000000000000000 
	Parameter IS_CLK_INVERTED bound to: 1'b0 
INFO: [Synth 8-113] binding component instance 'edge_srl' to cell 'SRL16E' [C:/Users/gorka/Downloads/Byte_Hand-1.0/Serial-Basys3-1.0/TXRX_Servos/TXRX_Servos.srcs/sources_1/new/kcuart_rx.vhd:165]
	Parameter INIT bound to: 1'b0 
INFO: [Synth 8-113] binding component instance 'edge_reg' to cell 'FDE' [C:/Users/gorka/Downloads/Byte_Hand-1.0/Serial-Basys3-1.0/TXRX_Servos/TXRX_Servos.srcs/sources_1/new/kcuart_rx.vhd:178]
	Parameter INIT bound to: 16'b0000000001000000 
INFO: [Synth 8-113] binding component instance 'valid_lut' to cell 'LUT4' [C:/Users/gorka/Downloads/Byte_Hand-1.0/Serial-Basys3-1.0/TXRX_Servos/TXRX_Servos.srcs/sources_1/new/kcuart_rx.vhd:186]
	Parameter INIT bound to: 1'b0 
INFO: [Synth 8-113] binding component instance 'valid_reg' to cell 'FDE' [C:/Users/gorka/Downloads/Byte_Hand-1.0/Serial-Basys3-1.0/TXRX_Servos/TXRX_Servos.srcs/sources_1/new/kcuart_rx.vhd:196]
	Parameter INIT bound to: 8'b01010100 
INFO: [Synth 8-113] binding component instance 'purge_lut' to cell 'LUT3' [C:/Users/gorka/Downloads/Byte_Hand-1.0/Serial-Basys3-1.0/TXRX_Servos/TXRX_Servos.srcs/sources_1/new/kcuart_rx.vhd:204]
	Parameter INIT bound to: 1'b0 
INFO: [Synth 8-113] binding component instance 'purge_reg' to cell 'FDE' [C:/Users/gorka/Downloads/Byte_Hand-1.0/Serial-Basys3-1.0/TXRX_Servos/TXRX_Servos.srcs/sources_1/new/kcuart_rx.vhd:213]
	Parameter INIT bound to: 16'b0000000000000000 
	Parameter IS_CLK_INVERTED bound to: 1'b0 
INFO: [Synth 8-113] binding component instance 'delay15_srl' to cell 'SRL16E' [C:/Users/gorka/Downloads/Byte_Hand-1.0/Serial-Basys3-1.0/TXRX_Servos/TXRX_Servos.srcs/sources_1/new/kcuart_rx.vhd:234]
	Parameter INIT bound to: 1'b0 
INFO: [Synth 8-113] binding component instance 'data_reg' to cell 'FDE' [C:/Users/gorka/Downloads/Byte_Hand-1.0/Serial-Basys3-1.0/TXRX_Servos/TXRX_Servos.srcs/sources_1/new/kcuart_rx.vhd:271]
	Parameter INIT bound to: 16'b0000000000000000 
	Parameter IS_CLK_INVERTED bound to: 1'b0 
INFO: [Synth 8-113] binding component instance 'delay16_srl' to cell 'SRL16E' [C:/Users/gorka/Downloads/Byte_Hand-1.0/Serial-Basys3-1.0/TXRX_Servos/TXRX_Servos.srcs/sources_1/new/kcuart_rx.vhd:256]
	Parameter INIT bound to: 1'b0 
INFO: [Synth 8-113] binding component instance 'data_reg' to cell 'FDE' [C:/Users/gorka/Downloads/Byte_Hand-1.0/Serial-Basys3-1.0/TXRX_Servos/TXRX_Servos.srcs/sources_1/new/kcuart_rx.vhd:271]
	Parameter INIT bound to: 16'b0000000000000000 
	Parameter IS_CLK_INVERTED bound to: 1'b0 
INFO: [Synth 8-113] binding component instance 'delay16_srl' to cell 'SRL16E' [C:/Users/gorka/Downloads/Byte_Hand-1.0/Serial-Basys3-1.0/TXRX_Servos/TXRX_Servos.srcs/sources_1/new/kcuart_rx.vhd:256]
	Parameter INIT bound to: 1'b0 
INFO: [Synth 8-113] binding component instance 'data_reg' to cell 'FDE' [C:/Users/gorka/Downloads/Byte_Hand-1.0/Serial-Basys3-1.0/TXRX_Servos/TXRX_Servos.srcs/sources_1/new/kcuart_rx.vhd:271]
	Parameter INIT bound to: 16'b0000000000000000 
	Parameter IS_CLK_INVERTED bound to: 1'b0 
INFO: [Synth 8-113] binding component instance 'delay16_srl' to cell 'SRL16E' [C:/Users/gorka/Downloads/Byte_Hand-1.0/Serial-Basys3-1.0/TXRX_Servos/TXRX_Servos.srcs/sources_1/new/kcuart_rx.vhd:256]
	Parameter INIT bound to: 1'b0 
INFO: [Synth 8-113] binding component instance 'data_reg' to cell 'FDE' [C:/Users/gorka/Downloads/Byte_Hand-1.0/Serial-Basys3-1.0/TXRX_Servos/TXRX_Servos.srcs/sources_1/new/kcuart_rx.vhd:271]
	Parameter INIT bound to: 16'b0000000000000000 
	Parameter IS_CLK_INVERTED bound to: 1'b0 
INFO: [Synth 8-113] binding component instance 'delay16_srl' to cell 'SRL16E' [C:/Users/gorka/Downloads/Byte_Hand-1.0/Serial-Basys3-1.0/TXRX_Servos/TXRX_Servos.srcs/sources_1/new/kcuart_rx.vhd:256]
	Parameter INIT bound to: 1'b0 
INFO: [Synth 8-113] binding component instance 'data_reg' to cell 'FDE' [C:/Users/gorka/Downloads/Byte_Hand-1.0/Serial-Basys3-1.0/TXRX_Servos/TXRX_Servos.srcs/sources_1/new/kcuart_rx.vhd:271]
	Parameter INIT bound to: 16'b0000000000000000 
	Parameter IS_CLK_INVERTED bound to: 1'b0 
INFO: [Synth 8-113] binding component instance 'delay16_srl' to cell 'SRL16E' [C:/Users/gorka/Downloads/Byte_Hand-1.0/Serial-Basys3-1.0/TXRX_Servos/TXRX_Servos.srcs/sources_1/new/kcuart_rx.vhd:256]
	Parameter INIT bound to: 1'b0 
INFO: [Synth 8-113] binding component instance 'data_reg' to cell 'FDE' [C:/Users/gorka/Downloads/Byte_Hand-1.0/Serial-Basys3-1.0/TXRX_Servos/TXRX_Servos.srcs/sources_1/new/kcuart_rx.vhd:271]
	Parameter INIT bound to: 16'b0000000000000000 
	Parameter IS_CLK_INVERTED bound to: 1'b0 
INFO: [Synth 8-113] binding component instance 'delay16_srl' to cell 'SRL16E' [C:/Users/gorka/Downloads/Byte_Hand-1.0/Serial-Basys3-1.0/TXRX_Servos/TXRX_Servos.srcs/sources_1/new/kcuart_rx.vhd:256]
	Parameter INIT bound to: 1'b0 
INFO: [Synth 8-113] binding component instance 'data_reg' to cell 'FDE' [C:/Users/gorka/Downloads/Byte_Hand-1.0/Serial-Basys3-1.0/TXRX_Servos/TXRX_Servos.srcs/sources_1/new/kcuart_rx.vhd:271]
	Parameter INIT bound to: 16'b0000000000000000 
	Parameter IS_CLK_INVERTED bound to: 1'b0 
INFO: [Synth 8-113] binding component instance 'delay16_srl' to cell 'SRL16E' [C:/Users/gorka/Downloads/Byte_Hand-1.0/Serial-Basys3-1.0/TXRX_Servos/TXRX_Servos.srcs/sources_1/new/kcuart_rx.vhd:256]
	Parameter INIT bound to: 1'b0 
INFO: [Synth 8-113] binding component instance 'data_reg' to cell 'FDE' [C:/Users/gorka/Downloads/Byte_Hand-1.0/Serial-Basys3-1.0/TXRX_Servos/TXRX_Servos.srcs/sources_1/new/kcuart_rx.vhd:271]
	Parameter INIT bound to: 16'b0000000000000000 
	Parameter IS_CLK_INVERTED bound to: 1'b0 
INFO: [Synth 8-113] binding component instance 'delay16_srl' to cell 'SRL16E' [C:/Users/gorka/Downloads/Byte_Hand-1.0/Serial-Basys3-1.0/TXRX_Servos/TXRX_Servos.srcs/sources_1/new/kcuart_rx.vhd:256]
	Parameter INIT bound to: 1'b0 
INFO: [Synth 8-113] binding component instance 'data_reg' to cell 'FDE' [C:/Users/gorka/Downloads/Byte_Hand-1.0/Serial-Basys3-1.0/TXRX_Servos/TXRX_Servos.srcs/sources_1/new/kcuart_rx.vhd:271]
	Parameter INIT bound to: 4'b1000 
INFO: [Synth 8-113] binding component instance 'strobe_lut' to cell 'LUT2' [C:/Users/gorka/Downloads/Byte_Hand-1.0/Serial-Basys3-1.0/TXRX_Servos/TXRX_Servos.srcs/sources_1/new/kcuart_rx.vhd:281]
	Parameter INIT bound to: 1'b0 
INFO: [Synth 8-113] binding component instance 'strobe_reg' to cell 'FD' [C:/Users/gorka/Downloads/Byte_Hand-1.0/Serial-Basys3-1.0/TXRX_Servos/TXRX_Servos.srcs/sources_1/new/kcuart_rx.vhd:289]
WARNING: [Synth 8-2887] Directive 'init' on 'valid_lut' is unsupported and ignored
WARNING: [Synth 8-2887] Directive 'init' on 'purge_lut' is unsupported and ignored
WARNING: [Synth 8-2887] Directive 'init' on 'strobe_lut' is unsupported and ignored
INFO: [Synth 8-256] done synthesizing module 'kcuart_rx' (2#1) [C:/Users/gorka/Downloads/Byte_Hand-1.0/Serial-Basys3-1.0/TXRX_Servos/TXRX_Servos.srcs/sources_1/new/kcuart_rx.vhd:23]
INFO: [Synth 8-3491] module 'nagusia_display' declared at 'C:/Users/gorka/Downloads/Byte_Hand-1.0/Serial-Basys3-1.0/TXRX_Servos/TXRX_Servos.srcs/sources_1/imports/new/nagusia_display.vhd:34' bound to instance 'DISPLAY' of component 'nagusia_display' [C:/Users/gorka/Downloads/Byte_Hand-1.0/Serial-Basys3-1.0/TXRX_Servos/TXRX_Servos.srcs/sources_1/new/top.vhd:159]
INFO: [Synth 8-638] synthesizing module 'nagusia_display' [C:/Users/gorka/Downloads/Byte_Hand-1.0/Serial-Basys3-1.0/TXRX_Servos/TXRX_Servos.srcs/sources_1/imports/new/nagusia_display.vhd:42]
WARNING: [Synth 8-5640] Port 'ehuneko' is missing in component declaration [C:/Users/gorka/Downloads/Byte_Hand-1.0/Serial-Basys3-1.0/TXRX_Servos/TXRX_Servos.srcs/sources_1/imports/new/nagusia_display.vhd:59]
INFO: [Synth 8-3491] module 'divisor_display' declared at 'C:/Users/gorka/Downloads/Byte_Hand-1.0/Serial-Basys3-1.0/TXRX_Servos/TXRX_Servos.srcs/sources_1/new/divisor_display.vhd:36' bound to instance 'CONTROL_Display' of component 'divisor_display' [C:/Users/gorka/Downloads/Byte_Hand-1.0/Serial-Basys3-1.0/TXRX_Servos/TXRX_Servos.srcs/sources_1/imports/new/nagusia_display.vhd:71]
INFO: [Synth 8-638] synthesizing module 'divisor_display' [C:/Users/gorka/Downloads/Byte_Hand-1.0/Serial-Basys3-1.0/TXRX_Servos/TXRX_Servos.srcs/sources_1/new/divisor_display.vhd:44]
WARNING: [Synth 8-3848] Net ehuneko in module/entity divisor_display does not have driver. [C:/Users/gorka/Downloads/Byte_Hand-1.0/Serial-Basys3-1.0/TXRX_Servos/TXRX_Servos.srcs/sources_1/new/divisor_display.vhd:41]
INFO: [Synth 8-256] done synthesizing module 'divisor_display' (3#1) [C:/Users/gorka/Downloads/Byte_Hand-1.0/Serial-Basys3-1.0/TXRX_Servos/TXRX_Servos.srcs/sources_1/new/divisor_display.vhd:44]
INFO: [Synth 8-3491] module 'display7' declared at 'C:/Users/gorka/Downloads/Byte_Hand-1.0/Serial-Basys3-1.0/TXRX_Servos/TXRX_Servos.srcs/sources_1/new/display.vhd:36' bound to instance 'DISPLAY_D' of component 'display7' [C:/Users/gorka/Downloads/Byte_Hand-1.0/Serial-Basys3-1.0/TXRX_Servos/TXRX_Servos.srcs/sources_1/imports/new/nagusia_display.vhd:76]
INFO: [Synth 8-638] synthesizing module 'display7' [C:/Users/gorka/Downloads/Byte_Hand-1.0/Serial-Basys3-1.0/TXRX_Servos/TXRX_Servos.srcs/sources_1/new/display.vhd:42]
INFO: [Synth 8-256] done synthesizing module 'display7' (4#1) [C:/Users/gorka/Downloads/Byte_Hand-1.0/Serial-Basys3-1.0/TXRX_Servos/TXRX_Servos.srcs/sources_1/new/display.vhd:42]
INFO: [Synth 8-3491] module 'display7' declared at 'C:/Users/gorka/Downloads/Byte_Hand-1.0/Serial-Basys3-1.0/TXRX_Servos/TXRX_Servos.srcs/sources_1/new/display.vhd:36' bound to instance 'DISPLAY_C' of component 'display7' [C:/Users/gorka/Downloads/Byte_Hand-1.0/Serial-Basys3-1.0/TXRX_Servos/TXRX_Servos.srcs/sources_1/imports/new/nagusia_display.vhd:80]
INFO: [Synth 8-3491] module 'display7' declared at 'C:/Users/gorka/Downloads/Byte_Hand-1.0/Serial-Basys3-1.0/TXRX_Servos/TXRX_Servos.srcs/sources_1/new/display.vhd:36' bound to instance 'DISPLAY_id' of component 'display7' [C:/Users/gorka/Downloads/Byte_Hand-1.0/Serial-Basys3-1.0/TXRX_Servos/TXRX_Servos.srcs/sources_1/imports/new/nagusia_display.vhd:84]
INFO: [Synth 8-3491] module 'EM_display' declared at 'C:/Users/gorka/Downloads/Byte_Hand-1.0/Serial-Basys3-1.0/TXRX_Servos/TXRX_Servos.srcs/sources_1/new/EM_display.vhd:34' bound to instance 'EM' of component 'EM_display' [C:/Users/gorka/Downloads/Byte_Hand-1.0/Serial-Basys3-1.0/TXRX_Servos/TXRX_Servos.srcs/sources_1/imports/new/nagusia_display.vhd:89]
INFO: [Synth 8-638] synthesizing module 'EM_display' [C:/Users/gorka/Downloads/Byte_Hand-1.0/Serial-Basys3-1.0/TXRX_Servos/TXRX_Servos.srcs/sources_1/new/EM_display.vhd:44]
WARNING: [Synth 8-614] signal 'zenb_bateko' is read in the process but is not in the sensitivity list [C:/Users/gorka/Downloads/Byte_Hand-1.0/Serial-Basys3-1.0/TXRX_Servos/TXRX_Servos.srcs/sources_1/new/EM_display.vhd:57]
WARNING: [Synth 8-614] signal 'zenb_hamarreko' is read in the process but is not in the sensitivity list [C:/Users/gorka/Downloads/Byte_Hand-1.0/Serial-Basys3-1.0/TXRX_Servos/TXRX_Servos.srcs/sources_1/new/EM_display.vhd:57]
WARNING: [Synth 8-614] signal 'zenb_id' is read in the process but is not in the sensitivity list [C:/Users/gorka/Downloads/Byte_Hand-1.0/Serial-Basys3-1.0/TXRX_Servos/TXRX_Servos.srcs/sources_1/new/EM_display.vhd:57]
INFO: [Synth 8-256] done synthesizing module 'EM_display' (5#1) [C:/Users/gorka/Downloads/Byte_Hand-1.0/Serial-Basys3-1.0/TXRX_Servos/TXRX_Servos.srcs/sources_1/new/EM_display.vhd:44]
INFO: [Synth 8-256] done synthesizing module 'nagusia_display' (6#1) [C:/Users/gorka/Downloads/Byte_Hand-1.0/Serial-Basys3-1.0/TXRX_Servos/TXRX_Servos.srcs/sources_1/imports/new/nagusia_display.vhd:42]
INFO: [Synth 8-3491] module 'Data_memoria' declared at 'C:/Users/gorka/Downloads/Byte_Hand-1.0/Serial-Basys3-1.0/TXRX_Servos/TXRX_Servos.srcs/sources_1/new/Data_memoria.vhd:36' bound to instance 'MEMORIA' of component 'Data_memoria' [C:/Users/gorka/Downloads/Byte_Hand-1.0/Serial-Basys3-1.0/TXRX_Servos/TXRX_Servos.srcs/sources_1/new/top.vhd:165]
INFO: [Synth 8-638] synthesizing module 'Data_memoria' [C:/Users/gorka/Downloads/Byte_Hand-1.0/Serial-Basys3-1.0/TXRX_Servos/TXRX_Servos.srcs/sources_1/new/Data_memoria.vhd:51]
WARNING: [Synth 8-614] signal 'ena' is read in the process but is not in the sensitivity list [C:/Users/gorka/Downloads/Byte_Hand-1.0/Serial-Basys3-1.0/TXRX_Servos/TXRX_Servos.srcs/sources_1/new/Data_memoria.vhd:68]
WARNING: [Synth 8-614] signal 'data_receive' is read in the process but is not in the sensitivity list [C:/Users/gorka/Downloads/Byte_Hand-1.0/Serial-Basys3-1.0/TXRX_Servos/TXRX_Servos.srcs/sources_1/new/Data_memoria.vhd:68]
WARNING: [Synth 8-614] signal 'data_in' is read in the process but is not in the sensitivity list [C:/Users/gorka/Downloads/Byte_Hand-1.0/Serial-Basys3-1.0/TXRX_Servos/TXRX_Servos.srcs/sources_1/new/Data_memoria.vhd:68]
INFO: [Synth 8-256] done synthesizing module 'Data_memoria' (7#1) [C:/Users/gorka/Downloads/Byte_Hand-1.0/Serial-Basys3-1.0/TXRX_Servos/TXRX_Servos.srcs/sources_1/new/Data_memoria.vhd:51]
INFO: [Synth 8-3491] module 'selector' declared at 'C:/Users/gorka/Downloads/Byte_Hand-1.0/Serial-Basys3-1.0/TXRX_Servos/TXRX_Servos.srcs/sources_1/new/selector.vhd:34' bound to instance 'SELECTOR_ANGLE' of component 'selector' [C:/Users/gorka/Downloads/Byte_Hand-1.0/Serial-Basys3-1.0/TXRX_Servos/TXRX_Servos.srcs/sources_1/new/top.vhd:178]
INFO: [Synth 8-638] synthesizing module 'selector' [C:/Users/gorka/Downloads/Byte_Hand-1.0/Serial-Basys3-1.0/TXRX_Servos/TXRX_Servos.srcs/sources_1/new/selector.vhd:51]
INFO: [Synth 8-256] done synthesizing module 'selector' (8#1) [C:/Users/gorka/Downloads/Byte_Hand-1.0/Serial-Basys3-1.0/TXRX_Servos/TXRX_Servos.srcs/sources_1/new/selector.vhd:51]
INFO: [Synth 8-3491] module 'PWM_controller' declared at 'C:/Users/gorka/Downloads/Byte_Hand-1.0/Serial-Basys3-1.0/TXRX_Servos/TXRX_Servos.srcs/sources_1/new/PMW_Controller.vhd:36' bound to instance 'A_HAND' of component 'PWM_controller' [C:/Users/gorka/Downloads/Byte_Hand-1.0/Serial-Basys3-1.0/TXRX_Servos/TXRX_Servos.srcs/sources_1/new/top.vhd:193]
INFO: [Synth 8-638] synthesizing module 'PWM_controller' [C:/Users/gorka/Downloads/Byte_Hand-1.0/Serial-Basys3-1.0/TXRX_Servos/TXRX_Servos.srcs/sources_1/new/PMW_Controller.vhd:43]
WARNING: [Synth 8-614] signal 'aux1' is read in the process but is not in the sensitivity list [C:/Users/gorka/Downloads/Byte_Hand-1.0/Serial-Basys3-1.0/TXRX_Servos/TXRX_Servos.srcs/sources_1/new/PMW_Controller.vhd:69]
WARNING: [Synth 8-614] signal 'aux2' is read in the process but is not in the sensitivity list [C:/Users/gorka/Downloads/Byte_Hand-1.0/Serial-Basys3-1.0/TXRX_Servos/TXRX_Servos.srcs/sources_1/new/PMW_Controller.vhd:69]
INFO: [Synth 8-256] done synthesizing module 'PWM_controller' (9#1) [C:/Users/gorka/Downloads/Byte_Hand-1.0/Serial-Basys3-1.0/TXRX_Servos/TXRX_Servos.srcs/sources_1/new/PMW_Controller.vhd:43]
INFO: [Synth 8-3491] module 'PWM_controller' declared at 'C:/Users/gorka/Downloads/Byte_Hand-1.0/Serial-Basys3-1.0/TXRX_Servos/TXRX_Servos.srcs/sources_1/new/PMW_Controller.vhd:36' bound to instance 'B_HAND' of component 'PWM_controller' [C:/Users/gorka/Downloads/Byte_Hand-1.0/Serial-Basys3-1.0/TXRX_Servos/TXRX_Servos.srcs/sources_1/new/top.vhd:198]
INFO: [Synth 8-3491] module 'PWM_controller' declared at 'C:/Users/gorka/Downloads/Byte_Hand-1.0/Serial-Basys3-1.0/TXRX_Servos/TXRX_Servos.srcs/sources_1/new/PMW_Controller.vhd:36' bound to instance 'C_HAND' of component 'PWM_controller' [C:/Users/gorka/Downloads/Byte_Hand-1.0/Serial-Basys3-1.0/TXRX_Servos/TXRX_Servos.srcs/sources_1/new/top.vhd:203]
INFO: [Synth 8-3491] module 'PWM_controller' declared at 'C:/Users/gorka/Downloads/Byte_Hand-1.0/Serial-Basys3-1.0/TXRX_Servos/TXRX_Servos.srcs/sources_1/new/PMW_Controller.vhd:36' bound to instance 'D_HAND' of component 'PWM_controller' [C:/Users/gorka/Downloads/Byte_Hand-1.0/Serial-Basys3-1.0/TXRX_Servos/TXRX_Servos.srcs/sources_1/new/top.vhd:208]
INFO: [Synth 8-3491] module 'PWM_controller' declared at 'C:/Users/gorka/Downloads/Byte_Hand-1.0/Serial-Basys3-1.0/TXRX_Servos/TXRX_Servos.srcs/sources_1/new/PMW_Controller.vhd:36' bound to instance 'E_HAND' of component 'PWM_controller' [C:/Users/gorka/Downloads/Byte_Hand-1.0/Serial-Basys3-1.0/TXRX_Servos/TXRX_Servos.srcs/sources_1/new/top.vhd:213]
INFO: [Synth 8-3491] module 'PWM_controller' declared at 'C:/Users/gorka/Downloads/Byte_Hand-1.0/Serial-Basys3-1.0/TXRX_Servos/TXRX_Servos.srcs/sources_1/new/PMW_Controller.vhd:36' bound to instance 'F_HAND' of component 'PWM_controller' [C:/Users/gorka/Downloads/Byte_Hand-1.0/Serial-Basys3-1.0/TXRX_Servos/TXRX_Servos.srcs/sources_1/new/top.vhd:218]
INFO: [Synth 8-3491] module 'PWM_controller' declared at 'C:/Users/gorka/Downloads/Byte_Hand-1.0/Serial-Basys3-1.0/TXRX_Servos/TXRX_Servos.srcs/sources_1/new/PMW_Controller.vhd:36' bound to instance 'G_HAND' of component 'PWM_controller' [C:/Users/gorka/Downloads/Byte_Hand-1.0/Serial-Basys3-1.0/TXRX_Servos/TXRX_Servos.srcs/sources_1/new/top.vhd:223]
INFO: [Synth 8-3491] module 'PWM_controller' declared at 'C:/Users/gorka/Downloads/Byte_Hand-1.0/Serial-Basys3-1.0/TXRX_Servos/TXRX_Servos.srcs/sources_1/new/PMW_Controller.vhd:36' bound to instance 'H_HAND' of component 'PWM_controller' [C:/Users/gorka/Downloads/Byte_Hand-1.0/Serial-Basys3-1.0/TXRX_Servos/TXRX_Servos.srcs/sources_1/new/top.vhd:228]
INFO: [Synth 8-3491] module 'PWM_controller' declared at 'C:/Users/gorka/Downloads/Byte_Hand-1.0/Serial-Basys3-1.0/TXRX_Servos/TXRX_Servos.srcs/sources_1/new/PMW_Controller.vhd:36' bound to instance 'I_HAND' of component 'PWM_controller' [C:/Users/gorka/Downloads/Byte_Hand-1.0/Serial-Basys3-1.0/TXRX_Servos/TXRX_Servos.srcs/sources_1/new/top.vhd:233]
INFO: [Synth 8-3491] module 'PWM_controller' declared at 'C:/Users/gorka/Downloads/Byte_Hand-1.0/Serial-Basys3-1.0/TXRX_Servos/TXRX_Servos.srcs/sources_1/new/PMW_Controller.vhd:36' bound to instance 'J_HAND' of component 'PWM_controller' [C:/Users/gorka/Downloads/Byte_Hand-1.0/Serial-Basys3-1.0/TXRX_Servos/TXRX_Servos.srcs/sources_1/new/top.vhd:238]
INFO: [Synth 8-256] done synthesizing module 'top' (10#1) [C:/Users/gorka/Downloads/Byte_Hand-1.0/Serial-Basys3-1.0/TXRX_Servos/TXRX_Servos.srcs/sources_1/new/top.vhd:60]
WARNING: [Synth 8-3331] design PWM_controller has unconnected port clk
WARNING: [Synth 8-3331] design display7 has unconnected port clk
WARNING: [Synth 8-3331] design divisor_display has unconnected port ehuneko[7]
WARNING: [Synth 8-3331] design divisor_display has unconnected port ehuneko[6]
WARNING: [Synth 8-3331] design divisor_display has unconnected port ehuneko[5]
WARNING: [Synth 8-3331] design divisor_display has unconnected port ehuneko[4]
WARNING: [Synth 8-3331] design divisor_display has unconnected port ehuneko[3]
WARNING: [Synth 8-3331] design divisor_display has unconnected port ehuneko[2]
WARNING: [Synth 8-3331] design divisor_display has unconnected port ehuneko[1]
WARNING: [Synth 8-3331] design divisor_display has unconnected port ehuneko[0]
WARNING: [Synth 8-3331] design divisor_display has unconnected port clk
---------------------------------------------------------------------------------
Finished RTL Elaboration : Time (s): cpu = 00:00:06 ; elapsed = 00:00:04 . Memory (MB): peak = 1267.617 ; gain = 28.758
---------------------------------------------------------------------------------

Report Check Netlist: 
+------+------------------+-------+---------+-------+------------------+
|      |Item              |Errors |Warnings |Status |Description       |
+------+------------------+-------+---------+-------+------------------+
|1     |multi_driven_nets |      0|        0|Passed |Multi driven nets |
+------+------------------+-------+---------+-------+------------------+
---------------------------------------------------------------------------------
Finished RTL Optimization Phase 1 : Time (s): cpu = 00:00:06 ; elapsed = 00:00:04 . Memory (MB): peak = 1267.617 ; gain = 28.758
---------------------------------------------------------------------------------
INFO: [Netlist 29-17] Analyzing 24 Unisim elements for replacement
INFO: [Netlist 29-28] Unisim Transformation completed in 0 CPU seconds
INFO: [Project 1-570] Preparing netlist for logic optimization

Processing XDC Constraints
Initializing timing engine
Parsing XDC File [C:/Users/gorka/Downloads/Byte_Hand-1.0/Serial-Basys3-1.0/TXRX_Servos/TXRX_Servos.srcs/constrs_1/imports/Sistema Logiko Programagarriak/Basys3_Master.xdc]
Finished Parsing XDC File [C:/Users/gorka/Downloads/Byte_Hand-1.0/Serial-Basys3-1.0/TXRX_Servos/TXRX_Servos.srcs/constrs_1/imports/Sistema Logiko Programagarriak/Basys3_Master.xdc]
Completed Processing XDC Constraints

INFO: [Opt 31-140] Inserted 2 IBUFs to IO ports without IO buffers.
INFO: [Opt 31-138] Pushed 0 inverter(s) to 0 load pin(s).
refresh_design: Time (s): cpu = 00:00:16 ; elapsed = 00:00:09 . Memory (MB): peak = 1287.844 ; gain = 48.984
refresh_design
---------------------------------------------------------------------------------
Starting RTL Elaboration : Time (s): cpu = 00:00:03 ; elapsed = 00:00:03 . Memory (MB): peak = 1287.844 ; gain = 0.000
---------------------------------------------------------------------------------
INFO: [Synth 8-638] synthesizing module 'top' [C:/Users/gorka/Downloads/Byte_Hand-1.0/Serial-Basys3-1.0/TXRX_Servos/TXRX_Servos.srcs/sources_1/new/top.vhd:60]
INFO: [Synth 8-3491] module 'FrekuentziaZatitzailea' declared at 'C:/Users/gorka/Downloads/Byte_Hand-1.0/Serial-Basys3-1.0/TXRX_Servos/TXRX_Servos.srcs/sources_1/new/FrekuentziZatitzailea.vhd:15' bound to instance 'CLK_Zatitzailea' of component 'FrekuentziaZatitzailea' [C:/Users/gorka/Downloads/Byte_Hand-1.0/Serial-Basys3-1.0/TXRX_Servos/TXRX_Servos.srcs/sources_1/new/top.vhd:146]
INFO: [Synth 8-638] synthesizing module 'FrekuentziaZatitzailea' [C:/Users/gorka/Downloads/Byte_Hand-1.0/Serial-Basys3-1.0/TXRX_Servos/TXRX_Servos.srcs/sources_1/new/FrekuentziZatitzailea.vhd:22]
INFO: [Synth 8-256] done synthesizing module 'FrekuentziaZatitzailea' (1#1) [C:/Users/gorka/Downloads/Byte_Hand-1.0/Serial-Basys3-1.0/TXRX_Servos/TXRX_Servos.srcs/sources_1/new/FrekuentziZatitzailea.vhd:22]
INFO: [Synth 8-3491] module 'kcuart_rx' declared at 'C:/Users/gorka/Downloads/Byte_Hand-1.0/Serial-Basys3-1.0/TXRX_Servos/TXRX_Servos.srcs/sources_1/new/kcuart_rx.vhd:12' bound to instance 'RX' of component 'kcuart_rx' [C:/Users/gorka/Downloads/Byte_Hand-1.0/Serial-Basys3-1.0/TXRX_Servos/TXRX_Servos.srcs/sources_1/new/top.vhd:152]
INFO: [Synth 8-638] synthesizing module 'kcuart_rx' [C:/Users/gorka/Downloads/Byte_Hand-1.0/Serial-Basys3-1.0/TXRX_Servos/TXRX_Servos.srcs/sources_1/new/kcuart_rx.vhd:23]
	Parameter INIT bound to: 1'b0 
INFO: [Synth 8-113] binding component instance 'sync_reg' to cell 'FD' [C:/Users/gorka/Downloads/Byte_Hand-1.0/Serial-Basys3-1.0/TXRX_Servos/TXRX_Servos.srcs/sources_1/new/kcuart_rx.vhd:67]
	Parameter INIT bound to: 1'b0 
INFO: [Synth 8-113] binding component instance 'stop_reg' to cell 'FD' [C:/Users/gorka/Downloads/Byte_Hand-1.0/Serial-Basys3-1.0/TXRX_Servos/TXRX_Servos.srcs/sources_1/new/kcuart_rx.vhd:72]
	Parameter INIT bound to: 16'b0000000000000000 
	Parameter IS_CLK_INVERTED bound to: 1'b0 
INFO: [Synth 8-113] binding component instance 'delay15_srl' to cell 'SRL16E' [C:/Users/gorka/Downloads/Byte_Hand-1.0/Serial-Basys3-1.0/TXRX_Servos/TXRX_Servos.srcs/sources_1/new/kcuart_rx.vhd:91]
	Parameter INIT bound to: 1'b0 
INFO: [Synth 8-113] binding component instance 'data_reg' to cell 'FDE' [C:/Users/gorka/Downloads/Byte_Hand-1.0/Serial-Basys3-1.0/TXRX_Servos/TXRX_Servos.srcs/sources_1/new/kcuart_rx.vhd:128]
	Parameter INIT bound to: 16'b0000000000000000 
	Parameter IS_CLK_INVERTED bound to: 1'b0 
INFO: [Synth 8-113] binding component instance 'delay15_srl' to cell 'SRL16E' [C:/Users/gorka/Downloads/Byte_Hand-1.0/Serial-Basys3-1.0/TXRX_Servos/TXRX_Servos.srcs/sources_1/new/kcuart_rx.vhd:91]
	Parameter INIT bound to: 1'b0 
INFO: [Synth 8-113] binding component instance 'data_reg' to cell 'FDE' [C:/Users/gorka/Downloads/Byte_Hand-1.0/Serial-Basys3-1.0/TXRX_Servos/TXRX_Servos.srcs/sources_1/new/kcuart_rx.vhd:128]
	Parameter INIT bound to: 16'b0000000000000000 
	Parameter IS_CLK_INVERTED bound to: 1'b0 
INFO: [Synth 8-113] binding component instance 'delay15_srl' to cell 'SRL16E' [C:/Users/gorka/Downloads/Byte_Hand-1.0/Serial-Basys3-1.0/TXRX_Servos/TXRX_Servos.srcs/sources_1/new/kcuart_rx.vhd:91]
	Parameter INIT bound to: 1'b0 
INFO: [Synth 8-113] binding component instance 'data_reg' to cell 'FDE' [C:/Users/gorka/Downloads/Byte_Hand-1.0/Serial-Basys3-1.0/TXRX_Servos/TXRX_Servos.srcs/sources_1/new/kcuart_rx.vhd:128]
	Parameter INIT bound to: 16'b0000000000000000 
	Parameter IS_CLK_INVERTED bound to: 1'b0 
INFO: [Synth 8-113] binding component instance 'delay15_srl' to cell 'SRL16E' [C:/Users/gorka/Downloads/Byte_Hand-1.0/Serial-Basys3-1.0/TXRX_Servos/TXRX_Servos.srcs/sources_1/new/kcuart_rx.vhd:91]
	Parameter INIT bound to: 1'b0 
INFO: [Synth 8-113] binding component instance 'data_reg' to cell 'FDE' [C:/Users/gorka/Downloads/Byte_Hand-1.0/Serial-Basys3-1.0/TXRX_Servos/TXRX_Servos.srcs/sources_1/new/kcuart_rx.vhd:128]
	Parameter INIT bound to: 16'b0000000000000000 
	Parameter IS_CLK_INVERTED bound to: 1'b0 
INFO: [Synth 8-113] binding component instance 'delay15_srl' to cell 'SRL16E' [C:/Users/gorka/Downloads/Byte_Hand-1.0/Serial-Basys3-1.0/TXRX_Servos/TXRX_Servos.srcs/sources_1/new/kcuart_rx.vhd:91]
	Parameter INIT bound to: 1'b0 
INFO: [Synth 8-113] binding component instance 'data_reg' to cell 'FDE' [C:/Users/gorka/Downloads/Byte_Hand-1.0/Serial-Basys3-1.0/TXRX_Servos/TXRX_Servos.srcs/sources_1/new/kcuart_rx.vhd:128]
	Parameter INIT bound to: 16'b0000000000000000 
	Parameter IS_CLK_INVERTED bound to: 1'b0 
INFO: [Synth 8-113] binding component instance 'delay15_srl' to cell 'SRL16E' [C:/Users/gorka/Downloads/Byte_Hand-1.0/Serial-Basys3-1.0/TXRX_Servos/TXRX_Servos.srcs/sources_1/new/kcuart_rx.vhd:91]
	Parameter INIT bound to: 1'b0 
INFO: [Synth 8-113] binding component instance 'data_reg' to cell 'FDE' [C:/Users/gorka/Downloads/Byte_Hand-1.0/Serial-Basys3-1.0/TXRX_Servos/TXRX_Servos.srcs/sources_1/new/kcuart_rx.vhd:128]
	Parameter INIT bound to: 16'b0000000000000000 
	Parameter IS_CLK_INVERTED bound to: 1'b0 
INFO: [Synth 8-113] binding component instance 'delay15_srl' to cell 'SRL16E' [C:/Users/gorka/Downloads/Byte_Hand-1.0/Serial-Basys3-1.0/TXRX_Servos/TXRX_Servos.srcs/sources_1/new/kcuart_rx.vhd:91]
	Parameter INIT bound to: 1'b0 
INFO: [Synth 8-113] binding component instance 'data_reg' to cell 'FDE' [C:/Users/gorka/Downloads/Byte_Hand-1.0/Serial-Basys3-1.0/TXRX_Servos/TXRX_Servos.srcs/sources_1/new/kcuart_rx.vhd:128]
	Parameter INIT bound to: 16'b0000000000000000 
	Parameter IS_CLK_INVERTED bound to: 1'b0 
INFO: [Synth 8-113] binding component instance 'delay15_srl' to cell 'SRL16E' [C:/Users/gorka/Downloads/Byte_Hand-1.0/Serial-Basys3-1.0/TXRX_Servos/TXRX_Servos.srcs/sources_1/new/kcuart_rx.vhd:113]
	Parameter INIT bound to: 1'b0 
INFO: [Synth 8-113] binding component instance 'data_reg' to cell 'FDE' [C:/Users/gorka/Downloads/Byte_Hand-1.0/Serial-Basys3-1.0/TXRX_Servos/TXRX_Servos.srcs/sources_1/new/kcuart_rx.vhd:128]
	Parameter INIT bound to: 16'b0000000000000000 
	Parameter IS_CLK_INVERTED bound to: 1'b0 
INFO: [Synth 8-113] binding component instance 'start_srl' to cell 'SRL16E' [C:/Users/gorka/Downloads/Byte_Hand-1.0/Serial-Basys3-1.0/TXRX_Servos/TXRX_Servos.srcs/sources_1/new/kcuart_rx.vhd:142]
	Parameter INIT bound to: 1'b0 
INFO: [Synth 8-113] binding component instance 'start_reg' to cell 'FDE' [C:/Users/gorka/Downloads/Byte_Hand-1.0/Serial-Basys3-1.0/TXRX_Servos/TXRX_Servos.srcs/sources_1/new/kcuart_rx.vhd:155]
	Parameter INIT bound to: 16'b0000000000000000 
	Parameter IS_CLK_INVERTED bound to: 1'b0 
INFO: [Synth 8-113] binding component instance 'edge_srl' to cell 'SRL16E' [C:/Users/gorka/Downloads/Byte_Hand-1.0/Serial-Basys3-1.0/TXRX_Servos/TXRX_Servos.srcs/sources_1/new/kcuart_rx.vhd:165]
	Parameter INIT bound to: 1'b0 
INFO: [Synth 8-113] binding component instance 'edge_reg' to cell 'FDE' [C:/Users/gorka/Downloads/Byte_Hand-1.0/Serial-Basys3-1.0/TXRX_Servos/TXRX_Servos.srcs/sources_1/new/kcuart_rx.vhd:178]
	Parameter INIT bound to: 16'b0000000001000000 
INFO: [Synth 8-113] binding component instance 'valid_lut' to cell 'LUT4' [C:/Users/gorka/Downloads/Byte_Hand-1.0/Serial-Basys3-1.0/TXRX_Servos/TXRX_Servos.srcs/sources_1/new/kcuart_rx.vhd:186]
	Parameter INIT bound to: 1'b0 
INFO: [Synth 8-113] binding component instance 'valid_reg' to cell 'FDE' [C:/Users/gorka/Downloads/Byte_Hand-1.0/Serial-Basys3-1.0/TXRX_Servos/TXRX_Servos.srcs/sources_1/new/kcuart_rx.vhd:196]
	Parameter INIT bound to: 8'b01010100 
INFO: [Synth 8-113] binding component instance 'purge_lut' to cell 'LUT3' [C:/Users/gorka/Downloads/Byte_Hand-1.0/Serial-Basys3-1.0/TXRX_Servos/TXRX_Servos.srcs/sources_1/new/kcuart_rx.vhd:204]
	Parameter INIT bound to: 1'b0 
INFO: [Synth 8-113] binding component instance 'purge_reg' to cell 'FDE' [C:/Users/gorka/Downloads/Byte_Hand-1.0/Serial-Basys3-1.0/TXRX_Servos/TXRX_Servos.srcs/sources_1/new/kcuart_rx.vhd:213]
	Parameter INIT bound to: 16'b0000000000000000 
	Parameter IS_CLK_INVERTED bound to: 1'b0 
INFO: [Synth 8-113] binding component instance 'delay15_srl' to cell 'SRL16E' [C:/Users/gorka/Downloads/Byte_Hand-1.0/Serial-Basys3-1.0/TXRX_Servos/TXRX_Servos.srcs/sources_1/new/kcuart_rx.vhd:234]
	Parameter INIT bound to: 1'b0 
INFO: [Synth 8-113] binding component instance 'data_reg' to cell 'FDE' [C:/Users/gorka/Downloads/Byte_Hand-1.0/Serial-Basys3-1.0/TXRX_Servos/TXRX_Servos.srcs/sources_1/new/kcuart_rx.vhd:271]
	Parameter INIT bound to: 16'b0000000000000000 
	Parameter IS_CLK_INVERTED bound to: 1'b0 
INFO: [Synth 8-113] binding component instance 'delay16_srl' to cell 'SRL16E' [C:/Users/gorka/Downloads/Byte_Hand-1.0/Serial-Basys3-1.0/TXRX_Servos/TXRX_Servos.srcs/sources_1/new/kcuart_rx.vhd:256]
	Parameter INIT bound to: 1'b0 
INFO: [Synth 8-113] binding component instance 'data_reg' to cell 'FDE' [C:/Users/gorka/Downloads/Byte_Hand-1.0/Serial-Basys3-1.0/TXRX_Servos/TXRX_Servos.srcs/sources_1/new/kcuart_rx.vhd:271]
	Parameter INIT bound to: 16'b0000000000000000 
	Parameter IS_CLK_INVERTED bound to: 1'b0 
INFO: [Synth 8-113] binding component instance 'delay16_srl' to cell 'SRL16E' [C:/Users/gorka/Downloads/Byte_Hand-1.0/Serial-Basys3-1.0/TXRX_Servos/TXRX_Servos.srcs/sources_1/new/kcuart_rx.vhd:256]
	Parameter INIT bound to: 1'b0 
INFO: [Synth 8-113] binding component instance 'data_reg' to cell 'FDE' [C:/Users/gorka/Downloads/Byte_Hand-1.0/Serial-Basys3-1.0/TXRX_Servos/TXRX_Servos.srcs/sources_1/new/kcuart_rx.vhd:271]
	Parameter INIT bound to: 16'b0000000000000000 
	Parameter IS_CLK_INVERTED bound to: 1'b0 
INFO: [Synth 8-113] binding component instance 'delay16_srl' to cell 'SRL16E' [C:/Users/gorka/Downloads/Byte_Hand-1.0/Serial-Basys3-1.0/TXRX_Servos/TXRX_Servos.srcs/sources_1/new/kcuart_rx.vhd:256]
	Parameter INIT bound to: 1'b0 
INFO: [Synth 8-113] binding component instance 'data_reg' to cell 'FDE' [C:/Users/gorka/Downloads/Byte_Hand-1.0/Serial-Basys3-1.0/TXRX_Servos/TXRX_Servos.srcs/sources_1/new/kcuart_rx.vhd:271]
	Parameter INIT bound to: 16'b0000000000000000 
	Parameter IS_CLK_INVERTED bound to: 1'b0 
INFO: [Synth 8-113] binding component instance 'delay16_srl' to cell 'SRL16E' [C:/Users/gorka/Downloads/Byte_Hand-1.0/Serial-Basys3-1.0/TXRX_Servos/TXRX_Servos.srcs/sources_1/new/kcuart_rx.vhd:256]
	Parameter INIT bound to: 1'b0 
INFO: [Synth 8-113] binding component instance 'data_reg' to cell 'FDE' [C:/Users/gorka/Downloads/Byte_Hand-1.0/Serial-Basys3-1.0/TXRX_Servos/TXRX_Servos.srcs/sources_1/new/kcuart_rx.vhd:271]
	Parameter INIT bound to: 16'b0000000000000000 
	Parameter IS_CLK_INVERTED bound to: 1'b0 
INFO: [Synth 8-113] binding component instance 'delay16_srl' to cell 'SRL16E' [C:/Users/gorka/Downloads/Byte_Hand-1.0/Serial-Basys3-1.0/TXRX_Servos/TXRX_Servos.srcs/sources_1/new/kcuart_rx.vhd:256]
	Parameter INIT bound to: 1'b0 
INFO: [Synth 8-113] binding component instance 'data_reg' to cell 'FDE' [C:/Users/gorka/Downloads/Byte_Hand-1.0/Serial-Basys3-1.0/TXRX_Servos/TXRX_Servos.srcs/sources_1/new/kcuart_rx.vhd:271]
	Parameter INIT bound to: 16'b0000000000000000 
	Parameter IS_CLK_INVERTED bound to: 1'b0 
INFO: [Synth 8-113] binding component instance 'delay16_srl' to cell 'SRL16E' [C:/Users/gorka/Downloads/Byte_Hand-1.0/Serial-Basys3-1.0/TXRX_Servos/TXRX_Servos.srcs/sources_1/new/kcuart_rx.vhd:256]
	Parameter INIT bound to: 1'b0 
INFO: [Synth 8-113] binding component instance 'data_reg' to cell 'FDE' [C:/Users/gorka/Downloads/Byte_Hand-1.0/Serial-Basys3-1.0/TXRX_Servos/TXRX_Servos.srcs/sources_1/new/kcuart_rx.vhd:271]
	Parameter INIT bound to: 16'b0000000000000000 
	Parameter IS_CLK_INVERTED bound to: 1'b0 
INFO: [Synth 8-113] binding component instance 'delay16_srl' to cell 'SRL16E' [C:/Users/gorka/Downloads/Byte_Hand-1.0/Serial-Basys3-1.0/TXRX_Servos/TXRX_Servos.srcs/sources_1/new/kcuart_rx.vhd:256]
	Parameter INIT bound to: 1'b0 
INFO: [Synth 8-113] binding component instance 'data_reg' to cell 'FDE' [C:/Users/gorka/Downloads/Byte_Hand-1.0/Serial-Basys3-1.0/TXRX_Servos/TXRX_Servos.srcs/sources_1/new/kcuart_rx.vhd:271]
	Parameter INIT bound to: 16'b0000000000000000 
	Parameter IS_CLK_INVERTED bound to: 1'b0 
INFO: [Synth 8-113] binding component instance 'delay16_srl' to cell 'SRL16E' [C:/Users/gorka/Downloads/Byte_Hand-1.0/Serial-Basys3-1.0/TXRX_Servos/TXRX_Servos.srcs/sources_1/new/kcuart_rx.vhd:256]
	Parameter INIT bound to: 1'b0 
INFO: [Synth 8-113] binding component instance 'data_reg' to cell 'FDE' [C:/Users/gorka/Downloads/Byte_Hand-1.0/Serial-Basys3-1.0/TXRX_Servos/TXRX_Servos.srcs/sources_1/new/kcuart_rx.vhd:271]
	Parameter INIT bound to: 4'b1000 
INFO: [Synth 8-113] binding component instance 'strobe_lut' to cell 'LUT2' [C:/Users/gorka/Downloads/Byte_Hand-1.0/Serial-Basys3-1.0/TXRX_Servos/TXRX_Servos.srcs/sources_1/new/kcuart_rx.vhd:281]
	Parameter INIT bound to: 1'b0 
INFO: [Synth 8-113] binding component instance 'strobe_reg' to cell 'FD' [C:/Users/gorka/Downloads/Byte_Hand-1.0/Serial-Basys3-1.0/TXRX_Servos/TXRX_Servos.srcs/sources_1/new/kcuart_rx.vhd:289]
WARNING: [Synth 8-2887] Directive 'init' on 'valid_lut' is unsupported and ignored
WARNING: [Synth 8-2887] Directive 'init' on 'purge_lut' is unsupported and ignored
WARNING: [Synth 8-2887] Directive 'init' on 'strobe_lut' is unsupported and ignored
INFO: [Synth 8-256] done synthesizing module 'kcuart_rx' (2#1) [C:/Users/gorka/Downloads/Byte_Hand-1.0/Serial-Basys3-1.0/TXRX_Servos/TXRX_Servos.srcs/sources_1/new/kcuart_rx.vhd:23]
INFO: [Synth 8-3491] module 'nagusia_display' declared at 'C:/Users/gorka/Downloads/Byte_Hand-1.0/Serial-Basys3-1.0/TXRX_Servos/TXRX_Servos.srcs/sources_1/imports/new/nagusia_display.vhd:34' bound to instance 'DISPLAY' of component 'nagusia_display' [C:/Users/gorka/Downloads/Byte_Hand-1.0/Serial-Basys3-1.0/TXRX_Servos/TXRX_Servos.srcs/sources_1/new/top.vhd:159]
INFO: [Synth 8-638] synthesizing module 'nagusia_display' [C:/Users/gorka/Downloads/Byte_Hand-1.0/Serial-Basys3-1.0/TXRX_Servos/TXRX_Servos.srcs/sources_1/imports/new/nagusia_display.vhd:42]
WARNING: [Synth 8-5640] Port 'ehuneko' is missing in component declaration [C:/Users/gorka/Downloads/Byte_Hand-1.0/Serial-Basys3-1.0/TXRX_Servos/TXRX_Servos.srcs/sources_1/imports/new/nagusia_display.vhd:59]
INFO: [Synth 8-3491] module 'divisor_display' declared at 'C:/Users/gorka/Downloads/Byte_Hand-1.0/Serial-Basys3-1.0/TXRX_Servos/TXRX_Servos.srcs/sources_1/new/divisor_display.vhd:36' bound to instance 'CONTROL_Display' of component 'divisor_display' [C:/Users/gorka/Downloads/Byte_Hand-1.0/Serial-Basys3-1.0/TXRX_Servos/TXRX_Servos.srcs/sources_1/imports/new/nagusia_display.vhd:71]
INFO: [Synth 8-638] synthesizing module 'divisor_display' [C:/Users/gorka/Downloads/Byte_Hand-1.0/Serial-Basys3-1.0/TXRX_Servos/TXRX_Servos.srcs/sources_1/new/divisor_display.vhd:44]
WARNING: [Synth 8-3848] Net ehuneko in module/entity divisor_display does not have driver. [C:/Users/gorka/Downloads/Byte_Hand-1.0/Serial-Basys3-1.0/TXRX_Servos/TXRX_Servos.srcs/sources_1/new/divisor_display.vhd:41]
INFO: [Synth 8-256] done synthesizing module 'divisor_display' (3#1) [C:/Users/gorka/Downloads/Byte_Hand-1.0/Serial-Basys3-1.0/TXRX_Servos/TXRX_Servos.srcs/sources_1/new/divisor_display.vhd:44]
INFO: [Synth 8-3491] module 'display7' declared at 'C:/Users/gorka/Downloads/Byte_Hand-1.0/Serial-Basys3-1.0/TXRX_Servos/TXRX_Servos.srcs/sources_1/new/display.vhd:36' bound to instance 'DISPLAY_D' of component 'display7' [C:/Users/gorka/Downloads/Byte_Hand-1.0/Serial-Basys3-1.0/TXRX_Servos/TXRX_Servos.srcs/sources_1/imports/new/nagusia_display.vhd:76]
INFO: [Synth 8-638] synthesizing module 'display7' [C:/Users/gorka/Downloads/Byte_Hand-1.0/Serial-Basys3-1.0/TXRX_Servos/TXRX_Servos.srcs/sources_1/new/display.vhd:42]
INFO: [Synth 8-256] done synthesizing module 'display7' (4#1) [C:/Users/gorka/Downloads/Byte_Hand-1.0/Serial-Basys3-1.0/TXRX_Servos/TXRX_Servos.srcs/sources_1/new/display.vhd:42]
INFO: [Synth 8-3491] module 'display7' declared at 'C:/Users/gorka/Downloads/Byte_Hand-1.0/Serial-Basys3-1.0/TXRX_Servos/TXRX_Servos.srcs/sources_1/new/display.vhd:36' bound to instance 'DISPLAY_C' of component 'display7' [C:/Users/gorka/Downloads/Byte_Hand-1.0/Serial-Basys3-1.0/TXRX_Servos/TXRX_Servos.srcs/sources_1/imports/new/nagusia_display.vhd:80]
INFO: [Synth 8-3491] module 'display7' declared at 'C:/Users/gorka/Downloads/Byte_Hand-1.0/Serial-Basys3-1.0/TXRX_Servos/TXRX_Servos.srcs/sources_1/new/display.vhd:36' bound to instance 'DISPLAY_id' of component 'display7' [C:/Users/gorka/Downloads/Byte_Hand-1.0/Serial-Basys3-1.0/TXRX_Servos/TXRX_Servos.srcs/sources_1/imports/new/nagusia_display.vhd:84]
INFO: [Synth 8-3491] module 'EM_display' declared at 'C:/Users/gorka/Downloads/Byte_Hand-1.0/Serial-Basys3-1.0/TXRX_Servos/TXRX_Servos.srcs/sources_1/new/EM_display.vhd:34' bound to instance 'EM' of component 'EM_display' [C:/Users/gorka/Downloads/Byte_Hand-1.0/Serial-Basys3-1.0/TXRX_Servos/TXRX_Servos.srcs/sources_1/imports/new/nagusia_display.vhd:89]
INFO: [Synth 8-638] synthesizing module 'EM_display' [C:/Users/gorka/Downloads/Byte_Hand-1.0/Serial-Basys3-1.0/TXRX_Servos/TXRX_Servos.srcs/sources_1/new/EM_display.vhd:44]
WARNING: [Synth 8-614] signal 'zenb_bateko' is read in the process but is not in the sensitivity list [C:/Users/gorka/Downloads/Byte_Hand-1.0/Serial-Basys3-1.0/TXRX_Servos/TXRX_Servos.srcs/sources_1/new/EM_display.vhd:57]
WARNING: [Synth 8-614] signal 'zenb_hamarreko' is read in the process but is not in the sensitivity list [C:/Users/gorka/Downloads/Byte_Hand-1.0/Serial-Basys3-1.0/TXRX_Servos/TXRX_Servos.srcs/sources_1/new/EM_display.vhd:57]
WARNING: [Synth 8-614] signal 'zenb_id' is read in the process but is not in the sensitivity list [C:/Users/gorka/Downloads/Byte_Hand-1.0/Serial-Basys3-1.0/TXRX_Servos/TXRX_Servos.srcs/sources_1/new/EM_display.vhd:57]
INFO: [Synth 8-256] done synthesizing module 'EM_display' (5#1) [C:/Users/gorka/Downloads/Byte_Hand-1.0/Serial-Basys3-1.0/TXRX_Servos/TXRX_Servos.srcs/sources_1/new/EM_display.vhd:44]
INFO: [Synth 8-256] done synthesizing module 'nagusia_display' (6#1) [C:/Users/gorka/Downloads/Byte_Hand-1.0/Serial-Basys3-1.0/TXRX_Servos/TXRX_Servos.srcs/sources_1/imports/new/nagusia_display.vhd:42]
INFO: [Synth 8-3491] module 'Data_memoria' declared at 'C:/Users/gorka/Downloads/Byte_Hand-1.0/Serial-Basys3-1.0/TXRX_Servos/TXRX_Servos.srcs/sources_1/new/Data_memoria.vhd:36' bound to instance 'MEMORIA' of component 'Data_memoria' [C:/Users/gorka/Downloads/Byte_Hand-1.0/Serial-Basys3-1.0/TXRX_Servos/TXRX_Servos.srcs/sources_1/new/top.vhd:165]
INFO: [Synth 8-638] synthesizing module 'Data_memoria' [C:/Users/gorka/Downloads/Byte_Hand-1.0/Serial-Basys3-1.0/TXRX_Servos/TXRX_Servos.srcs/sources_1/new/Data_memoria.vhd:51]
WARNING: [Synth 8-614] signal 'ena' is read in the process but is not in the sensitivity list [C:/Users/gorka/Downloads/Byte_Hand-1.0/Serial-Basys3-1.0/TXRX_Servos/TXRX_Servos.srcs/sources_1/new/Data_memoria.vhd:68]
WARNING: [Synth 8-614] signal 'data_receive' is read in the process but is not in the sensitivity list [C:/Users/gorka/Downloads/Byte_Hand-1.0/Serial-Basys3-1.0/TXRX_Servos/TXRX_Servos.srcs/sources_1/new/Data_memoria.vhd:68]
WARNING: [Synth 8-614] signal 'data_in' is read in the process but is not in the sensitivity list [C:/Users/gorka/Downloads/Byte_Hand-1.0/Serial-Basys3-1.0/TXRX_Servos/TXRX_Servos.srcs/sources_1/new/Data_memoria.vhd:68]
INFO: [Synth 8-256] done synthesizing module 'Data_memoria' (7#1) [C:/Users/gorka/Downloads/Byte_Hand-1.0/Serial-Basys3-1.0/TXRX_Servos/TXRX_Servos.srcs/sources_1/new/Data_memoria.vhd:51]
INFO: [Synth 8-3491] module 'selector' declared at 'C:/Users/gorka/Downloads/Byte_Hand-1.0/Serial-Basys3-1.0/TXRX_Servos/TXRX_Servos.srcs/sources_1/new/selector.vhd:34' bound to instance 'SELECTOR_ANGLE' of component 'selector' [C:/Users/gorka/Downloads/Byte_Hand-1.0/Serial-Basys3-1.0/TXRX_Servos/TXRX_Servos.srcs/sources_1/new/top.vhd:178]
INFO: [Synth 8-638] synthesizing module 'selector' [C:/Users/gorka/Downloads/Byte_Hand-1.0/Serial-Basys3-1.0/TXRX_Servos/TXRX_Servos.srcs/sources_1/new/selector.vhd:51]
INFO: [Synth 8-256] done synthesizing module 'selector' (8#1) [C:/Users/gorka/Downloads/Byte_Hand-1.0/Serial-Basys3-1.0/TXRX_Servos/TXRX_Servos.srcs/sources_1/new/selector.vhd:51]
INFO: [Synth 8-3491] module 'PWM_controller' declared at 'C:/Users/gorka/Downloads/Byte_Hand-1.0/Serial-Basys3-1.0/TXRX_Servos/TXRX_Servos.srcs/sources_1/new/PMW_Controller.vhd:36' bound to instance 'A_HAND' of component 'PWM_controller' [C:/Users/gorka/Downloads/Byte_Hand-1.0/Serial-Basys3-1.0/TXRX_Servos/TXRX_Servos.srcs/sources_1/new/top.vhd:193]
INFO: [Synth 8-638] synthesizing module 'PWM_controller' [C:/Users/gorka/Downloads/Byte_Hand-1.0/Serial-Basys3-1.0/TXRX_Servos/TXRX_Servos.srcs/sources_1/new/PMW_Controller.vhd:43]
WARNING: [Synth 8-614] signal 'aux1' is read in the process but is not in the sensitivity list [C:/Users/gorka/Downloads/Byte_Hand-1.0/Serial-Basys3-1.0/TXRX_Servos/TXRX_Servos.srcs/sources_1/new/PMW_Controller.vhd:69]
WARNING: [Synth 8-614] signal 'aux2' is read in the process but is not in the sensitivity list [C:/Users/gorka/Downloads/Byte_Hand-1.0/Serial-Basys3-1.0/TXRX_Servos/TXRX_Servos.srcs/sources_1/new/PMW_Controller.vhd:69]
INFO: [Synth 8-256] done synthesizing module 'PWM_controller' (9#1) [C:/Users/gorka/Downloads/Byte_Hand-1.0/Serial-Basys3-1.0/TXRX_Servos/TXRX_Servos.srcs/sources_1/new/PMW_Controller.vhd:43]
INFO: [Synth 8-3491] module 'PWM_controller' declared at 'C:/Users/gorka/Downloads/Byte_Hand-1.0/Serial-Basys3-1.0/TXRX_Servos/TXRX_Servos.srcs/sources_1/new/PMW_Controller.vhd:36' bound to instance 'B_HAND' of component 'PWM_controller' [C:/Users/gorka/Downloads/Byte_Hand-1.0/Serial-Basys3-1.0/TXRX_Servos/TXRX_Servos.srcs/sources_1/new/top.vhd:198]
INFO: [Synth 8-3491] module 'PWM_controller' declared at 'C:/Users/gorka/Downloads/Byte_Hand-1.0/Serial-Basys3-1.0/TXRX_Servos/TXRX_Servos.srcs/sources_1/new/PMW_Controller.vhd:36' bound to instance 'C_HAND' of component 'PWM_controller' [C:/Users/gorka/Downloads/Byte_Hand-1.0/Serial-Basys3-1.0/TXRX_Servos/TXRX_Servos.srcs/sources_1/new/top.vhd:203]
INFO: [Synth 8-3491] module 'PWM_controller' declared at 'C:/Users/gorka/Downloads/Byte_Hand-1.0/Serial-Basys3-1.0/TXRX_Servos/TXRX_Servos.srcs/sources_1/new/PMW_Controller.vhd:36' bound to instance 'D_HAND' of component 'PWM_controller' [C:/Users/gorka/Downloads/Byte_Hand-1.0/Serial-Basys3-1.0/TXRX_Servos/TXRX_Servos.srcs/sources_1/new/top.vhd:208]
INFO: [Synth 8-3491] module 'PWM_controller' declared at 'C:/Users/gorka/Downloads/Byte_Hand-1.0/Serial-Basys3-1.0/TXRX_Servos/TXRX_Servos.srcs/sources_1/new/PMW_Controller.vhd:36' bound to instance 'E_HAND' of component 'PWM_controller' [C:/Users/gorka/Downloads/Byte_Hand-1.0/Serial-Basys3-1.0/TXRX_Servos/TXRX_Servos.srcs/sources_1/new/top.vhd:213]
INFO: [Synth 8-3491] module 'PWM_controller' declared at 'C:/Users/gorka/Downloads/Byte_Hand-1.0/Serial-Basys3-1.0/TXRX_Servos/TXRX_Servos.srcs/sources_1/new/PMW_Controller.vhd:36' bound to instance 'F_HAND' of component 'PWM_controller' [C:/Users/gorka/Downloads/Byte_Hand-1.0/Serial-Basys3-1.0/TXRX_Servos/TXRX_Servos.srcs/sources_1/new/top.vhd:218]
INFO: [Synth 8-3491] module 'PWM_controller' declared at 'C:/Users/gorka/Downloads/Byte_Hand-1.0/Serial-Basys3-1.0/TXRX_Servos/TXRX_Servos.srcs/sources_1/new/PMW_Controller.vhd:36' bound to instance 'G_HAND' of component 'PWM_controller' [C:/Users/gorka/Downloads/Byte_Hand-1.0/Serial-Basys3-1.0/TXRX_Servos/TXRX_Servos.srcs/sources_1/new/top.vhd:223]
INFO: [Synth 8-3491] module 'PWM_controller' declared at 'C:/Users/gorka/Downloads/Byte_Hand-1.0/Serial-Basys3-1.0/TXRX_Servos/TXRX_Servos.srcs/sources_1/new/PMW_Controller.vhd:36' bound to instance 'H_HAND' of component 'PWM_controller' [C:/Users/gorka/Downloads/Byte_Hand-1.0/Serial-Basys3-1.0/TXRX_Servos/TXRX_Servos.srcs/sources_1/new/top.vhd:228]
INFO: [Synth 8-3491] module 'PWM_controller' declared at 'C:/Users/gorka/Downloads/Byte_Hand-1.0/Serial-Basys3-1.0/TXRX_Servos/TXRX_Servos.srcs/sources_1/new/PMW_Controller.vhd:36' bound to instance 'I_HAND' of component 'PWM_controller' [C:/Users/gorka/Downloads/Byte_Hand-1.0/Serial-Basys3-1.0/TXRX_Servos/TXRX_Servos.srcs/sources_1/new/top.vhd:233]
INFO: [Synth 8-3491] module 'PWM_controller' declared at 'C:/Users/gorka/Downloads/Byte_Hand-1.0/Serial-Basys3-1.0/TXRX_Servos/TXRX_Servos.srcs/sources_1/new/PMW_Controller.vhd:36' bound to instance 'J_HAND' of component 'PWM_controller' [C:/Users/gorka/Downloads/Byte_Hand-1.0/Serial-Basys3-1.0/TXRX_Servos/TXRX_Servos.srcs/sources_1/new/top.vhd:238]
INFO: [Synth 8-256] done synthesizing module 'top' (10#1) [C:/Users/gorka/Downloads/Byte_Hand-1.0/Serial-Basys3-1.0/TXRX_Servos/TXRX_Servos.srcs/sources_1/new/top.vhd:60]
WARNING: [Synth 8-3331] design PWM_controller has unconnected port clk
WARNING: [Synth 8-3331] design display7 has unconnected port clk
WARNING: [Synth 8-3331] design divisor_display has unconnected port ehuneko[7]
WARNING: [Synth 8-3331] design divisor_display has unconnected port ehuneko[6]
WARNING: [Synth 8-3331] design divisor_display has unconnected port ehuneko[5]
WARNING: [Synth 8-3331] design divisor_display has unconnected port ehuneko[4]
WARNING: [Synth 8-3331] design divisor_display has unconnected port ehuneko[3]
WARNING: [Synth 8-3331] design divisor_display has unconnected port ehuneko[2]
WARNING: [Synth 8-3331] design divisor_display has unconnected port ehuneko[1]
WARNING: [Synth 8-3331] design divisor_display has unconnected port ehuneko[0]
WARNING: [Synth 8-3331] design divisor_display has unconnected port clk
---------------------------------------------------------------------------------
Finished RTL Elaboration : Time (s): cpu = 00:00:04 ; elapsed = 00:00:04 . Memory (MB): peak = 1287.844 ; gain = 0.000
---------------------------------------------------------------------------------

Report Check Netlist: 
+------+------------------+-------+---------+-------+------------------+
|      |Item              |Errors |Warnings |Status |Description       |
+------+------------------+-------+---------+-------+------------------+
|1     |multi_driven_nets |      0|        0|Passed |Multi driven nets |
+------+------------------+-------+---------+-------+------------------+
---------------------------------------------------------------------------------
Finished RTL Optimization Phase 1 : Time (s): cpu = 00:00:04 ; elapsed = 00:00:04 . Memory (MB): peak = 1287.844 ; gain = 0.000
---------------------------------------------------------------------------------
INFO: [Netlist 29-17] Analyzing 24 Unisim elements for replacement
INFO: [Netlist 29-28] Unisim Transformation completed in 0 CPU seconds
INFO: [Project 1-570] Preparing netlist for logic optimization

Processing XDC Constraints
Initializing timing engine
Parsing XDC File [C:/Users/gorka/Downloads/Byte_Hand-1.0/Serial-Basys3-1.0/TXRX_Servos/TXRX_Servos.srcs/constrs_1/imports/Sistema Logiko Programagarriak/Basys3_Master.xdc]
Finished Parsing XDC File [C:/Users/gorka/Downloads/Byte_Hand-1.0/Serial-Basys3-1.0/TXRX_Servos/TXRX_Servos.srcs/constrs_1/imports/Sistema Logiko Programagarriak/Basys3_Master.xdc]
Completed Processing XDC Constraints

INFO: [Opt 31-140] Inserted 2 IBUFs to IO ports without IO buffers.
INFO: [Opt 31-138] Pushed 0 inverter(s) to 0 load pin(s).
refresh_design: Time (s): cpu = 00:00:15 ; elapsed = 00:00:12 . Memory (MB): peak = 1328.836 ; gain = 40.992
reset_run synth_1
launch_runs impl_1 -to_step write_bitstream -jobs 2
[Wed Jan 27 20:02:39 2021] Launched synth_1...
Run output will be captured here: C:/Users/gorka/Downloads/Byte_Hand-1.0/Serial-Basys3-1.0/TXRX_Servos/TXRX_Servos.runs/synth_1/runme.log
[Wed Jan 27 20:02:39 2021] Launched impl_1...
Run output will be captured here: C:/Users/gorka/Downloads/Byte_Hand-1.0/Serial-Basys3-1.0/TXRX_Servos/TXRX_Servos.runs/impl_1/runme.log
open_hw
exit
INFO: [Common 17-206] Exiting Vivado at Wed Jan 27 20:05:03 2021...
